{"C:\\Users\\Nima\\Desktop\\CPEN321\\CPEN-321\\app.js": {"path":"C:\\Users\\Nima\\Desktop\\CPEN321\\CPEN-321\\app.js","statementMap":{"0":{"start":{"line":17,"column":16},"end":{"line":17,"column":34}},"1":{"start":{"line":18,"column":16},"end":{"line":18,"column":42}},"2":{"start":{"line":19,"column":19},"end":{"line":19,"column":41}},"3":{"start":{"line":20,"column":15},"end":{"line":20,"column":32}},"4":{"start":{"line":21,"column":14},"end":{"line":21,"column":30}},"5":{"start":{"line":22,"column":21},"end":{"line":22,"column":44}},"6":{"start":{"line":23,"column":15},"end":{"line":23,"column":32}},"7":{"start":{"line":24,"column":19},"end":{"line":24,"column":52}},"8":{"start":{"line":25,"column":14},"end":{"line":25,"column":38}},"9":{"start":{"line":26,"column":13},"end":{"line":26,"column":28}},"10":{"start":{"line":27,"column":17},"end":{"line":27,"column":36}},"11":{"start":{"line":28,"column":29},"end":{"line":28,"column":62}},"12":{"start":{"line":30,"column":12},"end":{"line":30,"column":21}},"13":{"start":{"line":31,"column":13},"end":{"line":31,"column":28}},"14":{"start":{"line":33,"column":15},"end":{"line":33,"column":37}},"15":{"start":{"line":34,"column":11},"end":{"line":34,"column":46}},"16":{"start":{"line":38,"column":0},"end":{"line":38,"column":40}},"17":{"start":{"line":45,"column":0},"end":{"line":45,"column":51}},"18":{"start":{"line":46,"column":0},"end":{"line":46,"column":27}},"19":{"start":{"line":50,"column":0},"end":{"line":50,"column":39}},"20":{"start":{"line":51,"column":0},"end":{"line":51,"column":37}},"21":{"start":{"line":52,"column":0},"end":{"line":52,"column":38}},"22":{"start":{"line":53,"column":0},"end":{"line":53,"column":41}},"23":{"start":{"line":55,"column":0},"end":{"line":55,"column":42}},"24":{"start":{"line":57,"column":0},"end":{"line":61,"column":3}},"25":{"start":{"line":58,"column":2},"end":{"line":58,"column":21}},"26":{"start":{"line":59,"column":2},"end":{"line":59,"column":110}},"27":{"start":{"line":60,"column":2},"end":{"line":60,"column":17}},"28":{"start":{"line":62,"column":0},"end":{"line":62,"column":102}},"29":{"start":{"line":66,"column":0},"end":{"line":66,"column":62}},"30":{"start":{"line":67,"column":0},"end":{"line":67,"column":79}},"31":{"start":{"line":68,"column":0},"end":{"line":68,"column":48}},"32":{"start":{"line":71,"column":0},"end":{"line":71,"column":30}},"33":{"start":{"line":72,"column":0},"end":{"line":72,"column":32}},"34":{"start":{"line":74,"column":0},"end":{"line":74,"column":23}},"35":{"start":{"line":77,"column":0},"end":{"line":86,"column":4}},"36":{"start":{"line":92,"column":0},"end":{"line":92,"column":17}},"37":{"start":{"line":94,"column":0},"end":{"line":94,"column":86}},"38":{"start":{"line":97,"column":13},"end":{"line":97,"column":40}},"39":{"start":{"line":100,"column":0},"end":{"line":110,"column":3}},"40":{"start":{"line":101,"column":14},"end":{"line":101,"column":16}},"41":{"start":{"line":102,"column":14},"end":{"line":102,"column":16}},"42":{"start":{"line":103,"column":16},"end":{"line":103,"column":37}},"43":{"start":{"line":104,"column":2},"end":{"line":107,"column":5}},"44":{"start":{"line":105,"column":4},"end":{"line":105,"column":42}},"45":{"start":{"line":106,"column":4},"end":{"line":106,"column":42}},"46":{"start":{"line":108,"column":2},"end":{"line":108,"column":24}},"47":{"start":{"line":109,"column":2},"end":{"line":109,"column":36}},"48":{"start":{"line":118,"column":0},"end":{"line":118,"column":43}},"49":{"start":{"line":122,"column":0},"end":{"line":122,"column":45}},"50":{"start":{"line":126,"column":0},"end":{"line":126,"column":45}},"51":{"start":{"line":130,"column":0},"end":{"line":130,"column":51}},"52":{"start":{"line":134,"column":13},"end":{"line":134,"column":49}},"53":{"start":{"line":139,"column":0},"end":{"line":146,"column":1}},"54":{"start":{"line":141,"column":2},"end":{"line":141,"column":26}},"55":{"start":{"line":143,"column":2},"end":{"line":145,"column":5}},"56":{"start":{"line":144,"column":4},"end":{"line":144,"column":41}},"57":{"start":{"line":150,"column":0},"end":{"line":177,"column":3}},"58":{"start":{"line":151,"column":2},"end":{"line":151,"column":32}},"59":{"start":{"line":153,"column":2},"end":{"line":157,"column":5}},"60":{"start":{"line":154,"column":4},"end":{"line":154,"column":58}},"61":{"start":{"line":156,"column":4},"end":{"line":156,"column":89}},"62":{"start":{"line":159,"column":2},"end":{"line":167,"column":5}},"63":{"start":{"line":160,"column":4},"end":{"line":160,"column":81}},"64":{"start":{"line":161,"column":20},"end":{"line":165,"column":5}},"65":{"start":{"line":166,"column":4},"end":{"line":166,"column":32}},"66":{"start":{"line":169,"column":2},"end":{"line":173,"column":5}},"67":{"start":{"line":170,"column":4},"end":{"line":170,"column":39}},"68":{"start":{"line":172,"column":4},"end":{"line":172,"column":71}},"69":{"start":{"line":174,"column":2},"end":{"line":176,"column":5}},"70":{"start":{"line":179,"column":0},"end":{"line":179,"column":117}},"71":{"start":{"line":179,"column":28},"end":{"line":179,"column":113}},"72":{"start":{"line":184,"column":0},"end":{"line":187,"column":3}},"73":{"start":{"line":185,"column":2},"end":{"line":185,"column":134}},"74":{"start":{"line":186,"column":2},"end":{"line":186,"column":42}},"75":{"start":{"line":189,"column":0},"end":{"line":189,"column":21}}},"fnMap":{"0":{"name":"(anonymous_0)","decl":{"start":{"line":57,"column":32},"end":{"line":57,"column":33}},"loc":{"start":{"line":57,"column":41},"end":{"line":61,"column":1}},"line":57},"1":{"name":"(anonymous_1)","decl":{"start":{"line":100,"column":13},"end":{"line":100,"column":14}},"loc":{"start":{"line":100,"column":33},"end":{"line":110,"column":1}},"line":100},"2":{"name":"(anonymous_2)","decl":{"start":{"line":104,"column":22},"end":{"line":104,"column":23}},"loc":{"start":{"line":104,"column":32},"end":{"line":107,"column":3}},"line":104},"3":{"name":"(anonymous_3)","decl":{"start":{"line":143,"column":10},"end":{"line":143,"column":11}},"loc":{"start":{"line":143,"column":35},"end":{"line":145,"column":3}},"line":143},"4":{"name":"(anonymous_4)","decl":{"start":{"line":150,"column":20},"end":{"line":150,"column":21}},"loc":{"start":{"line":150,"column":32},"end":{"line":177,"column":1}},"line":150},"5":{"name":"(anonymous_5)","decl":{"start":{"line":153,"column":20},"end":{"line":153,"column":21}},"loc":{"start":{"line":153,"column":38},"end":{"line":157,"column":3}},"line":153},"6":{"name":"(anonymous_6)","decl":{"start":{"line":159,"column":32},"end":{"line":159,"column":33}},"loc":{"start":{"line":159,"column":82},"end":{"line":167,"column":3}},"line":159},"7":{"name":"(anonymous_7)","decl":{"start":{"line":169,"column":31},"end":{"line":169,"column":32}},"loc":{"start":{"line":169,"column":53},"end":{"line":173,"column":3}},"line":169},"8":{"name":"(anonymous_8)","decl":{"start":{"line":174,"column":26},"end":{"line":174,"column":27}},"loc":{"start":{"line":174,"column":32},"end":{"line":176,"column":3}},"line":174},"9":{"name":"(anonymous_9)","decl":{"start":{"line":179,"column":20},"end":{"line":179,"column":21}},"loc":{"start":{"line":179,"column":26},"end":{"line":179,"column":115}},"line":179},"10":{"name":"(anonymous_10)","decl":{"start":{"line":184,"column":28},"end":{"line":184,"column":29}},"loc":{"start":{"line":184,"column":34},"end":{"line":187,"column":1}},"line":184}},"branchMap":{"0":{"loc":{"start":{"line":66,"column":16},"end":{"line":66,"column":60}},"type":"binary-expr","locations":[{"start":{"line":66,"column":16},"end":{"line":66,"column":47}},{"start":{"line":66,"column":51},"end":{"line":66,"column":60}}],"line":66},"1":{"loc":{"start":{"line":67,"column":16},"end":{"line":67,"column":77}},"type":"binary-expr","locations":[{"start":{"line":67,"column":16},"end":{"line":67,"column":32}},{"start":{"line":67,"column":36},"end":{"line":67,"column":69}},{"start":{"line":67,"column":73},"end":{"line":67,"column":77}}],"line":67},"2":{"loc":{"start":{"line":139,"column":0},"end":{"line":146,"column":1}},"type":"if","locations":[{"start":{"line":139,"column":0},"end":{"line":146,"column":1}},{"start":{"line":139,"column":0},"end":{"line":146,"column":1}}],"line":139}},"s":{"0":1,"1":1,"2":1,"3":1,"4":1,"5":1,"6":1,"7":1,"8":1,"9":1,"10":1,"11":1,"12":1,"13":1,"14":1,"15":1,"16":1,"17":1,"18":1,"19":1,"20":1,"21":1,"22":1,"23":1,"24":1,"25":0,"26":0,"27":0,"28":1,"29":1,"30":1,"31":1,"32":1,"33":1,"34":1,"35":1,"36":1,"37":1,"38":1,"39":1,"40":0,"41":0,"42":0,"43":0,"44":0,"45":0,"46":0,"47":0,"48":1,"49":1,"50":1,"51":1,"52":1,"53":1,"54":0,"55":1,"56":0,"57":1,"58":0,"59":0,"60":0,"61":0,"62":0,"63":0,"64":0,"65":0,"66":0,"67":0,"68":0,"69":0,"70":1,"71":1,"72":1,"73":1,"74":1,"75":1},"f":{"0":0,"1":0,"2":0,"3":0,"4":0,"5":0,"6":0,"7":0,"8":0,"9":1,"10":1},"b":{"0":[1,1],"1":[1,1,1],"2":[0,1]},"_coverageSchema":"43e27e138ebf9cfc5966b082cf9a028302ed4184","hash":"a4b631d2ca11f7daab607eec21120b5e292ed747"}
,"C:\\Users\\Nima\\Desktop\\CPEN321\\CPEN-321\\config\\index.js": {"path":"C:\\Users\\Nima\\Desktop\\CPEN321\\CPEN-321\\config\\index.js","statementMap":{"0":{"start":{"line":1,"column":0},"end":{"line":9,"column":2}}},"fnMap":{},"branchMap":{},"s":{"0":1},"f":{},"b":{},"_coverageSchema":"43e27e138ebf9cfc5966b082cf9a028302ed4184","hash":"923a02f33b54d3761f11e71b5d7db12554ec4880"}
,"C:\\Users\\Nima\\Desktop\\CPEN321\\CPEN-321\\config\\passport.js": {"path":"C:\\Users\\Nima\\Desktop\\CPEN321\\CPEN-321\\config\\passport.js","statementMap":{"0":{"start":{"line":8,"column":17},"end":{"line":8,"column":36}},"1":{"start":{"line":9,"column":20},"end":{"line":9,"column":52}},"2":{"start":{"line":10,"column":23},"end":{"line":10,"column":46}},"3":{"start":{"line":12,"column":15},"end":{"line":12,"column":33}},"4":{"start":{"line":13,"column":23},"end":{"line":13,"column":41}},"5":{"start":{"line":14,"column":13},"end":{"line":14,"column":41}},"6":{"start":{"line":17,"column":0},"end":{"line":33,"column":4}},"7":{"start":{"line":21,"column":2},"end":{"line":32,"column":3}},"8":{"start":{"line":23,"column":17},"end":{"line":23,"column":49}},"9":{"start":{"line":24,"column":4},"end":{"line":26,"column":5}},"10":{"start":{"line":25,"column":6},"end":{"line":25,"column":31}},"11":{"start":{"line":29,"column":4},"end":{"line":29,"column":21}},"12":{"start":{"line":31,"column":4},"end":{"line":31,"column":23}}},"fnMap":{"0":{"name":"(anonymous_0)","decl":{"start":{"line":20,"column":3},"end":{"line":20,"column":4}},"loc":{"start":{"line":20,"column":28},"end":{"line":33,"column":1}},"line":20}},"branchMap":{"0":{"loc":{"start":{"line":24,"column":4},"end":{"line":26,"column":5}},"type":"if","locations":[{"start":{"line":24,"column":4},"end":{"line":26,"column":5}},{"start":{"line":24,"column":4},"end":{"line":26,"column":5}}],"line":24}},"s":{"0":1,"1":1,"2":1,"3":1,"4":1,"5":1,"6":1,"7":0,"8":0,"9":0,"10":0,"11":0,"12":0},"f":{"0":0},"b":{"0":[0,0]},"_coverageSchema":"43e27e138ebf9cfc5966b082cf9a028302ed4184","hash":"778defed5c71a1e1cc081aad7451a251e6062b44"}
,"C:\\Users\\Nima\\Desktop\\CPEN321\\CPEN-321\\controllers\\calendar.js": {"path":"C:\\Users\\Nima\\Desktop\\CPEN321\\CPEN-321\\controllers\\calendar.js","statementMap":{"0":{"start":{"line":5,"column":17},"end":{"line":5,"column":49}},"1":{"start":{"line":6,"column":14},"end":{"line":6,"column":43}},"2":{"start":{"line":12,"column":0},"end":{"line":17,"column":2}},"3":{"start":{"line":13,"column":2},"end":{"line":16,"column":5}},"4":{"start":{"line":14,"column":4},"end":{"line":14,"column":60}},"5":{"start":{"line":14,"column":15},"end":{"line":14,"column":58}},"6":{"start":{"line":15,"column":4},"end":{"line":15,"column":43}},"7":{"start":{"line":23,"column":0},"end":{"line":39,"column":2}},"8":{"start":{"line":24,"column":2},"end":{"line":38,"column":5}},"9":{"start":{"line":25,"column":4},"end":{"line":25,"column":36}},"10":{"start":{"line":25,"column":13},"end":{"line":25,"column":36}},"11":{"start":{"line":26,"column":4},"end":{"line":37,"column":7}},"12":{"start":{"line":27,"column":6},"end":{"line":27,"column":38}},"13":{"start":{"line":27,"column":15},"end":{"line":27,"column":38}},"14":{"start":{"line":28,"column":6},"end":{"line":30,"column":7}},"15":{"start":{"line":29,"column":8},"end":{"line":29,"column":67}},"16":{"start":{"line":32,"column":6},"end":{"line":36,"column":11}},"17":{"start":{"line":34,"column":10},"end":{"line":34,"column":66}},"18":{"start":{"line":34,"column":21},"end":{"line":34,"column":64}},"19":{"start":{"line":35,"column":10},"end":{"line":35,"column":40}},"20":{"start":{"line":47,"column":0},"end":{"line":62,"column":2}},"21":{"start":{"line":48,"column":2},"end":{"line":50,"column":3}},"22":{"start":{"line":49,"column":4},"end":{"line":49,"column":54}},"23":{"start":{"line":51,"column":2},"end":{"line":61,"column":5}},"24":{"start":{"line":52,"column":4},"end":{"line":60,"column":7}},"25":{"start":{"line":53,"column":6},"end":{"line":59,"column":9}},"26":{"start":{"line":54,"column":8},"end":{"line":54,"column":40}},"27":{"start":{"line":54,"column":17},"end":{"line":54,"column":40}},"28":{"start":{"line":55,"column":8},"end":{"line":58,"column":9}},"29":{"start":{"line":57,"column":10},"end":{"line":57,"column":44}},"30":{"start":{"line":68,"column":0},"end":{"line":84,"column":2}},"31":{"start":{"line":69,"column":2},"end":{"line":83,"column":5}},"32":{"start":{"line":70,"column":4},"end":{"line":70,"column":40}},"33":{"start":{"line":70,"column":15},"end":{"line":70,"column":38}},"34":{"start":{"line":71,"column":4},"end":{"line":82,"column":5}},"35":{"start":{"line":72,"column":6},"end":{"line":79,"column":11}},"36":{"start":{"line":74,"column":10},"end":{"line":74,"column":38}},"37":{"start":{"line":77,"column":10},"end":{"line":77,"column":56}},"38":{"start":{"line":78,"column":10},"end":{"line":78,"column":29}},"39":{"start":{"line":81,"column":6},"end":{"line":81,"column":82}},"40":{"start":{"line":91,"column":0},"end":{"line":107,"column":2}},"41":{"start":{"line":92,"column":2},"end":{"line":106,"column":5}},"42":{"start":{"line":93,"column":4},"end":{"line":95,"column":5}},"43":{"start":{"line":94,"column":6},"end":{"line":94,"column":39}},"44":{"start":{"line":96,"column":4},"end":{"line":98,"column":5}},"45":{"start":{"line":97,"column":6},"end":{"line":97,"column":57}},"46":{"start":{"line":99,"column":4},"end":{"line":105,"column":7}},"47":{"start":{"line":100,"column":6},"end":{"line":100,"column":26}},"48":{"start":{"line":101,"column":6},"end":{"line":101,"column":42}},"49":{"start":{"line":103,"column":6},"end":{"line":103,"column":23}},"50":{"start":{"line":104,"column":6},"end":{"line":104,"column":39}},"51":{"start":{"line":113,"column":0},"end":{"line":122,"column":2}},"52":{"start":{"line":114,"column":19},"end":{"line":117,"column":4}},"53":{"start":{"line":118,"column":2},"end":{"line":121,"column":5}},"54":{"start":{"line":119,"column":4},"end":{"line":119,"column":69}},"55":{"start":{"line":119,"column":15},"end":{"line":119,"column":67}},"56":{"start":{"line":120,"column":4},"end":{"line":120,"column":42}},"57":{"start":{"line":129,"column":0},"end":{"line":154,"column":2}},"58":{"start":{"line":131,"column":23},"end":{"line":138,"column":4}},"59":{"start":{"line":132,"column":4},"end":{"line":134,"column":5}},"60":{"start":{"line":133,"column":6},"end":{"line":133,"column":39}},"61":{"start":{"line":135,"column":4},"end":{"line":137,"column":5}},"62":{"start":{"line":136,"column":6},"end":{"line":136,"column":56}},"63":{"start":{"line":139,"column":21},"end":{"line":146,"column":4}},"64":{"start":{"line":140,"column":4},"end":{"line":142,"column":5}},"65":{"start":{"line":141,"column":6},"end":{"line":141,"column":39}},"66":{"start":{"line":143,"column":4},"end":{"line":145,"column":5}},"67":{"start":{"line":144,"column":6},"end":{"line":144,"column":56}},"68":{"start":{"line":147,"column":2},"end":{"line":153,"column":5}},"69":{"start":{"line":148,"column":4},"end":{"line":148,"column":24}},"70":{"start":{"line":149,"column":4},"end":{"line":149,"column":40}},"71":{"start":{"line":151,"column":4},"end":{"line":151,"column":21}},"72":{"start":{"line":152,"column":4},"end":{"line":152,"column":37}},"73":{"start":{"line":161,"column":0},"end":{"line":161,"column":76}},"74":{"start":{"line":161,"column":36},"end":{"line":161,"column":75}}},"fnMap":{"0":{"name":"(anonymous_0)","decl":{"start":{"line":12,"column":22},"end":{"line":12,"column":23}},"loc":{"start":{"line":12,"column":36},"end":{"line":17,"column":1}},"line":12},"1":{"name":"(anonymous_1)","decl":{"start":{"line":13,"column":43},"end":{"line":13,"column":44}},"loc":{"start":{"line":13,"column":70},"end":{"line":16,"column":3}},"line":13},"2":{"name":"(anonymous_2)","decl":{"start":{"line":23,"column":19},"end":{"line":23,"column":20}},"loc":{"start":{"line":23,"column":33},"end":{"line":39,"column":1}},"line":23},"3":{"name":"(anonymous_3)","decl":{"start":{"line":24,"column":41},"end":{"line":24,"column":42}},"loc":{"start":{"line":24,"column":68},"end":{"line":38,"column":3}},"line":24},"4":{"name":"(anonymous_4)","decl":{"start":{"line":26,"column":37},"end":{"line":26,"column":38}},"loc":{"start":{"line":26,"column":59},"end":{"line":37,"column":5}},"line":26},"5":{"name":"(anonymous_5)","decl":{"start":{"line":33,"column":71},"end":{"line":33,"column":72}},"loc":{"start":{"line":33,"column":89},"end":{"line":36,"column":9}},"line":33},"6":{"name":"(anonymous_6)","decl":{"start":{"line":47,"column":30},"end":{"line":47,"column":31}},"loc":{"start":{"line":47,"column":44},"end":{"line":62,"column":1}},"line":47},"7":{"name":"(anonymous_7)","decl":{"start":{"line":51,"column":43},"end":{"line":51,"column":44}},"loc":{"start":{"line":51,"column":70},"end":{"line":61,"column":3}},"line":51},"8":{"name":"(anonymous_8)","decl":{"start":{"line":52,"column":44},"end":{"line":52,"column":45}},"loc":{"start":{"line":52,"column":57},"end":{"line":60,"column":5}},"line":52},"9":{"name":"(anonymous_9)","decl":{"start":{"line":53,"column":30},"end":{"line":53,"column":31}},"loc":{"start":{"line":53,"column":52},"end":{"line":59,"column":7}},"line":53},"10":{"name":"(anonymous_10)","decl":{"start":{"line":68,"column":31},"end":{"line":68,"column":32}},"loc":{"start":{"line":68,"column":51},"end":{"line":84,"column":1}},"line":68},"11":{"name":"(anonymous_11)","decl":{"start":{"line":69,"column":43},"end":{"line":69,"column":44}},"loc":{"start":{"line":69,"column":70},"end":{"line":83,"column":3}},"line":69},"12":{"name":"(anonymous_12)","decl":{"start":{"line":73,"column":14},"end":{"line":73,"column":15}},"loc":{"start":{"line":73,"column":25},"end":{"line":75,"column":9}},"line":73},"13":{"name":"(anonymous_13)","decl":{"start":{"line":76,"column":15},"end":{"line":76,"column":16}},"loc":{"start":{"line":76,"column":24},"end":{"line":79,"column":9}},"line":76},"14":{"name":"(anonymous_14)","decl":{"start":{"line":91,"column":25},"end":{"line":91,"column":26}},"loc":{"start":{"line":91,"column":39},"end":{"line":107,"column":1}},"line":91},"15":{"name":"(anonymous_15)","decl":{"start":{"line":92,"column":43},"end":{"line":92,"column":44}},"loc":{"start":{"line":92,"column":62},"end":{"line":106,"column":3}},"line":92},"16":{"name":"(anonymous_16)","decl":{"start":{"line":99,"column":35},"end":{"line":99,"column":36}},"loc":{"start":{"line":99,"column":47},"end":{"line":102,"column":5}},"line":99},"17":{"name":"(anonymous_17)","decl":{"start":{"line":102,"column":7},"end":{"line":102,"column":8}},"loc":{"start":{"line":102,"column":16},"end":{"line":105,"column":5}},"line":102},"18":{"name":"(anonymous_18)","decl":{"start":{"line":113,"column":25},"end":{"line":113,"column":26}},"loc":{"start":{"line":113,"column":39},"end":{"line":122,"column":1}},"line":113},"19":{"name":"(anonymous_19)","decl":{"start":{"line":118,"column":16},"end":{"line":118,"column":17}},"loc":{"start":{"line":118,"column":42},"end":{"line":121,"column":3}},"line":118},"20":{"name":"(anonymous_20)","decl":{"start":{"line":129,"column":26},"end":{"line":129,"column":27}},"loc":{"start":{"line":129,"column":46},"end":{"line":154,"column":1}},"line":129},"21":{"name":"(anonymous_21)","decl":{"start":{"line":131,"column":68},"end":{"line":131,"column":69}},"loc":{"start":{"line":131,"column":87},"end":{"line":138,"column":3}},"line":131},"22":{"name":"(anonymous_22)","decl":{"start":{"line":139,"column":68},"end":{"line":139,"column":69}},"loc":{"start":{"line":139,"column":87},"end":{"line":146,"column":3}},"line":139},"23":{"name":"(anonymous_23)","decl":{"start":{"line":147,"column":76},"end":{"line":147,"column":77}},"loc":{"start":{"line":147,"column":88},"end":{"line":150,"column":3}},"line":147},"24":{"name":"(anonymous_24)","decl":{"start":{"line":150,"column":5},"end":{"line":150,"column":6}},"loc":{"start":{"line":150,"column":14},"end":{"line":153,"column":3}},"line":150},"25":{"name":"(anonymous_25)","decl":{"start":{"line":161,"column":22},"end":{"line":161,"column":23}},"loc":{"start":{"line":161,"column":36},"end":{"line":161,"column":75}},"line":161}},"branchMap":{"0":{"loc":{"start":{"line":14,"column":4},"end":{"line":14,"column":60}},"type":"if","locations":[{"start":{"line":14,"column":4},"end":{"line":14,"column":60}},{"start":{"line":14,"column":4},"end":{"line":14,"column":60}}],"line":14},"1":{"loc":{"start":{"line":25,"column":4},"end":{"line":25,"column":36}},"type":"if","locations":[{"start":{"line":25,"column":4},"end":{"line":25,"column":36}},{"start":{"line":25,"column":4},"end":{"line":25,"column":36}}],"line":25},"2":{"loc":{"start":{"line":27,"column":6},"end":{"line":27,"column":38}},"type":"if","locations":[{"start":{"line":27,"column":6},"end":{"line":27,"column":38}},{"start":{"line":27,"column":6},"end":{"line":27,"column":38}}],"line":27},"3":{"loc":{"start":{"line":28,"column":6},"end":{"line":30,"column":7}},"type":"if","locations":[{"start":{"line":28,"column":6},"end":{"line":30,"column":7}},{"start":{"line":28,"column":6},"end":{"line":30,"column":7}}],"line":28},"4":{"loc":{"start":{"line":34,"column":10},"end":{"line":34,"column":66}},"type":"if","locations":[{"start":{"line":34,"column":10},"end":{"line":34,"column":66}},{"start":{"line":34,"column":10},"end":{"line":34,"column":66}}],"line":34},"5":{"loc":{"start":{"line":48,"column":2},"end":{"line":50,"column":3}},"type":"if","locations":[{"start":{"line":48,"column":2},"end":{"line":50,"column":3}},{"start":{"line":48,"column":2},"end":{"line":50,"column":3}}],"line":48},"6":{"loc":{"start":{"line":48,"column":8},"end":{"line":48,"column":70}},"type":"binary-expr","locations":[{"start":{"line":48,"column":8},"end":{"line":48,"column":38}},{"start":{"line":48,"column":42},"end":{"line":48,"column":70}}],"line":48},"7":{"loc":{"start":{"line":54,"column":8},"end":{"line":54,"column":40}},"type":"if","locations":[{"start":{"line":54,"column":8},"end":{"line":54,"column":40}},{"start":{"line":54,"column":8},"end":{"line":54,"column":40}}],"line":54},"8":{"loc":{"start":{"line":55,"column":8},"end":{"line":58,"column":9}},"type":"if","locations":[{"start":{"line":55,"column":8},"end":{"line":58,"column":9}},{"start":{"line":55,"column":8},"end":{"line":58,"column":9}}],"line":55},"9":{"loc":{"start":{"line":70,"column":4},"end":{"line":70,"column":40}},"type":"if","locations":[{"start":{"line":70,"column":4},"end":{"line":70,"column":40}},{"start":{"line":70,"column":4},"end":{"line":70,"column":40}}],"line":70},"10":{"loc":{"start":{"line":71,"column":4},"end":{"line":82,"column":5}},"type":"if","locations":[{"start":{"line":71,"column":4},"end":{"line":82,"column":5}},{"start":{"line":71,"column":4},"end":{"line":82,"column":5}}],"line":71},"11":{"loc":{"start":{"line":93,"column":4},"end":{"line":95,"column":5}},"type":"if","locations":[{"start":{"line":93,"column":4},"end":{"line":95,"column":5}},{"start":{"line":93,"column":4},"end":{"line":95,"column":5}}],"line":93},"12":{"loc":{"start":{"line":96,"column":4},"end":{"line":98,"column":5}},"type":"if","locations":[{"start":{"line":96,"column":4},"end":{"line":98,"column":5}},{"start":{"line":96,"column":4},"end":{"line":98,"column":5}}],"line":96},"13":{"loc":{"start":{"line":119,"column":4},"end":{"line":119,"column":69}},"type":"if","locations":[{"start":{"line":119,"column":4},"end":{"line":119,"column":69}},{"start":{"line":119,"column":4},"end":{"line":119,"column":69}}],"line":119},"14":{"loc":{"start":{"line":132,"column":4},"end":{"line":134,"column":5}},"type":"if","locations":[{"start":{"line":132,"column":4},"end":{"line":134,"column":5}},{"start":{"line":132,"column":4},"end":{"line":134,"column":5}}],"line":132},"15":{"loc":{"start":{"line":135,"column":4},"end":{"line":137,"column":5}},"type":"if","locations":[{"start":{"line":135,"column":4},"end":{"line":137,"column":5}},{"start":{"line":135,"column":4},"end":{"line":137,"column":5}}],"line":135},"16":{"loc":{"start":{"line":140,"column":4},"end":{"line":142,"column":5}},"type":"if","locations":[{"start":{"line":140,"column":4},"end":{"line":142,"column":5}},{"start":{"line":140,"column":4},"end":{"line":142,"column":5}}],"line":140},"17":{"loc":{"start":{"line":143,"column":4},"end":{"line":145,"column":5}},"type":"if","locations":[{"start":{"line":143,"column":4},"end":{"line":145,"column":5}},{"start":{"line":143,"column":4},"end":{"line":145,"column":5}}],"line":143}},"s":{"0":1,"1":1,"2":1,"3":0,"4":0,"5":0,"6":0,"7":1,"8":0,"9":0,"10":0,"11":0,"12":0,"13":0,"14":0,"15":0,"16":0,"17":0,"18":0,"19":0,"20":1,"21":0,"22":0,"23":0,"24":0,"25":0,"26":0,"27":0,"28":0,"29":0,"30":1,"31":0,"32":0,"33":0,"34":0,"35":0,"36":0,"37":0,"38":0,"39":0,"40":1,"41":0,"42":0,"43":0,"44":0,"45":0,"46":0,"47":0,"48":0,"49":0,"50":0,"51":1,"52":0,"53":0,"54":0,"55":0,"56":0,"57":1,"58":0,"59":0,"60":0,"61":0,"62":0,"63":0,"64":0,"65":0,"66":0,"67":0,"68":0,"69":0,"70":0,"71":0,"72":0,"73":1,"74":0},"f":{"0":0,"1":0,"2":0,"3":0,"4":0,"5":0,"6":0,"7":0,"8":0,"9":0,"10":0,"11":0,"12":0,"13":0,"14":0,"15":0,"16":0,"17":0,"18":0,"19":0,"20":0,"21":0,"22":0,"23":0,"24":0,"25":0},"b":{"0":[0,0],"1":[0,0],"2":[0,0],"3":[0,0],"4":[0,0],"5":[0,0],"6":[0,0],"7":[0,0],"8":[0,0],"9":[0,0],"10":[0,0],"11":[0,0],"12":[0,0],"13":[0,0],"14":[0,0],"15":[0,0],"16":[0,0],"17":[0,0]},"_coverageSchema":"43e27e138ebf9cfc5966b082cf9a028302ed4184","hash":"3a5f8fa8fe6a5113e06dbac48e4ce40d97a2e2fd"}
,"C:\\Users\\Nima\\Desktop\\CPEN321\\CPEN-321\\controllers\\event.js": {"path":"C:\\Users\\Nima\\Desktop\\CPEN321\\CPEN-321\\controllers\\event.js","statementMap":{"0":{"start":{"line":5,"column":14},"end":{"line":5,"column":43}},"1":{"start":{"line":6,"column":13},"end":{"line":6,"column":41}},"2":{"start":{"line":17,"column":0},"end":{"line":23,"column":2}},"3":{"start":{"line":18,"column":2},"end":{"line":22,"column":5}},"4":{"start":{"line":19,"column":4},"end":{"line":19,"column":40}},"5":{"start":{"line":19,"column":15},"end":{"line":19,"column":38}},"6":{"start":{"line":20,"column":4},"end":{"line":20,"column":58}},"7":{"start":{"line":20,"column":25},"end":{"line":20,"column":56}},"8":{"start":{"line":21,"column":4},"end":{"line":21,"column":80}},"9":{"start":{"line":34,"column":0},"end":{"line":36,"column":2}},"10":{"start":{"line":35,"column":2},"end":{"line":35,"column":42}},"11":{"start":{"line":42,"column":0},"end":{"line":55,"column":2}},"12":{"start":{"line":43,"column":16},"end":{"line":50,"column":4}},"13":{"start":{"line":51,"column":2},"end":{"line":54,"column":5}},"14":{"start":{"line":52,"column":4},"end":{"line":52,"column":77}},"15":{"start":{"line":52,"column":15},"end":{"line":52,"column":75}},"16":{"start":{"line":53,"column":4},"end":{"line":53,"column":39}},"17":{"start":{"line":62,"column":0},"end":{"line":90,"column":2}},"18":{"start":{"line":63,"column":16},"end":{"line":74,"column":4}},"19":{"start":{"line":75,"column":2},"end":{"line":75,"column":21}},"20":{"start":{"line":76,"column":2},"end":{"line":89,"column":5}},"21":{"start":{"line":77,"column":4},"end":{"line":80,"column":5}},"22":{"start":{"line":78,"column":6},"end":{"line":78,"column":23}},"23":{"start":{"line":79,"column":6},"end":{"line":79,"column":63}},"24":{"start":{"line":81,"column":4},"end":{"line":87,"column":9}},"25":{"start":{"line":85,"column":8},"end":{"line":85,"column":54}},"26":{"start":{"line":85,"column":17},"end":{"line":85,"column":54}},"27":{"start":{"line":86,"column":8},"end":{"line":86,"column":33}},"28":{"start":{"line":88,"column":4},"end":{"line":88,"column":46}}},"fnMap":{"0":{"name":"(anonymous_0)","decl":{"start":{"line":17,"column":19},"end":{"line":17,"column":20}},"loc":{"start":{"line":17,"column":33},"end":{"line":23,"column":1}},"line":17},"1":{"name":"(anonymous_1)","decl":{"start":{"line":18,"column":37},"end":{"line":18,"column":38}},"loc":{"start":{"line":18,"column":61},"end":{"line":22,"column":3}},"line":18},"2":{"name":"(anonymous_2)","decl":{"start":{"line":34,"column":22},"end":{"line":34,"column":23}},"loc":{"start":{"line":34,"column":36},"end":{"line":36,"column":1}},"line":34},"3":{"name":"(anonymous_3)","decl":{"start":{"line":42,"column":22},"end":{"line":42,"column":23}},"loc":{"start":{"line":42,"column":36},"end":{"line":55,"column":1}},"line":42},"4":{"name":"(anonymous_4)","decl":{"start":{"line":51,"column":13},"end":{"line":51,"column":14}},"loc":{"start":{"line":51,"column":36},"end":{"line":54,"column":3}},"line":51},"5":{"name":"(anonymous_5)","decl":{"start":{"line":62,"column":24},"end":{"line":62,"column":25}},"loc":{"start":{"line":62,"column":38},"end":{"line":90,"column":1}},"line":62},"6":{"name":"(anonymous_6)","decl":{"start":{"line":76,"column":13},"end":{"line":76,"column":14}},"loc":{"start":{"line":76,"column":36},"end":{"line":89,"column":3}},"line":76},"7":{"name":"(anonymous_7)","decl":{"start":{"line":84,"column":6},"end":{"line":84,"column":7}},"loc":{"start":{"line":84,"column":28},"end":{"line":87,"column":7}},"line":84}},"branchMap":{"0":{"loc":{"start":{"line":19,"column":4},"end":{"line":19,"column":40}},"type":"if","locations":[{"start":{"line":19,"column":4},"end":{"line":19,"column":40}},{"start":{"line":19,"column":4},"end":{"line":19,"column":40}}],"line":19},"1":{"loc":{"start":{"line":20,"column":4},"end":{"line":20,"column":58}},"type":"if","locations":[{"start":{"line":20,"column":4},"end":{"line":20,"column":58}},{"start":{"line":20,"column":4},"end":{"line":20,"column":58}}],"line":20},"2":{"loc":{"start":{"line":52,"column":4},"end":{"line":52,"column":77}},"type":"if","locations":[{"start":{"line":52,"column":4},"end":{"line":52,"column":77}},{"start":{"line":52,"column":4},"end":{"line":52,"column":77}}],"line":52},"3":{"loc":{"start":{"line":77,"column":4},"end":{"line":80,"column":5}},"type":"if","locations":[{"start":{"line":77,"column":4},"end":{"line":80,"column":5}},{"start":{"line":77,"column":4},"end":{"line":80,"column":5}}],"line":77},"4":{"loc":{"start":{"line":85,"column":8},"end":{"line":85,"column":54}},"type":"if","locations":[{"start":{"line":85,"column":8},"end":{"line":85,"column":54}},{"start":{"line":85,"column":8},"end":{"line":85,"column":54}}],"line":85}},"s":{"0":1,"1":1,"2":1,"3":0,"4":0,"5":0,"6":0,"7":0,"8":0,"9":1,"10":0,"11":1,"12":0,"13":0,"14":0,"15":0,"16":0,"17":1,"18":0,"19":0,"20":0,"21":0,"22":0,"23":0,"24":0,"25":0,"26":0,"27":0,"28":0},"f":{"0":0,"1":0,"2":0,"3":0,"4":0,"5":0,"6":0,"7":0},"b":{"0":[0,0],"1":[0,0],"2":[0,0],"3":[0,0],"4":[0,0]},"_coverageSchema":"43e27e138ebf9cfc5966b082cf9a028302ed4184","hash":"d05d0e129fe7e6bf1a3238261ea30a5ce99d6a18"}
,"C:\\Users\\Nima\\Desktop\\CPEN321\\CPEN-321\\controllers\\group.js": {"path":"C:\\Users\\Nima\\Desktop\\CPEN321\\CPEN-321\\controllers\\group.js","statementMap":{"0":{"start":{"line":5,"column":14},"end":{"line":5,"column":43}},"1":{"start":{"line":6,"column":17},"end":{"line":6,"column":49}},"2":{"start":{"line":13,"column":0},"end":{"line":22,"column":2}},"3":{"start":{"line":14,"column":16},"end":{"line":17,"column":4}},"4":{"start":{"line":18,"column":2},"end":{"line":21,"column":5}},"5":{"start":{"line":19,"column":4},"end":{"line":19,"column":66}},"6":{"start":{"line":19,"column":15},"end":{"line":19,"column":64}},"7":{"start":{"line":20,"column":4},"end":{"line":20,"column":39}},"8":{"start":{"line":27,"column":0},"end":{"line":35,"column":2}},"9":{"start":{"line":28,"column":2},"end":{"line":34,"column":5}},"10":{"start":{"line":29,"column":4},"end":{"line":29,"column":40}},"11":{"start":{"line":29,"column":15},"end":{"line":29,"column":38}},"12":{"start":{"line":30,"column":4},"end":{"line":32,"column":5}},"13":{"start":{"line":31,"column":6},"end":{"line":31,"column":49}},"14":{"start":{"line":33,"column":4},"end":{"line":33,"column":80}},"15":{"start":{"line":40,"column":0},"end":{"line":56,"column":2}},"16":{"start":{"line":41,"column":2},"end":{"line":55,"column":5}},"17":{"start":{"line":42,"column":4},"end":{"line":42,"column":55}},"18":{"start":{"line":42,"column":15},"end":{"line":42,"column":53}},"19":{"start":{"line":43,"column":4},"end":{"line":54,"column":5}},"20":{"start":{"line":44,"column":6},"end":{"line":51,"column":11}},"21":{"start":{"line":46,"column":10},"end":{"line":46,"column":37}},"22":{"start":{"line":49,"column":10},"end":{"line":49,"column":55}},"23":{"start":{"line":50,"column":10},"end":{"line":50,"column":29}},"24":{"start":{"line":53,"column":6},"end":{"line":53,"column":71}},"25":{"start":{"line":62,"column":0},"end":{"line":78,"column":2}},"26":{"start":{"line":63,"column":2},"end":{"line":77,"column":5}},"27":{"start":{"line":64,"column":4},"end":{"line":64,"column":55}},"28":{"start":{"line":64,"column":15},"end":{"line":64,"column":53}},"29":{"start":{"line":65,"column":4},"end":{"line":76,"column":5}},"30":{"start":{"line":66,"column":6},"end":{"line":73,"column":11}},"31":{"start":{"line":68,"column":10},"end":{"line":68,"column":41}},"32":{"start":{"line":71,"column":10},"end":{"line":71,"column":55}},"33":{"start":{"line":72,"column":10},"end":{"line":72,"column":29}},"34":{"start":{"line":75,"column":6},"end":{"line":75,"column":71}},"35":{"start":{"line":85,"column":0},"end":{"line":105,"column":2}},"36":{"start":{"line":86,"column":2},"end":{"line":104,"column":5}},"37":{"start":{"line":87,"column":4},"end":{"line":90,"column":5}},"38":{"start":{"line":88,"column":6},"end":{"line":88,"column":23}},"39":{"start":{"line":89,"column":6},"end":{"line":89,"column":52}},"40":{"start":{"line":91,"column":4},"end":{"line":103,"column":7}},"41":{"start":{"line":92,"column":6},"end":{"line":95,"column":7}},"42":{"start":{"line":93,"column":8},"end":{"line":93,"column":25}},"43":{"start":{"line":94,"column":8},"end":{"line":94,"column":55}},"44":{"start":{"line":96,"column":6},"end":{"line":102,"column":9}},"45":{"start":{"line":97,"column":8},"end":{"line":97,"column":28}},"46":{"start":{"line":98,"column":8},"end":{"line":98,"column":59}},"47":{"start":{"line":100,"column":8},"end":{"line":100,"column":25}},"48":{"start":{"line":101,"column":8},"end":{"line":101,"column":68}},"49":{"start":{"line":110,"column":0},"end":{"line":116,"column":2}},"50":{"start":{"line":111,"column":2},"end":{"line":115,"column":5}},"51":{"start":{"line":112,"column":4},"end":{"line":112,"column":40}},"52":{"start":{"line":112,"column":15},"end":{"line":112,"column":38}},"53":{"start":{"line":113,"column":4},"end":{"line":113,"column":69}},"54":{"start":{"line":113,"column":25},"end":{"line":113,"column":67}},"55":{"start":{"line":114,"column":4},"end":{"line":114,"column":80}},"56":{"start":{"line":123,"column":0},"end":{"line":136,"column":2}},"57":{"start":{"line":124,"column":2},"end":{"line":128,"column":5}},"58":{"start":{"line":125,"column":4},"end":{"line":125,"column":60}},"59":{"start":{"line":125,"column":13},"end":{"line":125,"column":60}},"60":{"start":{"line":126,"column":4},"end":{"line":126,"column":69}},"61":{"start":{"line":126,"column":19},"end":{"line":126,"column":69}},"62":{"start":{"line":127,"column":4},"end":{"line":127,"column":26}},"63":{"start":{"line":129,"column":2},"end":{"line":135,"column":7}},"64":{"start":{"line":133,"column":6},"end":{"line":133,"column":59}},"65":{"start":{"line":133,"column":15},"end":{"line":133,"column":59}},"66":{"start":{"line":134,"column":6},"end":{"line":134,"column":41}}},"fnMap":{"0":{"name":"(anonymous_0)","decl":{"start":{"line":13,"column":22},"end":{"line":13,"column":23}},"loc":{"start":{"line":13,"column":36},"end":{"line":22,"column":1}},"line":13},"1":{"name":"(anonymous_1)","decl":{"start":{"line":18,"column":13},"end":{"line":18,"column":14}},"loc":{"start":{"line":18,"column":36},"end":{"line":21,"column":3}},"line":18},"2":{"name":"(anonymous_2)","decl":{"start":{"line":27,"column":19},"end":{"line":27,"column":20}},"loc":{"start":{"line":27,"column":33},"end":{"line":35,"column":1}},"line":27},"3":{"name":"(anonymous_3)","decl":{"start":{"line":28,"column":37},"end":{"line":28,"column":38}},"loc":{"start":{"line":28,"column":61},"end":{"line":34,"column":3}},"line":28},"4":{"name":"(anonymous_4)","decl":{"start":{"line":40,"column":22},"end":{"line":40,"column":23}},"loc":{"start":{"line":40,"column":36},"end":{"line":56,"column":1}},"line":40},"5":{"name":"(anonymous_5)","decl":{"start":{"line":41,"column":37},"end":{"line":41,"column":38}},"loc":{"start":{"line":41,"column":61},"end":{"line":55,"column":3}},"line":41},"6":{"name":"(anonymous_6)","decl":{"start":{"line":45,"column":14},"end":{"line":45,"column":15}},"loc":{"start":{"line":45,"column":24},"end":{"line":47,"column":9}},"line":45},"7":{"name":"(anonymous_7)","decl":{"start":{"line":48,"column":15},"end":{"line":48,"column":16}},"loc":{"start":{"line":48,"column":24},"end":{"line":51,"column":9}},"line":48},"8":{"name":"(anonymous_8)","decl":{"start":{"line":62,"column":26},"end":{"line":62,"column":27}},"loc":{"start":{"line":62,"column":40},"end":{"line":78,"column":1}},"line":62},"9":{"name":"(anonymous_9)","decl":{"start":{"line":63,"column":37},"end":{"line":63,"column":38}},"loc":{"start":{"line":63,"column":61},"end":{"line":77,"column":3}},"line":63},"10":{"name":"(anonymous_10)","decl":{"start":{"line":67,"column":14},"end":{"line":67,"column":15}},"loc":{"start":{"line":67,"column":28},"end":{"line":69,"column":9}},"line":67},"11":{"name":"(anonymous_11)","decl":{"start":{"line":70,"column":15},"end":{"line":70,"column":16}},"loc":{"start":{"line":70,"column":24},"end":{"line":73,"column":9}},"line":70},"12":{"name":"(anonymous_12)","decl":{"start":{"line":85,"column":18},"end":{"line":85,"column":19}},"loc":{"start":{"line":85,"column":32},"end":{"line":105,"column":1}},"line":85},"13":{"name":"(anonymous_13)","decl":{"start":{"line":86,"column":33},"end":{"line":86,"column":34}},"loc":{"start":{"line":86,"column":48},"end":{"line":104,"column":3}},"line":86},"14":{"name":"(anonymous_14)","decl":{"start":{"line":91,"column":37},"end":{"line":91,"column":38}},"loc":{"start":{"line":91,"column":53},"end":{"line":103,"column":5}},"line":91},"15":{"name":"(anonymous_15)","decl":{"start":{"line":96,"column":44},"end":{"line":96,"column":45}},"loc":{"start":{"line":96,"column":56},"end":{"line":99,"column":7}},"line":96},"16":{"name":"(anonymous_16)","decl":{"start":{"line":99,"column":9},"end":{"line":99,"column":10}},"loc":{"start":{"line":99,"column":18},"end":{"line":102,"column":7}},"line":99},"17":{"name":"(anonymous_17)","decl":{"start":{"line":110,"column":24},"end":{"line":110,"column":25}},"loc":{"start":{"line":110,"column":38},"end":{"line":116,"column":1}},"line":110},"18":{"name":"(anonymous_18)","decl":{"start":{"line":111,"column":37},"end":{"line":111,"column":38}},"loc":{"start":{"line":111,"column":61},"end":{"line":115,"column":3}},"line":111},"19":{"name":"(anonymous_19)","decl":{"start":{"line":123,"column":22},"end":{"line":123,"column":23}},"loc":{"start":{"line":123,"column":36},"end":{"line":136,"column":1}},"line":123},"20":{"name":"(anonymous_20)","decl":{"start":{"line":124,"column":42},"end":{"line":124,"column":43}},"loc":{"start":{"line":124,"column":61},"end":{"line":128,"column":3}},"line":124},"21":{"name":"(anonymous_21)","decl":{"start":{"line":132,"column":4},"end":{"line":132,"column":5}},"loc":{"start":{"line":132,"column":20},"end":{"line":135,"column":5}},"line":132}},"branchMap":{"0":{"loc":{"start":{"line":19,"column":4},"end":{"line":19,"column":66}},"type":"if","locations":[{"start":{"line":19,"column":4},"end":{"line":19,"column":66}},{"start":{"line":19,"column":4},"end":{"line":19,"column":66}}],"line":19},"1":{"loc":{"start":{"line":29,"column":4},"end":{"line":29,"column":40}},"type":"if","locations":[{"start":{"line":29,"column":4},"end":{"line":29,"column":40}},{"start":{"line":29,"column":4},"end":{"line":29,"column":40}}],"line":29},"2":{"loc":{"start":{"line":30,"column":4},"end":{"line":32,"column":5}},"type":"if","locations":[{"start":{"line":30,"column":4},"end":{"line":32,"column":5}},{"start":{"line":30,"column":4},"end":{"line":32,"column":5}}],"line":30},"3":{"loc":{"start":{"line":42,"column":4},"end":{"line":42,"column":55}},"type":"if","locations":[{"start":{"line":42,"column":4},"end":{"line":42,"column":55}},{"start":{"line":42,"column":4},"end":{"line":42,"column":55}}],"line":42},"4":{"loc":{"start":{"line":43,"column":4},"end":{"line":54,"column":5}},"type":"if","locations":[{"start":{"line":43,"column":4},"end":{"line":54,"column":5}},{"start":{"line":43,"column":4},"end":{"line":54,"column":5}}],"line":43},"5":{"loc":{"start":{"line":64,"column":4},"end":{"line":64,"column":55}},"type":"if","locations":[{"start":{"line":64,"column":4},"end":{"line":64,"column":55}},{"start":{"line":64,"column":4},"end":{"line":64,"column":55}}],"line":64},"6":{"loc":{"start":{"line":65,"column":4},"end":{"line":76,"column":5}},"type":"if","locations":[{"start":{"line":65,"column":4},"end":{"line":76,"column":5}},{"start":{"line":65,"column":4},"end":{"line":76,"column":5}}],"line":65},"7":{"loc":{"start":{"line":87,"column":4},"end":{"line":90,"column":5}},"type":"if","locations":[{"start":{"line":87,"column":4},"end":{"line":90,"column":5}},{"start":{"line":87,"column":4},"end":{"line":90,"column":5}}],"line":87},"8":{"loc":{"start":{"line":92,"column":6},"end":{"line":95,"column":7}},"type":"if","locations":[{"start":{"line":92,"column":6},"end":{"line":95,"column":7}},{"start":{"line":92,"column":6},"end":{"line":95,"column":7}}],"line":92},"9":{"loc":{"start":{"line":112,"column":4},"end":{"line":112,"column":40}},"type":"if","locations":[{"start":{"line":112,"column":4},"end":{"line":112,"column":40}},{"start":{"line":112,"column":4},"end":{"line":112,"column":40}}],"line":112},"10":{"loc":{"start":{"line":113,"column":4},"end":{"line":113,"column":69}},"type":"if","locations":[{"start":{"line":113,"column":4},"end":{"line":113,"column":69}},{"start":{"line":113,"column":4},"end":{"line":113,"column":69}}],"line":113},"11":{"loc":{"start":{"line":125,"column":4},"end":{"line":125,"column":60}},"type":"if","locations":[{"start":{"line":125,"column":4},"end":{"line":125,"column":60}},{"start":{"line":125,"column":4},"end":{"line":125,"column":60}}],"line":125},"12":{"loc":{"start":{"line":126,"column":4},"end":{"line":126,"column":69}},"type":"if","locations":[{"start":{"line":126,"column":4},"end":{"line":126,"column":69}},{"start":{"line":126,"column":4},"end":{"line":126,"column":69}}],"line":126},"13":{"loc":{"start":{"line":133,"column":6},"end":{"line":133,"column":59}},"type":"if","locations":[{"start":{"line":133,"column":6},"end":{"line":133,"column":59}},{"start":{"line":133,"column":6},"end":{"line":133,"column":59}}],"line":133}},"s":{"0":1,"1":1,"2":1,"3":0,"4":0,"5":0,"6":0,"7":0,"8":1,"9":0,"10":0,"11":0,"12":0,"13":0,"14":0,"15":1,"16":0,"17":0,"18":0,"19":0,"20":0,"21":0,"22":0,"23":0,"24":0,"25":1,"26":0,"27":0,"28":0,"29":0,"30":0,"31":0,"32":0,"33":0,"34":0,"35":1,"36":0,"37":0,"38":0,"39":0,"40":0,"41":0,"42":0,"43":0,"44":0,"45":0,"46":0,"47":0,"48":0,"49":1,"50":0,"51":0,"52":0,"53":0,"54":0,"55":0,"56":1,"57":0,"58":0,"59":0,"60":0,"61":0,"62":0,"63":0,"64":0,"65":0,"66":0},"f":{"0":0,"1":0,"2":0,"3":0,"4":0,"5":0,"6":0,"7":0,"8":0,"9":0,"10":0,"11":0,"12":0,"13":0,"14":0,"15":0,"16":0,"17":0,"18":0,"19":0,"20":0,"21":0},"b":{"0":[0,0],"1":[0,0],"2":[0,0],"3":[0,0],"4":[0,0],"5":[0,0],"6":[0,0],"7":[0,0],"8":[0,0],"9":[0,0],"10":[0,0],"11":[0,0],"12":[0,0],"13":[0,0]},"_coverageSchema":"43e27e138ebf9cfc5966b082cf9a028302ed4184","hash":"02034d798a00755550cd4969ae0c443b37a91e52"}
,"C:\\Users\\Nima\\Desktop\\CPEN321\\CPEN-321\\controllers\\user.js": {"path":"C:\\Users\\Nima\\Desktop\\CPEN321\\CPEN-321\\controllers\\user.js","statementMap":{"0":{"start":{"line":5,"column":19},"end":{"line":5,"column":40}},"1":{"start":{"line":6,"column":19},"end":{"line":6,"column":49}},"2":{"start":{"line":7,"column":12},"end":{"line":7,"column":35}},"3":{"start":{"line":8,"column":30},"end":{"line":8,"column":56}},"4":{"start":{"line":10,"column":17},"end":{"line":10,"column":40}},"5":{"start":{"line":13,"column":13},"end":{"line":13,"column":41}},"6":{"start":{"line":14,"column":14},"end":{"line":14,"column":43}},"7":{"start":{"line":15,"column":17},"end":{"line":15,"column":49}},"8":{"start":{"line":16,"column":14},"end":{"line":16,"column":43}},"9":{"start":{"line":18,"column":27},"end":{"line":18,"column":56}},"10":{"start":{"line":19,"column":25},"end":{"line":19,"column":54}},"11":{"start":{"line":22,"column":18},"end":{"line":27,"column":14}},"12":{"start":{"line":22,"column":28},"end":{"line":27,"column":14}},"13":{"start":{"line":35,"column":0},"end":{"line":64,"column":2}},"14":{"start":{"line":36,"column":2},"end":{"line":63,"column":7}},"15":{"start":{"line":38,"column":6},"end":{"line":38,"column":36}},"16":{"start":{"line":38,"column":17},"end":{"line":38,"column":34}},"17":{"start":{"line":39,"column":6},"end":{"line":61,"column":7}},"18":{"start":{"line":40,"column":8},"end":{"line":59,"column":9}},"19":{"start":{"line":41,"column":26},"end":{"line":41,"column":79}},"20":{"start":{"line":44,"column":10},"end":{"line":57,"column":11}},"21":{"start":{"line":46,"column":26},"end":{"line":46,"column":49}},"22":{"start":{"line":48,"column":45},"end":{"line":48,"column":103}},"23":{"start":{"line":49,"column":12},"end":{"line":53,"column":17}},"24":{"start":{"line":51,"column":16},"end":{"line":51,"column":51}},"25":{"start":{"line":51,"column":25},"end":{"line":51,"column":51}},"26":{"start":{"line":52,"column":16},"end":{"line":52,"column":78}},"27":{"start":{"line":52,"column":34},"end":{"line":52,"column":78}},"28":{"start":{"line":54,"column":12},"end":{"line":54,"column":38}},"29":{"start":{"line":56,"column":12},"end":{"line":56,"column":54}},"30":{"start":{"line":58,"column":10},"end":{"line":58,"column":56}},"31":{"start":{"line":60,"column":8},"end":{"line":60,"column":53}},"32":{"start":{"line":62,"column":6},"end":{"line":62,"column":77}},"33":{"start":{"line":67,"column":0},"end":{"line":69,"column":2}},"34":{"start":{"line":68,"column":2},"end":{"line":68,"column":35}},"35":{"start":{"line":77,"column":0},"end":{"line":101,"column":2}},"36":{"start":{"line":78,"column":15},"end":{"line":87,"column":4}},"37":{"start":{"line":88,"column":2},"end":{"line":100,"column":5}},"38":{"start":{"line":89,"column":4},"end":{"line":89,"column":34}},"39":{"start":{"line":89,"column":15},"end":{"line":89,"column":32}},"40":{"start":{"line":90,"column":4},"end":{"line":92,"column":5}},"41":{"start":{"line":91,"column":6},"end":{"line":91,"column":85}},"42":{"start":{"line":94,"column":4},"end":{"line":99,"column":7}},"43":{"start":{"line":95,"column":6},"end":{"line":95,"column":36}},"44":{"start":{"line":95,"column":17},"end":{"line":95,"column":34}},"45":{"start":{"line":96,"column":20},"end":{"line":96,"column":42}},"46":{"start":{"line":98,"column":6},"end":{"line":98,"column":47}},"47":{"start":{"line":109,"column":0},"end":{"line":118,"column":2}},"48":{"start":{"line":110,"column":2},"end":{"line":117,"column":5}},"49":{"start":{"line":111,"column":4},"end":{"line":111,"column":40}},"50":{"start":{"line":111,"column":15},"end":{"line":111,"column":38}},"51":{"start":{"line":112,"column":4},"end":{"line":115,"column":5}},"52":{"start":{"line":113,"column":6},"end":{"line":113,"column":52}},"53":{"start":{"line":114,"column":6},"end":{"line":114,"column":48}},"54":{"start":{"line":116,"column":4},"end":{"line":116,"column":68}},"55":{"start":{"line":126,"column":0},"end":{"line":137,"column":2}},"56":{"start":{"line":127,"column":2},"end":{"line":136,"column":7}},"57":{"start":{"line":130,"column":6},"end":{"line":130,"column":35}},"58":{"start":{"line":130,"column":17},"end":{"line":130,"column":33}},"59":{"start":{"line":131,"column":6},"end":{"line":131,"column":32}},"60":{"start":{"line":132,"column":6},"end":{"line":134,"column":7}},"61":{"start":{"line":133,"column":8},"end":{"line":133,"column":50}},"62":{"start":{"line":135,"column":6},"end":{"line":135,"column":70}},"63":{"start":{"line":145,"column":0},"end":{"line":153,"column":2}},"64":{"start":{"line":146,"column":2},"end":{"line":152,"column":5}},"65":{"start":{"line":147,"column":4},"end":{"line":147,"column":40}},"66":{"start":{"line":147,"column":15},"end":{"line":147,"column":38}},"67":{"start":{"line":148,"column":4},"end":{"line":150,"column":5}},"68":{"start":{"line":149,"column":6},"end":{"line":149,"column":58}},"69":{"start":{"line":151,"column":4},"end":{"line":151,"column":68}},"70":{"start":{"line":160,"column":0},"end":{"line":176,"column":2}},"71":{"start":{"line":161,"column":2},"end":{"line":175,"column":5}},"72":{"start":{"line":162,"column":4},"end":{"line":162,"column":54}},"73":{"start":{"line":162,"column":15},"end":{"line":162,"column":52}},"74":{"start":{"line":163,"column":4},"end":{"line":174,"column":5}},"75":{"start":{"line":164,"column":6},"end":{"line":171,"column":11}},"76":{"start":{"line":166,"column":10},"end":{"line":166,"column":37}},"77":{"start":{"line":169,"column":10},"end":{"line":169,"column":57}},"78":{"start":{"line":170,"column":10},"end":{"line":170,"column":29}},"79":{"start":{"line":173,"column":6},"end":{"line":173,"column":70}},"80":{"start":{"line":183,"column":0},"end":{"line":199,"column":2}},"81":{"start":{"line":184,"column":2},"end":{"line":189,"column":5}},"82":{"start":{"line":185,"column":4},"end":{"line":185,"column":40}},"83":{"start":{"line":185,"column":15},"end":{"line":185,"column":38}},"84":{"start":{"line":186,"column":4},"end":{"line":188,"column":5}},"85":{"start":{"line":187,"column":6},"end":{"line":187,"column":80}},"86":{"start":{"line":190,"column":2},"end":{"line":198,"column":7}},"87":{"start":{"line":192,"column":6},"end":{"line":192,"column":97}},"88":{"start":{"line":192,"column":17},"end":{"line":192,"column":95}},"89":{"start":{"line":193,"column":6},"end":{"line":196,"column":11}},"90":{"start":{"line":195,"column":10},"end":{"line":195,"column":95}},"91":{"start":{"line":195,"column":21},"end":{"line":195,"column":93}},"92":{"start":{"line":197,"column":6},"end":{"line":197,"column":40}},"93":{"start":{"line":206,"column":0},"end":{"line":223,"column":2}},"94":{"start":{"line":207,"column":2},"end":{"line":222,"column":5}},"95":{"start":{"line":208,"column":4},"end":{"line":208,"column":40}},"96":{"start":{"line":208,"column":15},"end":{"line":208,"column":38}},"97":{"start":{"line":209,"column":4},"end":{"line":221,"column":5}},"98":{"start":{"line":210,"column":6},"end":{"line":218,"column":11}},"99":{"start":{"line":212,"column":10},"end":{"line":212,"column":85}},"100":{"start":{"line":212,"column":21},"end":{"line":212,"column":83}},"101":{"start":{"line":213,"column":10},"end":{"line":217,"column":15}},"102":{"start":{"line":215,"column":14},"end":{"line":215,"column":89}},"103":{"start":{"line":215,"column":25},"end":{"line":215,"column":87}},"104":{"start":{"line":216,"column":14},"end":{"line":216,"column":48}},"105":{"start":{"line":220,"column":6},"end":{"line":220,"column":70}},"106":{"start":{"line":229,"column":0},"end":{"line":239,"column":2}},"107":{"start":{"line":230,"column":2},"end":{"line":238,"column":5}},"108":{"start":{"line":231,"column":4},"end":{"line":231,"column":60}},"109":{"start":{"line":231,"column":15},"end":{"line":231,"column":58}},"110":{"start":{"line":232,"column":4},"end":{"line":232,"column":34}},"111":{"start":{"line":233,"column":4},"end":{"line":237,"column":9}},"112":{"start":{"line":235,"column":8},"end":{"line":235,"column":60}},"113":{"start":{"line":235,"column":19},"end":{"line":235,"column":58}},"114":{"start":{"line":236,"column":8},"end":{"line":236,"column":42}},"115":{"start":{"line":245,"column":0},"end":{"line":250,"column":2}},"116":{"start":{"line":246,"column":2},"end":{"line":249,"column":5}},"117":{"start":{"line":247,"column":4},"end":{"line":247,"column":49}},"118":{"start":{"line":247,"column":15},"end":{"line":247,"column":47}},"119":{"start":{"line":248,"column":4},"end":{"line":248,"column":52}},"120":{"start":{"line":257,"column":0},"end":{"line":269,"column":2}},"121":{"start":{"line":258,"column":2},"end":{"line":268,"column":7}},"122":{"start":{"line":260,"column":6},"end":{"line":260,"column":59}},"123":{"start":{"line":260,"column":17},"end":{"line":260,"column":57}},"124":{"start":{"line":261,"column":6},"end":{"line":261,"column":27}},"125":{"start":{"line":262,"column":6},"end":{"line":267,"column":11}},"126":{"start":{"line":265,"column":10},"end":{"line":265,"column":62}},"127":{"start":{"line":265,"column":21},"end":{"line":265,"column":60}},"128":{"start":{"line":266,"column":10},"end":{"line":266,"column":44}},"129":{"start":{"line":275,"column":0},"end":{"line":288,"column":2}},"130":{"start":{"line":276,"column":2},"end":{"line":287,"column":7}},"131":{"start":{"line":278,"column":6},"end":{"line":278,"column":59}},"132":{"start":{"line":278,"column":17},"end":{"line":278,"column":57}},"133":{"start":{"line":279,"column":6},"end":{"line":279,"column":33}},"134":{"start":{"line":280,"column":6},"end":{"line":280,"column":27}},"135":{"start":{"line":281,"column":6},"end":{"line":286,"column":11}},"136":{"start":{"line":284,"column":10},"end":{"line":284,"column":62}},"137":{"start":{"line":284,"column":21},"end":{"line":284,"column":60}},"138":{"start":{"line":285,"column":10},"end":{"line":285,"column":44}},"139":{"start":{"line":294,"column":0},"end":{"line":300,"column":2}},"140":{"start":{"line":295,"column":2},"end":{"line":299,"column":5}},"141":{"start":{"line":296,"column":4},"end":{"line":296,"column":50}},"142":{"start":{"line":296,"column":15},"end":{"line":296,"column":48}},"143":{"start":{"line":297,"column":4},"end":{"line":297,"column":70}},"144":{"start":{"line":297,"column":25},"end":{"line":297,"column":68}},"145":{"start":{"line":298,"column":4},"end":{"line":298,"column":57}},"146":{"start":{"line":306,"column":0},"end":{"line":315,"column":2}},"147":{"start":{"line":307,"column":15},"end":{"line":310,"column":4}},"148":{"start":{"line":308,"column":4},"end":{"line":308,"column":50}},"149":{"start":{"line":308,"column":15},"end":{"line":308,"column":48}},"150":{"start":{"line":309,"column":4},"end":{"line":309,"column":66}},"151":{"start":{"line":309,"column":23},"end":{"line":309,"column":66}},"152":{"start":{"line":311,"column":19},"end":{"line":311,"column":78}},"153":{"start":{"line":312,"column":2},"end":{"line":312,"column":65}},"154":{"start":{"line":313,"column":2},"end":{"line":313,"column":20}},"155":{"start":{"line":314,"column":2},"end":{"line":314,"column":49}},"156":{"start":{"line":323,"column":0},"end":{"line":323,"column":93}},"157":{"start":{"line":323,"column":44},"end":{"line":323,"column":92}},"158":{"start":{"line":330,"column":0},"end":{"line":336,"column":2}},"159":{"start":{"line":331,"column":2},"end":{"line":335,"column":7}},"160":{"start":{"line":333,"column":6},"end":{"line":333,"column":64}},"161":{"start":{"line":333,"column":17},"end":{"line":333,"column":62}},"162":{"start":{"line":334,"column":6},"end":{"line":334,"column":38}},"163":{"start":{"line":344,"column":12},"end":{"line":344,"column":26}},"164":{"start":{"line":345,"column":2},"end":{"line":349,"column":3}},"165":{"start":{"line":345,"column":15},"end":{"line":345,"column":16}},"166":{"start":{"line":346,"column":4},"end":{"line":348,"column":5}},"167":{"start":{"line":346,"column":17},"end":{"line":346,"column":22}},"168":{"start":{"line":347,"column":6},"end":{"line":347,"column":46}},"169":{"start":{"line":347,"column":29},"end":{"line":347,"column":46}},"170":{"start":{"line":350,"column":2},"end":{"line":350,"column":11}},"171":{"start":{"line":353,"column":17},"end":{"line":353,"column":19}},"172":{"start":{"line":354,"column":2},"end":{"line":360,"column":3}},"173":{"start":{"line":354,"column":14},"end":{"line":354,"column":15}},"174":{"start":{"line":355,"column":4},"end":{"line":359,"column":5}},"175":{"start":{"line":355,"column":16},"end":{"line":355,"column":17}},"176":{"start":{"line":356,"column":6},"end":{"line":358,"column":7}},"177":{"start":{"line":357,"column":8},"end":{"line":357,"column":31}},"178":{"start":{"line":361,"column":2},"end":{"line":361,"column":16}},"179":{"start":{"line":368,"column":0},"end":{"line":385,"column":2}},"180":{"start":{"line":369,"column":35},"end":{"line":369,"column":100}},"181":{"start":{"line":370,"column":31},"end":{"line":370,"column":135}},"182":{"start":{"line":372,"column":2},"end":{"line":372,"column":46}},"183":{"start":{"line":373,"column":2},"end":{"line":373,"column":42}},"184":{"start":{"line":375,"column":17},"end":{"line":375,"column":82}},"185":{"start":{"line":376,"column":15},"end":{"line":382,"column":6}},"186":{"start":{"line":380,"column":6},"end":{"line":380,"column":48}},"187":{"start":{"line":380,"column":15},"end":{"line":380,"column":48}},"188":{"start":{"line":381,"column":6},"end":{"line":381,"column":67}},"189":{"start":{"line":381,"column":24},"end":{"line":381,"column":67}},"190":{"start":{"line":383,"column":2},"end":{"line":383,"column":22}},"191":{"start":{"line":384,"column":2},"end":{"line":384,"column":38}},"192":{"start":{"line":390,"column":0},"end":{"line":393,"column":2}},"193":{"start":{"line":391,"column":2},"end":{"line":391,"column":33}},"194":{"start":{"line":392,"column":2},"end":{"line":392,"column":51}},"195":{"start":{"line":398,"column":0},"end":{"line":400,"column":2}},"196":{"start":{"line":399,"column":2},"end":{"line":399,"column":51}},"197":{"start":{"line":407,"column":0},"end":{"line":449,"column":2}},"198":{"start":{"line":408,"column":23},"end":{"line":410,"column":36}},"199":{"start":{"line":417,"column":2},"end":{"line":417,"column":40}},"200":{"start":{"line":419,"column":19},"end":{"line":419,"column":40}},"201":{"start":{"line":425,"column":22},"end":{"line":425,"column":42}},"202":{"start":{"line":426,"column":25},"end":{"line":426,"column":67}},"203":{"start":{"line":429,"column":2},"end":{"line":447,"column":5}},"204":{"start":{"line":435,"column":4},"end":{"line":438,"column":5}},"205":{"start":{"line":436,"column":6},"end":{"line":436,"column":55}},"206":{"start":{"line":437,"column":6},"end":{"line":437,"column":13}},"207":{"start":{"line":439,"column":19},"end":{"line":439,"column":38}},"208":{"start":{"line":440,"column":4},"end":{"line":446,"column":7}},"209":{"start":{"line":441,"column":20},"end":{"line":441,"column":60}},"210":{"start":{"line":443,"column":6},"end":{"line":445,"column":7}},"211":{"start":{"line":444,"column":8},"end":{"line":444,"column":53}},"212":{"start":{"line":448,"column":2},"end":{"line":448,"column":43}}},"fnMap":{"0":{"name":"(anonymous_0)","decl":{"start":{"line":22,"column":18},"end":{"line":22,"column":19}},"loc":{"start":{"line":22,"column":28},"end":{"line":27,"column":14}},"line":22},"1":{"name":"(anonymous_1)","decl":{"start":{"line":35,"column":20},"end":{"line":35,"column":21}},"loc":{"start":{"line":35,"column":40},"end":{"line":64,"column":1}},"line":35},"2":{"name":"(anonymous_2)","decl":{"start":{"line":37,"column":4},"end":{"line":37,"column":5}},"loc":{"start":{"line":37,"column":33},"end":{"line":63,"column":5}},"line":37},"3":{"name":"(anonymous_3)","decl":{"start":{"line":50,"column":14},"end":{"line":50,"column":15}},"loc":{"start":{"line":50,"column":36},"end":{"line":53,"column":15}},"line":50},"4":{"name":"(anonymous_4)","decl":{"start":{"line":67,"column":17},"end":{"line":67,"column":18}},"loc":{"start":{"line":67,"column":37},"end":{"line":69,"column":1}},"line":67},"5":{"name":"(anonymous_5)","decl":{"start":{"line":77,"column":21},"end":{"line":77,"column":22}},"loc":{"start":{"line":77,"column":41},"end":{"line":101,"column":1}},"line":77},"6":{"name":"(anonymous_6)","decl":{"start":{"line":88,"column":42},"end":{"line":88,"column":43}},"loc":{"start":{"line":88,"column":65},"end":{"line":100,"column":3}},"line":88},"7":{"name":"(anonymous_7)","decl":{"start":{"line":94,"column":14},"end":{"line":94,"column":15}},"loc":{"start":{"line":94,"column":36},"end":{"line":99,"column":5}},"line":94},"8":{"name":"(anonymous_8)","decl":{"start":{"line":109,"column":18},"end":{"line":109,"column":19}},"loc":{"start":{"line":109,"column":32},"end":{"line":118,"column":1}},"line":109},"9":{"name":"(anonymous_9)","decl":{"start":{"line":110,"column":35},"end":{"line":110,"column":36}},"loc":{"start":{"line":110,"column":58},"end":{"line":117,"column":3}},"line":110},"10":{"name":"(anonymous_10)","decl":{"start":{"line":126,"column":23},"end":{"line":126,"column":24}},"loc":{"start":{"line":126,"column":37},"end":{"line":137,"column":1}},"line":126},"11":{"name":"(anonymous_11)","decl":{"start":{"line":129,"column":4},"end":{"line":129,"column":5}},"loc":{"start":{"line":129,"column":27},"end":{"line":136,"column":5}},"line":129},"12":{"name":"(anonymous_12)","decl":{"start":{"line":145,"column":19},"end":{"line":145,"column":20}},"loc":{"start":{"line":145,"column":33},"end":{"line":153,"column":1}},"line":145},"13":{"name":"(anonymous_13)","decl":{"start":{"line":146,"column":35},"end":{"line":146,"column":36}},"loc":{"start":{"line":146,"column":58},"end":{"line":152,"column":3}},"line":146},"14":{"name":"(anonymous_14)","decl":{"start":{"line":160,"column":24},"end":{"line":160,"column":25}},"loc":{"start":{"line":160,"column":38},"end":{"line":176,"column":1}},"line":160},"15":{"name":"(anonymous_15)","decl":{"start":{"line":161,"column":35},"end":{"line":161,"column":36}},"loc":{"start":{"line":161,"column":58},"end":{"line":175,"column":3}},"line":161},"16":{"name":"(anonymous_16)","decl":{"start":{"line":165,"column":14},"end":{"line":165,"column":15}},"loc":{"start":{"line":165,"column":24},"end":{"line":167,"column":9}},"line":165},"17":{"name":"(anonymous_17)","decl":{"start":{"line":168,"column":15},"end":{"line":168,"column":16}},"loc":{"start":{"line":168,"column":24},"end":{"line":171,"column":9}},"line":168},"18":{"name":"(anonymous_18)","decl":{"start":{"line":183,"column":24},"end":{"line":183,"column":25}},"loc":{"start":{"line":183,"column":38},"end":{"line":199,"column":1}},"line":183},"19":{"name":"(anonymous_19)","decl":{"start":{"line":184,"column":38},"end":{"line":184,"column":39}},"loc":{"start":{"line":184,"column":61},"end":{"line":189,"column":3}},"line":184},"20":{"name":"(anonymous_20)","decl":{"start":{"line":191,"column":19},"end":{"line":191,"column":20}},"loc":{"start":{"line":191,"column":41},"end":{"line":198,"column":5}},"line":191},"21":{"name":"(anonymous_21)","decl":{"start":{"line":194,"column":23},"end":{"line":194,"column":24}},"loc":{"start":{"line":194,"column":45},"end":{"line":196,"column":9}},"line":194},"22":{"name":"(anonymous_22)","decl":{"start":{"line":206,"column":19},"end":{"line":206,"column":20}},"loc":{"start":{"line":206,"column":33},"end":{"line":223,"column":1}},"line":206},"23":{"name":"(anonymous_23)","decl":{"start":{"line":207,"column":35},"end":{"line":207,"column":36}},"loc":{"start":{"line":207,"column":58},"end":{"line":222,"column":3}},"line":207},"24":{"name":"(anonymous_24)","decl":{"start":{"line":211,"column":23},"end":{"line":211,"column":24}},"loc":{"start":{"line":211,"column":45},"end":{"line":218,"column":9}},"line":211},"25":{"name":"(anonymous_25)","decl":{"start":{"line":214,"column":27},"end":{"line":214,"column":28}},"loc":{"start":{"line":214,"column":50},"end":{"line":217,"column":13}},"line":214},"26":{"name":"(anonymous_26)","decl":{"start":{"line":229,"column":22},"end":{"line":229,"column":23}},"loc":{"start":{"line":229,"column":42},"end":{"line":239,"column":1}},"line":229},"27":{"name":"(anonymous_27)","decl":{"start":{"line":230,"column":100},"end":{"line":230,"column":101}},"loc":{"start":{"line":230,"column":127},"end":{"line":238,"column":3}},"line":230},"28":{"name":"(anonymous_28)","decl":{"start":{"line":234,"column":6},"end":{"line":234,"column":7}},"loc":{"start":{"line":234,"column":28},"end":{"line":237,"column":7}},"line":234},"29":{"name":"(anonymous_29)","decl":{"start":{"line":245,"column":22},"end":{"line":245,"column":23}},"loc":{"start":{"line":245,"column":36},"end":{"line":250,"column":1}},"line":245},"30":{"name":"(anonymous_30)","decl":{"start":{"line":246,"column":35},"end":{"line":246,"column":36}},"loc":{"start":{"line":246,"column":58},"end":{"line":249,"column":3}},"line":246},"31":{"name":"(anonymous_31)","decl":{"start":{"line":257,"column":19},"end":{"line":257,"column":20}},"loc":{"start":{"line":257,"column":33},"end":{"line":269,"column":1}},"line":257},"32":{"name":"(anonymous_32)","decl":{"start":{"line":259,"column":50},"end":{"line":259,"column":51}},"loc":{"start":{"line":259,"column":74},"end":{"line":268,"column":5}},"line":259},"33":{"name":"(anonymous_33)","decl":{"start":{"line":264,"column":8},"end":{"line":264,"column":9}},"loc":{"start":{"line":264,"column":30},"end":{"line":267,"column":9}},"line":264},"34":{"name":"(anonymous_34)","decl":{"start":{"line":275,"column":24},"end":{"line":275,"column":25}},"loc":{"start":{"line":275,"column":44},"end":{"line":288,"column":1}},"line":275},"35":{"name":"(anonymous_35)","decl":{"start":{"line":277,"column":44},"end":{"line":277,"column":45}},"loc":{"start":{"line":277,"column":68},"end":{"line":287,"column":5}},"line":277},"36":{"name":"(anonymous_36)","decl":{"start":{"line":283,"column":8},"end":{"line":283,"column":9}},"loc":{"start":{"line":283,"column":30},"end":{"line":286,"column":9}},"line":283},"37":{"name":"(anonymous_37)","decl":{"start":{"line":294,"column":19},"end":{"line":294,"column":20}},"loc":{"start":{"line":294,"column":33},"end":{"line":300,"column":1}},"line":294},"38":{"name":"(anonymous_38)","decl":{"start":{"line":295,"column":35},"end":{"line":295,"column":36}},"loc":{"start":{"line":295,"column":58},"end":{"line":299,"column":3}},"line":295},"39":{"name":"(anonymous_39)","decl":{"start":{"line":306,"column":30},"end":{"line":306,"column":31}},"loc":{"start":{"line":306,"column":50},"end":{"line":315,"column":1}},"line":306},"40":{"name":"(anonymous_40)","decl":{"start":{"line":307,"column":54},"end":{"line":307,"column":55}},"loc":{"start":{"line":307,"column":77},"end":{"line":310,"column":3}},"line":307},"41":{"name":"(anonymous_41)","decl":{"start":{"line":323,"column":30},"end":{"line":323,"column":31}},"loc":{"start":{"line":323,"column":44},"end":{"line":323,"column":92}},"line":323},"42":{"name":"(anonymous_42)","decl":{"start":{"line":330,"column":33},"end":{"line":330,"column":34}},"loc":{"start":{"line":330,"column":53},"end":{"line":336,"column":1}},"line":330},"43":{"name":"(anonymous_43)","decl":{"start":{"line":332,"column":60},"end":{"line":332,"column":61}},"loc":{"start":{"line":332,"column":82},"end":{"line":335,"column":5}},"line":332},"44":{"name":"arrayUnique","decl":{"start":{"line":343,"column":9},"end":{"line":343,"column":20}},"loc":{"start":{"line":343,"column":28},"end":{"line":351,"column":1}},"line":343},"45":{"name":"findCommonElement","decl":{"start":{"line":352,"column":9},"end":{"line":352,"column":26}},"loc":{"start":{"line":352,"column":43},"end":{"line":362,"column":1}},"line":352},"46":{"name":"(anonymous_46)","decl":{"start":{"line":368,"column":37},"end":{"line":368,"column":38}},"loc":{"start":{"line":368,"column":57},"end":{"line":385,"column":1}},"line":368},"47":{"name":"(anonymous_47)","decl":{"start":{"line":379,"column":4},"end":{"line":379,"column":5}},"loc":{"start":{"line":379,"column":26},"end":{"line":382,"column":5}},"line":379},"48":{"name":"(anonymous_48)","decl":{"start":{"line":390,"column":25},"end":{"line":390,"column":26}},"loc":{"start":{"line":390,"column":39},"end":{"line":393,"column":1}},"line":390},"49":{"name":"(anonymous_49)","decl":{"start":{"line":398,"column":25},"end":{"line":398,"column":26}},"loc":{"start":{"line":398,"column":39},"end":{"line":400,"column":1}},"line":398},"50":{"name":"(anonymous_50)","decl":{"start":{"line":407,"column":29},"end":{"line":407,"column":30}},"loc":{"start":{"line":407,"column":55},"end":{"line":449,"column":1}},"line":407},"51":{"name":"(anonymous_51)","decl":{"start":{"line":434,"column":5},"end":{"line":434,"column":6}},"loc":{"start":{"line":434,"column":24},"end":{"line":447,"column":3}},"line":434},"52":{"name":"(anonymous_52)","decl":{"start":{"line":440,"column":19},"end":{"line":440,"column":20}},"loc":{"start":{"line":440,"column":30},"end":{"line":446,"column":5}},"line":440}},"branchMap":{"0":{"loc":{"start":{"line":38,"column":6},"end":{"line":38,"column":36}},"type":"if","locations":[{"start":{"line":38,"column":6},"end":{"line":38,"column":36}},{"start":{"line":38,"column":6},"end":{"line":38,"column":36}}],"line":38},"1":{"loc":{"start":{"line":39,"column":6},"end":{"line":61,"column":7}},"type":"if","locations":[{"start":{"line":39,"column":6},"end":{"line":61,"column":7}},{"start":{"line":39,"column":6},"end":{"line":61,"column":7}}],"line":39},"2":{"loc":{"start":{"line":40,"column":8},"end":{"line":59,"column":9}},"type":"if","locations":[{"start":{"line":40,"column":8},"end":{"line":59,"column":9}},{"start":{"line":40,"column":8},"end":{"line":59,"column":9}}],"line":40},"3":{"loc":{"start":{"line":44,"column":10},"end":{"line":57,"column":11}},"type":"if","locations":[{"start":{"line":44,"column":10},"end":{"line":57,"column":11}},{"start":{"line":44,"column":10},"end":{"line":57,"column":11}}],"line":44},"4":{"loc":{"start":{"line":51,"column":16},"end":{"line":51,"column":51}},"type":"if","locations":[{"start":{"line":51,"column":16},"end":{"line":51,"column":51}},{"start":{"line":51,"column":16},"end":{"line":51,"column":51}}],"line":51},"5":{"loc":{"start":{"line":52,"column":16},"end":{"line":52,"column":78}},"type":"if","locations":[{"start":{"line":52,"column":16},"end":{"line":52,"column":78}},{"start":{"line":52,"column":16},"end":{"line":52,"column":78}}],"line":52},"6":{"loc":{"start":{"line":89,"column":4},"end":{"line":89,"column":34}},"type":"if","locations":[{"start":{"line":89,"column":4},"end":{"line":89,"column":34}},{"start":{"line":89,"column":4},"end":{"line":89,"column":34}}],"line":89},"7":{"loc":{"start":{"line":90,"column":4},"end":{"line":92,"column":5}},"type":"if","locations":[{"start":{"line":90,"column":4},"end":{"line":92,"column":5}},{"start":{"line":90,"column":4},"end":{"line":92,"column":5}}],"line":90},"8":{"loc":{"start":{"line":95,"column":6},"end":{"line":95,"column":36}},"type":"if","locations":[{"start":{"line":95,"column":6},"end":{"line":95,"column":36}},{"start":{"line":95,"column":6},"end":{"line":95,"column":36}}],"line":95},"9":{"loc":{"start":{"line":111,"column":4},"end":{"line":111,"column":40}},"type":"if","locations":[{"start":{"line":111,"column":4},"end":{"line":111,"column":40}},{"start":{"line":111,"column":4},"end":{"line":111,"column":40}}],"line":111},"10":{"loc":{"start":{"line":112,"column":4},"end":{"line":115,"column":5}},"type":"if","locations":[{"start":{"line":112,"column":4},"end":{"line":115,"column":5}},{"start":{"line":112,"column":4},"end":{"line":115,"column":5}}],"line":112},"11":{"loc":{"start":{"line":130,"column":6},"end":{"line":130,"column":35}},"type":"if","locations":[{"start":{"line":130,"column":6},"end":{"line":130,"column":35}},{"start":{"line":130,"column":6},"end":{"line":130,"column":35}}],"line":130},"12":{"loc":{"start":{"line":132,"column":6},"end":{"line":134,"column":7}},"type":"if","locations":[{"start":{"line":132,"column":6},"end":{"line":134,"column":7}},{"start":{"line":132,"column":6},"end":{"line":134,"column":7}}],"line":132},"13":{"loc":{"start":{"line":147,"column":4},"end":{"line":147,"column":40}},"type":"if","locations":[{"start":{"line":147,"column":4},"end":{"line":147,"column":40}},{"start":{"line":147,"column":4},"end":{"line":147,"column":40}}],"line":147},"14":{"loc":{"start":{"line":148,"column":4},"end":{"line":150,"column":5}},"type":"if","locations":[{"start":{"line":148,"column":4},"end":{"line":150,"column":5}},{"start":{"line":148,"column":4},"end":{"line":150,"column":5}}],"line":148},"15":{"loc":{"start":{"line":162,"column":4},"end":{"line":162,"column":54}},"type":"if","locations":[{"start":{"line":162,"column":4},"end":{"line":162,"column":54}},{"start":{"line":162,"column":4},"end":{"line":162,"column":54}}],"line":162},"16":{"loc":{"start":{"line":163,"column":4},"end":{"line":174,"column":5}},"type":"if","locations":[{"start":{"line":163,"column":4},"end":{"line":174,"column":5}},{"start":{"line":163,"column":4},"end":{"line":174,"column":5}}],"line":163},"17":{"loc":{"start":{"line":185,"column":4},"end":{"line":185,"column":40}},"type":"if","locations":[{"start":{"line":185,"column":4},"end":{"line":185,"column":40}},{"start":{"line":185,"column":4},"end":{"line":185,"column":40}}],"line":185},"18":{"loc":{"start":{"line":186,"column":4},"end":{"line":188,"column":5}},"type":"if","locations":[{"start":{"line":186,"column":4},"end":{"line":188,"column":5}},{"start":{"line":186,"column":4},"end":{"line":188,"column":5}}],"line":186},"19":{"loc":{"start":{"line":192,"column":6},"end":{"line":192,"column":97}},"type":"if","locations":[{"start":{"line":192,"column":6},"end":{"line":192,"column":97}},{"start":{"line":192,"column":6},"end":{"line":192,"column":97}}],"line":192},"20":{"loc":{"start":{"line":195,"column":10},"end":{"line":195,"column":95}},"type":"if","locations":[{"start":{"line":195,"column":10},"end":{"line":195,"column":95}},{"start":{"line":195,"column":10},"end":{"line":195,"column":95}}],"line":195},"21":{"loc":{"start":{"line":208,"column":4},"end":{"line":208,"column":40}},"type":"if","locations":[{"start":{"line":208,"column":4},"end":{"line":208,"column":40}},{"start":{"line":208,"column":4},"end":{"line":208,"column":40}}],"line":208},"22":{"loc":{"start":{"line":209,"column":4},"end":{"line":221,"column":5}},"type":"if","locations":[{"start":{"line":209,"column":4},"end":{"line":221,"column":5}},{"start":{"line":209,"column":4},"end":{"line":221,"column":5}}],"line":209},"23":{"loc":{"start":{"line":212,"column":10},"end":{"line":212,"column":85}},"type":"if","locations":[{"start":{"line":212,"column":10},"end":{"line":212,"column":85}},{"start":{"line":212,"column":10},"end":{"line":212,"column":85}}],"line":212},"24":{"loc":{"start":{"line":215,"column":14},"end":{"line":215,"column":89}},"type":"if","locations":[{"start":{"line":215,"column":14},"end":{"line":215,"column":89}},{"start":{"line":215,"column":14},"end":{"line":215,"column":89}}],"line":215},"25":{"loc":{"start":{"line":231,"column":4},"end":{"line":231,"column":60}},"type":"if","locations":[{"start":{"line":231,"column":4},"end":{"line":231,"column":60}},{"start":{"line":231,"column":4},"end":{"line":231,"column":60}}],"line":231},"26":{"loc":{"start":{"line":235,"column":8},"end":{"line":235,"column":60}},"type":"if","locations":[{"start":{"line":235,"column":8},"end":{"line":235,"column":60}},{"start":{"line":235,"column":8},"end":{"line":235,"column":60}}],"line":235},"27":{"loc":{"start":{"line":247,"column":4},"end":{"line":247,"column":49}},"type":"if","locations":[{"start":{"line":247,"column":4},"end":{"line":247,"column":49}},{"start":{"line":247,"column":4},"end":{"line":247,"column":49}}],"line":247},"28":{"loc":{"start":{"line":260,"column":6},"end":{"line":260,"column":59}},"type":"if","locations":[{"start":{"line":260,"column":6},"end":{"line":260,"column":59}},{"start":{"line":260,"column":6},"end":{"line":260,"column":59}}],"line":260},"29":{"loc":{"start":{"line":265,"column":10},"end":{"line":265,"column":62}},"type":"if","locations":[{"start":{"line":265,"column":10},"end":{"line":265,"column":62}},{"start":{"line":265,"column":10},"end":{"line":265,"column":62}}],"line":265},"30":{"loc":{"start":{"line":278,"column":6},"end":{"line":278,"column":59}},"type":"if","locations":[{"start":{"line":278,"column":6},"end":{"line":278,"column":59}},{"start":{"line":278,"column":6},"end":{"line":278,"column":59}}],"line":278},"31":{"loc":{"start":{"line":284,"column":10},"end":{"line":284,"column":62}},"type":"if","locations":[{"start":{"line":284,"column":10},"end":{"line":284,"column":62}},{"start":{"line":284,"column":10},"end":{"line":284,"column":62}}],"line":284},"32":{"loc":{"start":{"line":296,"column":4},"end":{"line":296,"column":50}},"type":"if","locations":[{"start":{"line":296,"column":4},"end":{"line":296,"column":50}},{"start":{"line":296,"column":4},"end":{"line":296,"column":50}}],"line":296},"33":{"loc":{"start":{"line":297,"column":4},"end":{"line":297,"column":70}},"type":"if","locations":[{"start":{"line":297,"column":4},"end":{"line":297,"column":70}},{"start":{"line":297,"column":4},"end":{"line":297,"column":70}}],"line":297},"34":{"loc":{"start":{"line":308,"column":4},"end":{"line":308,"column":50}},"type":"if","locations":[{"start":{"line":308,"column":4},"end":{"line":308,"column":50}},{"start":{"line":308,"column":4},"end":{"line":308,"column":50}}],"line":308},"35":{"loc":{"start":{"line":309,"column":4},"end":{"line":309,"column":66}},"type":"if","locations":[{"start":{"line":309,"column":4},"end":{"line":309,"column":66}},{"start":{"line":309,"column":4},"end":{"line":309,"column":66}}],"line":309},"36":{"loc":{"start":{"line":333,"column":6},"end":{"line":333,"column":64}},"type":"if","locations":[{"start":{"line":333,"column":6},"end":{"line":333,"column":64}},{"start":{"line":333,"column":6},"end":{"line":333,"column":64}}],"line":333},"37":{"loc":{"start":{"line":347,"column":6},"end":{"line":347,"column":46}},"type":"if","locations":[{"start":{"line":347,"column":6},"end":{"line":347,"column":46}},{"start":{"line":347,"column":6},"end":{"line":347,"column":46}}],"line":347},"38":{"loc":{"start":{"line":356,"column":6},"end":{"line":358,"column":7}},"type":"if","locations":[{"start":{"line":356,"column":6},"end":{"line":358,"column":7}},{"start":{"line":356,"column":6},"end":{"line":358,"column":7}}],"line":356},"39":{"loc":{"start":{"line":380,"column":6},"end":{"line":380,"column":48}},"type":"if","locations":[{"start":{"line":380,"column":6},"end":{"line":380,"column":48}},{"start":{"line":380,"column":6},"end":{"line":380,"column":48}}],"line":380},"40":{"loc":{"start":{"line":381,"column":6},"end":{"line":381,"column":67}},"type":"if","locations":[{"start":{"line":381,"column":6},"end":{"line":381,"column":67}},{"start":{"line":381,"column":6},"end":{"line":381,"column":67}}],"line":381},"41":{"loc":{"start":{"line":435,"column":4},"end":{"line":438,"column":5}},"type":"if","locations":[{"start":{"line":435,"column":4},"end":{"line":438,"column":5}},{"start":{"line":435,"column":4},"end":{"line":438,"column":5}}],"line":435},"42":{"loc":{"start":{"line":441,"column":20},"end":{"line":441,"column":60}},"type":"binary-expr","locations":[{"start":{"line":441,"column":20},"end":{"line":441,"column":40}},{"start":{"line":441,"column":44},"end":{"line":441,"column":60}}],"line":441},"43":{"loc":{"start":{"line":443,"column"
[...]
,"C:\\Users\\Nima\\Desktop\\CPEN321\\CPEN-321\\db\\seeders\\seed_db.js": {"path":"C:\\Users\\Nima\\Desktop\\CPEN321\\CPEN-321\\db\\seeders\\seed_db.js","statementMap":{"0":{"start":{"line":2,"column":0},"end":{"line":7,"column":2}},"1":{"start":{"line":3,"column":2},"end":{"line":3,"column":48}},"2":{"start":{"line":4,"column":2},"end":{"line":4,"column":50}},"3":{"start":{"line":5,"column":2},"end":{"line":5,"column":50}},"4":{"start":{"line":6,"column":2},"end":{"line":6,"column":62}}},"fnMap":{"0":{"name":"(anonymous_0)","decl":{"start":{"line":2,"column":17},"end":{"line":2,"column":18}},"loc":{"start":{"line":2,"column":38},"end":{"line":7,"column":1}},"line":2}},"branchMap":{},"s":{"0":1,"1":1,"2":1,"3":1,"4":1},"f":{"0":1},"b":{},"_coverageSchema":"43e27e138ebf9cfc5966b082cf9a028302ed4184","hash":"4e9337d08b178fe559c82d01c5c60fe2322f5ca6"}
,"C:\\Users\\Nima\\Desktop\\CPEN321\\CPEN-321\\db\\seeders\\seed_event.js": {"path":"C:\\Users\\Nima\\Desktop\\CPEN321\\CPEN-321\\db\\seeders\\seed_event.js","statementMap":{"0":{"start":{"line":1,"column":15},"end":{"line":1,"column":50}},"1":{"start":{"line":2,"column":14},"end":{"line":2,"column":30}},"2":{"start":{"line":3,"column":14},"end":{"line":3,"column":30}},"3":{"start":{"line":4,"column":14},"end":{"line":4,"column":40}},"4":{"start":{"line":5,"column":17},"end":{"line":5,"column":46}},"5":{"start":{"line":6,"column":13},"end":{"line":6,"column":38}},"6":{"start":{"line":8,"column":0},"end":{"line":11,"column":3}},"7":{"start":{"line":9,"column":2},"end":{"line":9,"column":56}},"8":{"start":{"line":10,"column":2},"end":{"line":10,"column":9}},"9":{"start":{"line":13,"column":0},"end":{"line":35,"column":3}},"10":{"start":{"line":14,"column":2},"end":{"line":34,"column":5}},"11":{"start":{"line":15,"column":4},"end":{"line":15,"column":36}},"12":{"start":{"line":15,"column":13},"end":{"line":15,"column":36}},"13":{"start":{"line":17,"column":4},"end":{"line":32,"column":5}},"14":{"start":{"line":18,"column":20},"end":{"line":18,"column":86}},"15":{"start":{"line":19,"column":18},"end":{"line":19,"column":33}},"16":{"start":{"line":20,"column":6},"end":{"line":20,"column":39}},"17":{"start":{"line":21,"column":20},"end":{"line":27,"column":8}},"18":{"start":{"line":28,"column":6},"end":{"line":28,"column":25}},"19":{"start":{"line":29,"column":6},"end":{"line":31,"column":9}},"20":{"start":{"line":30,"column":8},"end":{"line":30,"column":44}},"21":{"start":{"line":30,"column":19},"end":{"line":30,"column":42}},"22":{"start":{"line":33,"column":4},"end":{"line":33,"column":77}},"23":{"start":{"line":36,"column":0},"end":{"line":36,"column":24}}},"fnMap":{"0":{"name":"(anonymous_0)","decl":{"start":{"line":8,"column":11},"end":{"line":8,"column":12}},"loc":{"start":{"line":8,"column":31},"end":{"line":11,"column":1}},"line":8},"1":{"name":"(anonymous_1)","decl":{"start":{"line":13,"column":33},"end":{"line":13,"column":34}},"loc":{"start":{"line":13,"column":47},"end":{"line":35,"column":1}},"line":13},"2":{"name":"(anonymous_2)","decl":{"start":{"line":14,"column":30},"end":{"line":14,"column":31}},"loc":{"start":{"line":14,"column":50},"end":{"line":34,"column":3}},"line":14},"3":{"name":"(anonymous_3)","decl":{"start":{"line":29,"column":17},"end":{"line":29,"column":18}},"loc":{"start":{"line":29,"column":40},"end":{"line":31,"column":7}},"line":29}},"branchMap":{"0":{"loc":{"start":{"line":15,"column":4},"end":{"line":15,"column":36}},"type":"if","locations":[{"start":{"line":15,"column":4},"end":{"line":15,"column":36}},{"start":{"line":15,"column":4},"end":{"line":15,"column":36}}],"line":15},"1":{"loc":{"start":{"line":30,"column":8},"end":{"line":30,"column":44}},"type":"if","locations":[{"start":{"line":30,"column":8},"end":{"line":30,"column":44}},{"start":{"line":30,"column":8},"end":{"line":30,"column":44}}],"line":30}},"s":{"0":1,"1":1,"2":1,"3":1,"4":1,"5":1,"6":1,"7":0,"8":0,"9":1,"10":0,"11":0,"12":0,"13":0,"14":0,"15":0,"16":0,"17":0,"18":0,"19":0,"20":0,"21":0,"22":0,"23":1},"f":{"0":0,"1":0,"2":0,"3":0},"b":{"0":[0,0],"1":[0,0]},"_coverageSchema":"43e27e138ebf9cfc5966b082cf9a028302ed4184","hash":"bab0689405cd5df68a4de427ea6a3cc6f3e3fba0"}
,"C:\\Users\\Nima\\Desktop\\CPEN321\\CPEN-321\\db\\seeders\\seed_group.js": {"path":"C:\\Users\\Nima\\Desktop\\CPEN321\\CPEN-321\\db\\seeders\\seed_group.js","statementMap":{"0":{"start":{"line":1,"column":15},"end":{"line":1,"column":50}},"1":{"start":{"line":2,"column":14},"end":{"line":2,"column":30}},"2":{"start":{"line":3,"column":14},"end":{"line":3,"column":30}},"3":{"start":{"line":4,"column":14},"end":{"line":4,"column":40}},"4":{"start":{"line":5,"column":17},"end":{"line":5,"column":46}},"5":{"start":{"line":6,"column":13},"end":{"line":6,"column":38}},"6":{"start":{"line":8,"column":0},"end":{"line":11,"column":3}},"7":{"start":{"line":9,"column":2},"end":{"line":9,"column":55}},"8":{"start":{"line":10,"column":2},"end":{"line":10,"column":9}},"9":{"start":{"line":13,"column":0},"end":{"line":33,"column":3}},"10":{"start":{"line":14,"column":2},"end":{"line":32,"column":5}},"11":{"start":{"line":15,"column":4},"end":{"line":15,"column":36}},"12":{"start":{"line":15,"column":13},"end":{"line":15,"column":36}},"13":{"start":{"line":16,"column":29},"end":{"line":16,"column":89}},"14":{"start":{"line":18,"column":4},"end":{"line":30,"column":5}},"15":{"start":{"line":19,"column":20},"end":{"line":26,"column":8}},"16":{"start":{"line":27,"column":6},"end":{"line":29,"column":9}},"17":{"start":{"line":28,"column":8},"end":{"line":28,"column":44}},"18":{"start":{"line":28,"column":19},"end":{"line":28,"column":42}},"19":{"start":{"line":31,"column":4},"end":{"line":31,"column":78}},"20":{"start":{"line":34,"column":0},"end":{"line":34,"column":24}}},"fnMap":{"0":{"name":"(anonymous_0)","decl":{"start":{"line":8,"column":11},"end":{"line":8,"column":12}},"loc":{"start":{"line":8,"column":31},"end":{"line":11,"column":1}},"line":8},"1":{"name":"(anonymous_1)","decl":{"start":{"line":13,"column":33},"end":{"line":13,"column":34}},"loc":{"start":{"line":13,"column":47},"end":{"line":33,"column":1}},"line":13},"2":{"name":"(anonymous_2)","decl":{"start":{"line":14,"column":30},"end":{"line":14,"column":31}},"loc":{"start":{"line":14,"column":50},"end":{"line":32,"column":3}},"line":14},"3":{"name":"(anonymous_3)","decl":{"start":{"line":27,"column":17},"end":{"line":27,"column":18}},"loc":{"start":{"line":27,"column":40},"end":{"line":29,"column":7}},"line":27}},"branchMap":{"0":{"loc":{"start":{"line":15,"column":4},"end":{"line":15,"column":36}},"type":"if","locations":[{"start":{"line":15,"column":4},"end":{"line":15,"column":36}},{"start":{"line":15,"column":4},"end":{"line":15,"column":36}}],"line":15},"1":{"loc":{"start":{"line":28,"column":8},"end":{"line":28,"column":44}},"type":"if","locations":[{"start":{"line":28,"column":8},"end":{"line":28,"column":44}},{"start":{"line":28,"column":8},"end":{"line":28,"column":44}}],"line":28}},"s":{"0":1,"1":1,"2":1,"3":1,"4":1,"5":1,"6":1,"7":0,"8":0,"9":1,"10":0,"11":0,"12":0,"13":0,"14":0,"15":0,"16":0,"17":0,"18":0,"19":0,"20":1},"f":{"0":0,"1":0,"2":0,"3":0},"b":{"0":[0,0],"1":[0,0]},"_coverageSchema":"43e27e138ebf9cfc5966b082cf9a028302ed4184","hash":"16a56b7f41bfd4ac4781923a5946543732292a70"}
,"C:\\Users\\Nima\\Desktop\\CPEN321\\CPEN-321\\db\\seeders\\seed_user.js": {"path":"C:\\Users\\Nima\\Desktop\\CPEN321\\CPEN-321\\db\\seeders\\seed_user.js","statementMap":{"0":{"start":{"line":1,"column":15},"end":{"line":1,"column":50}},"1":{"start":{"line":2,"column":14},"end":{"line":2,"column":30}},"2":{"start":{"line":3,"column":14},"end":{"line":3,"column":30}},"3":{"start":{"line":4,"column":13},"end":{"line":4,"column":38}},"4":{"start":{"line":6,"column":0},"end":{"line":9,"column":3}},"5":{"start":{"line":7,"column":2},"end":{"line":7,"column":55}},"6":{"start":{"line":8,"column":2},"end":{"line":8,"column":9}},"7":{"start":{"line":11,"column":0},"end":{"line":45,"column":3}},"8":{"start":{"line":13,"column":2},"end":{"line":13,"column":41}},"9":{"start":{"line":14,"column":2},"end":{"line":43,"column":3}},"10":{"start":{"line":15,"column":21},"end":{"line":15,"column":53}},"11":{"start":{"line":16,"column":17},"end":{"line":29,"column":6}},"12":{"start":{"line":30,"column":4},"end":{"line":30,"column":31}},"13":{"start":{"line":31,"column":4},"end":{"line":42,"column":7}},"14":{"start":{"line":32,"column":6},"end":{"line":32,"column":42}},"15":{"start":{"line":32,"column":17},"end":{"line":32,"column":40}},"16":{"start":{"line":33,"column":6},"end":{"line":35,"column":7}},"17":{"start":{"line":34,"column":8},"end":{"line":34,"column":87}},"18":{"start":{"line":37,"column":6},"end":{"line":41,"column":9}},"19":{"start":{"line":38,"column":8},"end":{"line":38,"column":44}},"20":{"start":{"line":38,"column":19},"end":{"line":38,"column":42}},"21":{"start":{"line":39,"column":8},"end":{"line":39,"column":76}},"22":{"start":{"line":39,"column":28},"end":{"line":39,"column":74}},"23":{"start":{"line":40,"column":8},"end":{"line":40,"column":33}},"24":{"start":{"line":44,"column":2},"end":{"line":44,"column":81}},"25":{"start":{"line":47,"column":0},"end":{"line":47,"column":24}}},"fnMap":{"0":{"name":"(anonymous_0)","decl":{"start":{"line":6,"column":11},"end":{"line":6,"column":12}},"loc":{"start":{"line":6,"column":31},"end":{"line":9,"column":1}},"line":6},"1":{"name":"(anonymous_1)","decl":{"start":{"line":11,"column":32},"end":{"line":11,"column":33}},"loc":{"start":{"line":11,"column":46},"end":{"line":45,"column":1}},"line":11},"2":{"name":"(anonymous_2)","decl":{"start":{"line":31,"column":44},"end":{"line":31,"column":45}},"loc":{"start":{"line":31,"column":67},"end":{"line":42,"column":5}},"line":31},"3":{"name":"(anonymous_3)","decl":{"start":{"line":37,"column":16},"end":{"line":37,"column":17}},"loc":{"start":{"line":37,"column":38},"end":{"line":41,"column":7}},"line":37}},"branchMap":{"0":{"loc":{"start":{"line":32,"column":6},"end":{"line":32,"column":42}},"type":"if","locations":[{"start":{"line":32,"column":6},"end":{"line":32,"column":42}},{"start":{"line":32,"column":6},"end":{"line":32,"column":42}}],"line":32},"1":{"loc":{"start":{"line":33,"column":6},"end":{"line":35,"column":7}},"type":"if","locations":[{"start":{"line":33,"column":6},"end":{"line":35,"column":7}},{"start":{"line":33,"column":6},"end":{"line":35,"column":7}}],"line":33},"2":{"loc":{"start":{"line":38,"column":8},"end":{"line":38,"column":44}},"type":"if","locations":[{"start":{"line":38,"column":8},"end":{"line":38,"column":44}},{"start":{"line":38,"column":8},"end":{"line":38,"column":44}}],"line":38},"3":{"loc":{"start":{"line":39,"column":8},"end":{"line":39,"column":76}},"type":"if","locations":[{"start":{"line":39,"column":8},"end":{"line":39,"column":76}},{"start":{"line":39,"column":8},"end":{"line":39,"column":76}}],"line":39}},"s":{"0":1,"1":1,"2":1,"3":1,"4":1,"5":0,"6":0,"7":1,"8":0,"9":0,"10":0,"11":0,"12":0,"13":0,"14":0,"15":0,"16":0,"17":0,"18":0,"19":0,"20":0,"21":0,"22":0,"23":0,"24":0,"25":1},"f":{"0":0,"1":0,"2":0,"3":0},"b":{"0":[0,0],"1":[0,0],"2":[0,0],"3":[0,0]},"_coverageSchema":"43e27e138ebf9cfc5966b082cf9a028302ed4184","hash":"e88c42824e5c94a27869f972ea43c194abcc0d23"}
,"C:\\Users\\Nima\\Desktop\\CPEN321\\CPEN-321\\routes\\calendar.js": {"path":"C:\\Users\\Nima\\Desktop\\CPEN321\\CPEN-321\\routes\\calendar.js","statementMap":{"0":{"start":{"line":4,"column":15},"end":{"line":4,"column":50}},"1":{"start":{"line":5,"column":27},"end":{"line":5,"column":61}},"2":{"start":{"line":8,"column":0},"end":{"line":11,"column":3}},"3":{"start":{"line":9,"column":2},"end":{"line":9,"column":36}},"4":{"start":{"line":10,"column":2},"end":{"line":10,"column":9}},"5":{"start":{"line":13,"column":0},"end":{"line":13,"column":59}},"6":{"start":{"line":14,"column":0},"end":{"line":14,"column":61}},"7":{"start":{"line":15,"column":0},"end":{"line":15,"column":84}},"8":{"start":{"line":16,"column":0},"end":{"line":16,"column":85}},"9":{"start":{"line":17,"column":0},"end":{"line":17,"column":78}},"10":{"start":{"line":18,"column":0},"end":{"line":18,"column":74}},"11":{"start":{"line":19,"column":0},"end":{"line":19,"column":58}},"12":{"start":{"line":20,"column":0},"end":{"line":20,"column":80}},"13":{"start":{"line":22,"column":0},"end":{"line":22,"column":24}}},"fnMap":{"0":{"name":"(anonymous_0)","decl":{"start":{"line":8,"column":11},"end":{"line":8,"column":12}},"loc":{"start":{"line":8,"column":31},"end":{"line":11,"column":1}},"line":8}},"branchMap":{},"s":{"0":1,"1":1,"2":1,"3":0,"4":0,"5":1,"6":1,"7":1,"8":1,"9":1,"10":1,"11":1,"12":1,"13":1},"f":{"0":0},"b":{},"_coverageSchema":"43e27e138ebf9cfc5966b082cf9a028302ed4184","hash":"b9b1c3974dcd1060f806e1c7509494a36813d71b"}
,"C:\\Users\\Nima\\Desktop\\CPEN321\\CPEN-321\\routes\\event.js": {"path":"C:\\Users\\Nima\\Desktop\\CPEN321\\CPEN-321\\routes\\event.js","statementMap":{"0":{"start":{"line":4,"column":15},"end":{"line":4,"column":50}},"1":{"start":{"line":5,"column":24},"end":{"line":5,"column":55}},"2":{"start":{"line":8,"column":0},"end":{"line":11,"column":3}},"3":{"start":{"line":9,"column":2},"end":{"line":9,"column":36}},"4":{"start":{"line":10,"column":2},"end":{"line":10,"column":9}},"5":{"start":{"line":13,"column":0},"end":{"line":13,"column":50}},"6":{"start":{"line":15,"column":0},"end":{"line":15,"column":56}},"7":{"start":{"line":17,"column":0},"end":{"line":17,"column":62}},"8":{"start":{"line":19,"column":0},"end":{"line":19,"column":58}},"9":{"start":{"line":22,"column":0},"end":{"line":22,"column":24}}},"fnMap":{"0":{"name":"(anonymous_0)","decl":{"start":{"line":8,"column":11},"end":{"line":8,"column":12}},"loc":{"start":{"line":8,"column":31},"end":{"line":11,"column":1}},"line":8}},"branchMap":{},"s":{"0":1,"1":1,"2":1,"3":0,"4":0,"5":1,"6":1,"7":1,"8":1,"9":1},"f":{"0":0},"b":{},"_coverageSchema":"43e27e138ebf9cfc5966b082cf9a028302ed4184","hash":"3729c5cf780907f50150b98b938e670d18fa8a5d"}
,"C:\\Users\\Nima\\Desktop\\CPEN321\\CPEN-321\\routes\\group.js": {"path":"C:\\Users\\Nima\\Desktop\\CPEN321\\CPEN-321\\routes\\group.js","statementMap":{"0":{"start":{"line":4,"column":15},"end":{"line":4,"column":50}},"1":{"start":{"line":5,"column":24},"end":{"line":5,"column":55}},"2":{"start":{"line":8,"column":0},"end":{"line":11,"column":3}},"3":{"start":{"line":9,"column":2},"end":{"line":9,"column":36}},"4":{"start":{"line":10,"column":2},"end":{"line":10,"column":9}},"5":{"start":{"line":12,"column":0},"end":{"line":12,"column":52}},"6":{"start":{"line":13,"column":0},"end":{"line":13,"column":50}},"7":{"start":{"line":14,"column":0},"end":{"line":14,"column":63}},"8":{"start":{"line":15,"column":0},"end":{"line":15,"column":72}},"9":{"start":{"line":16,"column":0},"end":{"line":16,"column":58}},"10":{"start":{"line":17,"column":0},"end":{"line":17,"column":64}},"11":{"start":{"line":18,"column":0},"end":{"line":18,"column":57}},"12":{"start":{"line":23,"column":0},"end":{"line":23,"column":24}}},"fnMap":{"0":{"name":"(anonymous_0)","decl":{"start":{"line":8,"column":11},"end":{"line":8,"column":12}},"loc":{"start":{"line":8,"column":31},"end":{"line":11,"column":1}},"line":8}},"branchMap":{},"s":{"0":1,"1":1,"2":1,"3":0,"4":0,"5":1,"6":1,"7":1,"8":1,"9":1,"10":1,"11":1,"12":1},"f":{"0":0},"b":{},"_coverageSchema":"43e27e138ebf9cfc5966b082cf9a028302ed4184","hash":"0c8e477b50db3a901651042f6d0c017d3b84780e"}
,"C:\\Users\\Nima\\Desktop\\CPEN321\\CPEN-321\\routes\\user.js": {"path":"C:\\Users\\Nima\\Desktop\\CPEN321\\CPEN-321\\routes\\user.js","statementMap":{"0":{"start":{"line":4,"column":15},"end":{"line":4,"column":50}},"1":{"start":{"line":5,"column":17},"end":{"line":5,"column":36}},"2":{"start":{"line":6,"column":23},"end":{"line":6,"column":53}},"3":{"start":{"line":7,"column":21},"end":{"line":7,"column":50}},"4":{"start":{"line":10,"column":20},"end":{"line":10,"column":68}},"5":{"start":{"line":13,"column":0},"end":{"line":16,"column":3}},"6":{"start":{"line":14,"column":2},"end":{"line":14,"column":36}},"7":{"start":{"line":15,"column":2},"end":{"line":15,"column":9}},"8":{"start":{"line":18,"column":0},"end":{"line":18,"column":48}},"9":{"start":{"line":19,"column":0},"end":{"line":19,"column":50}},"10":{"start":{"line":20,"column":0},"end":{"line":20,"column":58}},"11":{"start":{"line":23,"column":0},"end":{"line":23,"column":55}},"12":{"start":{"line":24,"column":0},"end":{"line":24,"column":62}},"13":{"start":{"line":25,"column":0},"end":{"line":25,"column":54}},"14":{"start":{"line":26,"column":0},"end":{"line":26,"column":64}},"15":{"start":{"line":29,"column":0},"end":{"line":29,"column":64}},"16":{"start":{"line":30,"column":0},"end":{"line":30,"column":54}},"17":{"start":{"line":32,"column":0},"end":{"line":32,"column":57}},"18":{"start":{"line":33,"column":0},"end":{"line":33,"column":60}},"19":{"start":{"line":34,"column":0},"end":{"line":34,"column":51}},"20":{"start":{"line":35,"column":0},"end":{"line":35,"column":58}},"21":{"start":{"line":36,"column":0},"end":{"line":36,"column":54}},"22":{"start":{"line":37,"column":0},"end":{"line":37,"column":77}},"23":{"start":{"line":39,"column":0},"end":{"line":39,"column":88}},"24":{"start":{"line":40,"column":0},"end":{"line":40,"column":83}},"25":{"start":{"line":42,"column":0},"end":{"line":42,"column":116}},"26":{"start":{"line":44,"column":0},"end":{"line":44,"column":65}},"27":{"start":{"line":46,"column":0},"end":{"line":46,"column":65}},"28":{"start":{"line":48,"column":0},"end":{"line":48,"column":67}},"29":{"start":{"line":51,"column":0},"end":{"line":51,"column":24}}},"fnMap":{"0":{"name":"(anonymous_0)","decl":{"start":{"line":13,"column":11},"end":{"line":13,"column":12}},"loc":{"start":{"line":13,"column":31},"end":{"line":16,"column":1}},"line":13}},"branchMap":{},"s":{"0":1,"1":1,"2":1,"3":1,"4":1,"5":1,"6":3,"7":3,"8":1,"9":1,"10":1,"11":1,"12":1,"13":1,"14":1,"15":1,"16":1,"17":1,"18":1,"19":1,"20":1,"21":1,"22":1,"23":1,"24":1,"25":1,"26":1,"27":1,"28":1,"29":1},"f":{"0":3},"b":{},"_coverageSchema":"43e27e138ebf9cfc5966b082cf9a028302ed4184","hash":"63b4a2b7bf4d819a39ca342b48950e5b32897447"}
}
