{"C:\\Users\\yanyi\\Documents\\Collections\\CPEN-321\\config\\index.js": {"path":"C:\\Users\\yanyi\\Documents\\Collections\\CPEN-321\\config\\index.js","statementMap":{"0":{"start":{"line":1,"column":0},"end":{"line":9,"column":2}}},"fnMap":{},"branchMap":{},"s":{"0":4},"f":{},"b":{},"_coverageSchema":"43e27e138ebf9cfc5966b082cf9a028302ed4184","hash":"0f5d6ca12e3cdfa0ded632b1bdbde9f6b9635868"}
,"C:\\Users\\yanyi\\Documents\\Collections\\CPEN-321\\controllers\\user.js": {"path":"C:\\Users\\yanyi\\Documents\\Collections\\CPEN-321\\controllers\\user.js","statementMap":{"0":{"start":{"line":5,"column":19},"end":{"line":5,"column":40}},"1":{"start":{"line":6,"column":19},"end":{"line":6,"column":49}},"2":{"start":{"line":7,"column":12},"end":{"line":7,"column":35}},"3":{"start":{"line":8,"column":30},"end":{"line":8,"column":56}},"4":{"start":{"line":10,"column":17},"end":{"line":10,"column":40}},"5":{"start":{"line":13,"column":13},"end":{"line":13,"column":41}},"6":{"start":{"line":14,"column":14},"end":{"line":14,"column":43}},"7":{"start":{"line":15,"column":17},"end":{"line":15,"column":49}},"8":{"start":{"line":16,"column":14},"end":{"line":16,"column":43}},"9":{"start":{"line":18,"column":27},"end":{"line":18,"column":56}},"10":{"start":{"line":19,"column":25},"end":{"line":19,"column":54}},"11":{"start":{"line":22,"column":18},"end":{"line":27,"column":14}},"12":{"start":{"line":22,"column":28},"end":{"line":27,"column":14}},"13":{"start":{"line":35,"column":0},"end":{"line":64,"column":2}},"14":{"start":{"line":36,"column":2},"end":{"line":63,"column":7}},"15":{"start":{"line":38,"column":6},"end":{"line":38,"column":52}},"16":{"start":{"line":38,"column":17},"end":{"line":38,"column":50}},"17":{"start":{"line":39,"column":6},"end":{"line":61,"column":7}},"18":{"start":{"line":40,"column":8},"end":{"line":59,"column":9}},"19":{"start":{"line":41,"column":26},"end":{"line":41,"column":79}},"20":{"start":{"line":44,"column":10},"end":{"line":57,"column":11}},"21":{"start":{"line":46,"column":26},"end":{"line":46,"column":49}},"22":{"start":{"line":48,"column":45},"end":{"line":48,"column":103}},"23":{"start":{"line":49,"column":12},"end":{"line":53,"column":17}},"24":{"start":{"line":51,"column":16},"end":{"line":51,"column":58}},"25":{"start":{"line":51,"column":25},"end":{"line":51,"column":58}},"26":{"start":{"line":52,"column":16},"end":{"line":52,"column":78}},"27":{"start":{"line":52,"column":34},"end":{"line":52,"column":78}},"28":{"start":{"line":54,"column":12},"end":{"line":54,"column":38}},"29":{"start":{"line":56,"column":12},"end":{"line":56,"column":54}},"30":{"start":{"line":58,"column":10},"end":{"line":58,"column":56}},"31":{"start":{"line":60,"column":8},"end":{"line":60,"column":53}},"32":{"start":{"line":62,"column":6},"end":{"line":62,"column":77}},"33":{"start":{"line":67,"column":0},"end":{"line":69,"column":2}},"34":{"start":{"line":68,"column":2},"end":{"line":68,"column":35}},"35":{"start":{"line":77,"column":0},"end":{"line":103,"column":2}},"36":{"start":{"line":78,"column":15},"end":{"line":87,"column":4}},"37":{"start":{"line":88,"column":2},"end":{"line":102,"column":5}},"38":{"start":{"line":89,"column":4},"end":{"line":89,"column":50}},"39":{"start":{"line":89,"column":15},"end":{"line":89,"column":48}},"40":{"start":{"line":90,"column":4},"end":{"line":93,"column":5}},"41":{"start":{"line":91,"column":6},"end":{"line":91,"column":40}},"42":{"start":{"line":92,"column":6},"end":{"line":92,"column":85}},"43":{"start":{"line":95,"column":4},"end":{"line":101,"column":7}},"44":{"start":{"line":96,"column":6},"end":{"line":96,"column":52}},"45":{"start":{"line":96,"column":17},"end":{"line":96,"column":50}},"46":{"start":{"line":98,"column":20},"end":{"line":98,"column":42}},"47":{"start":{"line":100,"column":6},"end":{"line":100,"column":48}},"48":{"start":{"line":111,"column":0},"end":{"line":120,"column":2}},"49":{"start":{"line":112,"column":2},"end":{"line":119,"column":5}},"50":{"start":{"line":113,"column":4},"end":{"line":113,"column":40}},"51":{"start":{"line":113,"column":15},"end":{"line":113,"column":38}},"52":{"start":{"line":114,"column":4},"end":{"line":117,"column":5}},"53":{"start":{"line":115,"column":6},"end":{"line":115,"column":52}},"54":{"start":{"line":116,"column":6},"end":{"line":116,"column":48}},"55":{"start":{"line":118,"column":4},"end":{"line":118,"column":68}},"56":{"start":{"line":128,"column":0},"end":{"line":139,"column":2}},"57":{"start":{"line":129,"column":2},"end":{"line":138,"column":7}},"58":{"start":{"line":132,"column":6},"end":{"line":132,"column":35}},"59":{"start":{"line":132,"column":17},"end":{"line":132,"column":33}},"60":{"start":{"line":133,"column":6},"end":{"line":133,"column":32}},"61":{"start":{"line":134,"column":6},"end":{"line":136,"column":7}},"62":{"start":{"line":135,"column":8},"end":{"line":135,"column":50}},"63":{"start":{"line":137,"column":6},"end":{"line":137,"column":70}},"64":{"start":{"line":147,"column":0},"end":{"line":155,"column":2}},"65":{"start":{"line":148,"column":2},"end":{"line":154,"column":5}},"66":{"start":{"line":149,"column":4},"end":{"line":149,"column":40}},"67":{"start":{"line":149,"column":15},"end":{"line":149,"column":38}},"68":{"start":{"line":150,"column":4},"end":{"line":152,"column":5}},"69":{"start":{"line":151,"column":6},"end":{"line":151,"column":58}},"70":{"start":{"line":153,"column":4},"end":{"line":153,"column":68}},"71":{"start":{"line":162,"column":0},"end":{"line":178,"column":2}},"72":{"start":{"line":163,"column":2},"end":{"line":177,"column":5}},"73":{"start":{"line":164,"column":4},"end":{"line":164,"column":54}},"74":{"start":{"line":164,"column":15},"end":{"line":164,"column":52}},"75":{"start":{"line":165,"column":4},"end":{"line":176,"column":5}},"76":{"start":{"line":166,"column":6},"end":{"line":173,"column":11}},"77":{"start":{"line":168,"column":10},"end":{"line":168,"column":37}},"78":{"start":{"line":171,"column":10},"end":{"line":171,"column":57}},"79":{"start":{"line":172,"column":10},"end":{"line":172,"column":29}},"80":{"start":{"line":175,"column":6},"end":{"line":175,"column":70}},"81":{"start":{"line":185,"column":0},"end":{"line":202,"column":2}},"82":{"start":{"line":186,"column":2},"end":{"line":192,"column":5}},"83":{"start":{"line":187,"column":4},"end":{"line":187,"column":40}},"84":{"start":{"line":187,"column":15},"end":{"line":187,"column":38}},"85":{"start":{"line":188,"column":4},"end":{"line":188,"column":30}},"86":{"start":{"line":189,"column":4},"end":{"line":191,"column":5}},"87":{"start":{"line":190,"column":6},"end":{"line":190,"column":80}},"88":{"start":{"line":193,"column":2},"end":{"line":201,"column":7}},"89":{"start":{"line":195,"column":6},"end":{"line":195,"column":97}},"90":{"start":{"line":195,"column":17},"end":{"line":195,"column":95}},"91":{"start":{"line":196,"column":6},"end":{"line":199,"column":11}},"92":{"start":{"line":198,"column":10},"end":{"line":198,"column":95}},"93":{"start":{"line":198,"column":21},"end":{"line":198,"column":93}},"94":{"start":{"line":200,"column":6},"end":{"line":200,"column":40}},"95":{"start":{"line":209,"column":0},"end":{"line":226,"column":2}},"96":{"start":{"line":210,"column":2},"end":{"line":225,"column":5}},"97":{"start":{"line":211,"column":4},"end":{"line":211,"column":40}},"98":{"start":{"line":211,"column":15},"end":{"line":211,"column":38}},"99":{"start":{"line":212,"column":4},"end":{"line":224,"column":5}},"100":{"start":{"line":213,"column":6},"end":{"line":221,"column":11}},"101":{"start":{"line":215,"column":10},"end":{"line":215,"column":85}},"102":{"start":{"line":215,"column":21},"end":{"line":215,"column":83}},"103":{"start":{"line":216,"column":10},"end":{"line":220,"column":15}},"104":{"start":{"line":218,"column":14},"end":{"line":218,"column":89}},"105":{"start":{"line":218,"column":25},"end":{"line":218,"column":87}},"106":{"start":{"line":219,"column":14},"end":{"line":219,"column":48}},"107":{"start":{"line":223,"column":6},"end":{"line":223,"column":70}},"108":{"start":{"line":232,"column":0},"end":{"line":242,"column":2}},"109":{"start":{"line":233,"column":2},"end":{"line":241,"column":5}},"110":{"start":{"line":234,"column":4},"end":{"line":234,"column":60}},"111":{"start":{"line":234,"column":15},"end":{"line":234,"column":58}},"112":{"start":{"line":235,"column":4},"end":{"line":235,"column":34}},"113":{"start":{"line":236,"column":4},"end":{"line":240,"column":9}},"114":{"start":{"line":238,"column":8},"end":{"line":238,"column":60}},"115":{"start":{"line":238,"column":19},"end":{"line":238,"column":58}},"116":{"start":{"line":239,"column":8},"end":{"line":239,"column":42}},"117":{"start":{"line":248,"column":0},"end":{"line":253,"column":2}},"118":{"start":{"line":249,"column":2},"end":{"line":252,"column":5}},"119":{"start":{"line":250,"column":4},"end":{"line":250,"column":49}},"120":{"start":{"line":250,"column":15},"end":{"line":250,"column":47}},"121":{"start":{"line":251,"column":4},"end":{"line":251,"column":52}},"122":{"start":{"line":260,"column":0},"end":{"line":272,"column":2}},"123":{"start":{"line":261,"column":2},"end":{"line":271,"column":7}},"124":{"start":{"line":263,"column":6},"end":{"line":263,"column":59}},"125":{"start":{"line":263,"column":17},"end":{"line":263,"column":57}},"126":{"start":{"line":264,"column":6},"end":{"line":264,"column":27}},"127":{"start":{"line":265,"column":6},"end":{"line":270,"column":11}},"128":{"start":{"line":268,"column":10},"end":{"line":268,"column":62}},"129":{"start":{"line":268,"column":21},"end":{"line":268,"column":60}},"130":{"start":{"line":269,"column":10},"end":{"line":269,"column":44}},"131":{"start":{"line":278,"column":0},"end":{"line":291,"column":2}},"132":{"start":{"line":279,"column":2},"end":{"line":290,"column":7}},"133":{"start":{"line":281,"column":6},"end":{"line":281,"column":59}},"134":{"start":{"line":281,"column":17},"end":{"line":281,"column":57}},"135":{"start":{"line":282,"column":6},"end":{"line":282,"column":33}},"136":{"start":{"line":283,"column":6},"end":{"line":283,"column":27}},"137":{"start":{"line":284,"column":6},"end":{"line":289,"column":11}},"138":{"start":{"line":287,"column":10},"end":{"line":287,"column":62}},"139":{"start":{"line":287,"column":21},"end":{"line":287,"column":60}},"140":{"start":{"line":288,"column":10},"end":{"line":288,"column":44}},"141":{"start":{"line":297,"column":0},"end":{"line":303,"column":2}},"142":{"start":{"line":298,"column":2},"end":{"line":302,"column":5}},"143":{"start":{"line":299,"column":4},"end":{"line":299,"column":50}},"144":{"start":{"line":299,"column":15},"end":{"line":299,"column":48}},"145":{"start":{"line":300,"column":4},"end":{"line":300,"column":70}},"146":{"start":{"line":300,"column":25},"end":{"line":300,"column":68}},"147":{"start":{"line":301,"column":4},"end":{"line":301,"column":57}},"148":{"start":{"line":309,"column":0},"end":{"line":318,"column":2}},"149":{"start":{"line":310,"column":15},"end":{"line":313,"column":4}},"150":{"start":{"line":311,"column":4},"end":{"line":311,"column":50}},"151":{"start":{"line":311,"column":15},"end":{"line":311,"column":48}},"152":{"start":{"line":312,"column":4},"end":{"line":312,"column":66}},"153":{"start":{"line":312,"column":23},"end":{"line":312,"column":66}},"154":{"start":{"line":314,"column":19},"end":{"line":314,"column":78}},"155":{"start":{"line":315,"column":2},"end":{"line":315,"column":65}},"156":{"start":{"line":316,"column":2},"end":{"line":316,"column":20}},"157":{"start":{"line":317,"column":2},"end":{"line":317,"column":49}},"158":{"start":{"line":326,"column":0},"end":{"line":326,"column":93}},"159":{"start":{"line":326,"column":44},"end":{"line":326,"column":92}},"160":{"start":{"line":333,"column":0},"end":{"line":339,"column":2}},"161":{"start":{"line":334,"column":2},"end":{"line":338,"column":7}},"162":{"start":{"line":336,"column":6},"end":{"line":336,"column":64}},"163":{"start":{"line":336,"column":17},"end":{"line":336,"column":62}},"164":{"start":{"line":337,"column":6},"end":{"line":337,"column":38}},"165":{"start":{"line":347,"column":12},"end":{"line":347,"column":26}},"166":{"start":{"line":348,"column":2},"end":{"line":352,"column":3}},"167":{"start":{"line":348,"column":15},"end":{"line":348,"column":16}},"168":{"start":{"line":349,"column":4},"end":{"line":351,"column":5}},"169":{"start":{"line":349,"column":17},"end":{"line":349,"column":22}},"170":{"start":{"line":350,"column":6},"end":{"line":350,"column":46}},"171":{"start":{"line":350,"column":29},"end":{"line":350,"column":46}},"172":{"start":{"line":353,"column":2},"end":{"line":353,"column":11}},"173":{"start":{"line":356,"column":17},"end":{"line":356,"column":19}},"174":{"start":{"line":357,"column":2},"end":{"line":363,"column":3}},"175":{"start":{"line":357,"column":14},"end":{"line":357,"column":15}},"176":{"start":{"line":358,"column":4},"end":{"line":362,"column":5}},"177":{"start":{"line":358,"column":16},"end":{"line":358,"column":17}},"178":{"start":{"line":359,"column":6},"end":{"line":361,"column":7}},"179":{"start":{"line":360,"column":8},"end":{"line":360,"column":31}},"180":{"start":{"line":364,"column":2},"end":{"line":364,"column":16}},"181":{"start":{"line":371,"column":0},"end":{"line":388,"column":2}},"182":{"start":{"line":372,"column":35},"end":{"line":372,"column":100}},"183":{"start":{"line":373,"column":31},"end":{"line":373,"column":135}},"184":{"start":{"line":375,"column":2},"end":{"line":375,"column":46}},"185":{"start":{"line":376,"column":2},"end":{"line":376,"column":42}},"186":{"start":{"line":378,"column":17},"end":{"line":378,"column":82}},"187":{"start":{"line":379,"column":15},"end":{"line":385,"column":6}},"188":{"start":{"line":383,"column":6},"end":{"line":383,"column":48}},"189":{"start":{"line":383,"column":15},"end":{"line":383,"column":48}},"190":{"start":{"line":384,"column":6},"end":{"line":384,"column":67}},"191":{"start":{"line":384,"column":24},"end":{"line":384,"column":67}},"192":{"start":{"line":386,"column":2},"end":{"line":386,"column":22}},"193":{"start":{"line":387,"column":2},"end":{"line":387,"column":38}},"194":{"start":{"line":393,"column":0},"end":{"line":396,"column":2}},"195":{"start":{"line":394,"column":2},"end":{"line":394,"column":33}},"196":{"start":{"line":395,"column":2},"end":{"line":395,"column":51}},"197":{"start":{"line":401,"column":0},"end":{"line":403,"column":2}},"198":{"start":{"line":402,"column":2},"end":{"line":402,"column":51}},"199":{"start":{"line":410,"column":0},"end":{"line":452,"column":2}},"200":{"start":{"line":411,"column":23},"end":{"line":413,"column":36}},"201":{"start":{"line":420,"column":2},"end":{"line":420,"column":40}},"202":{"start":{"line":422,"column":19},"end":{"line":422,"column":40}},"203":{"start":{"line":428,"column":22},"end":{"line":428,"column":42}},"204":{"start":{"line":429,"column":25},"end":{"line":429,"column":67}},"205":{"start":{"line":432,"column":2},"end":{"line":450,"column":5}},"206":{"start":{"line":438,"column":4},"end":{"line":441,"column":5}},"207":{"start":{"line":439,"column":6},"end":{"line":439,"column":55}},"208":{"start":{"line":440,"column":6},"end":{"line":440,"column":13}},"209":{"start":{"line":442,"column":19},"end":{"line":442,"column":38}},"210":{"start":{"line":443,"column":4},"end":{"line":449,"column":7}},"211":{"start":{"line":444,"column":20},"end":{"line":444,"column":60}},"212":{"start":{"line":446,"column":6},"end":{"line":448,"column":7}},"213":{"start":{"line":447,"column":8},"end":{"line":447,"column":53}},"214":{"start":{"line":451,"column":2},"end":{"line":451,"column":43}}},"fnMap":{"0":{"name":"(anonymous_0)","decl":{"start":{"line":22,"column":18},"end":{"line":22,"column":19}},"loc":{"start":{"line":22,"column":28},"end":{"line":27,"column":14}},"line":22},"1":{"name":"(anonymous_1)","decl":{"start":{"line":35,"column":20},"end":{"line":35,"column":21}},"loc":{"start":{"line":35,"column":34},"end":{"line":64,"column":1}},"line":35},"2":{"name":"(anonymous_2)","decl":{"start":{"line":37,"column":4},"end":{"line":37,"column":5}},"loc":{"start":{"line":37,"column":33},"end":{"line":63,"column":5}},"line":37},"3":{"name":"(anonymous_3)","decl":{"start":{"line":50,"column":14},"end":{"line":50,"column":15}},"loc":{"start":{"line":50,"column":36},"end":{"line":53,"column":15}},"line":50},"4":{"name":"(anonymous_4)","decl":{"start":{"line":67,"column":17},"end":{"line":67,"column":18}},"loc":{"start":{"line":67,"column":37},"end":{"line":69,"column":1}},"line":67},"5":{"name":"(anonymous_5)","decl":{"start":{"line":77,"column":21},"end":{"line":77,"column":22}},"loc":{"start":{"line":77,"column":35},"end":{"line":103,"column":1}},"line":77},"6":{"name":"(anonymous_6)","decl":{"start":{"line":88,"column":42},"end":{"line":88,"column":43}},"loc":{"start":{"line":88,"column":65},"end":{"line":102,"column":3}},"line":88},"7":{"name":"(anonymous_7)","decl":{"start":{"line":95,"column":14},"end":{"line":95,"column":15}},"loc":{"start":{"line":95,"column":36},"end":{"line":101,"column":5}},"line":95},"8":{"name":"(anonymous_8)","decl":{"start":{"line":111,"column":18},"end":{"line":111,"column":19}},"loc":{"start":{"line":111,"column":32},"end":{"line":120,"column":1}},"line":111},"9":{"name":"(anonymous_9)","decl":{"start":{"line":112,"column":35},"end":{"line":112,"column":36}},"loc":{"start":{"line":112,"column":58},"end":{"line":119,"column":3}},"line":112},"10":{"name":"(anonymous_10)","decl":{"start":{"line":128,"column":23},"end":{"line":128,"column":24}},"loc":{"start":{"line":128,"column":37},"end":{"line":139,"column":1}},"line":128},"11":{"name":"(anonymous_11)","decl":{"start":{"line":131,"column":4},"end":{"line":131,"column":5}},"loc":{"start":{"line":131,"column":27},"end":{"line":138,"column":5}},"line":131},"12":{"name":"(anonymous_12)","decl":{"start":{"line":147,"column":19},"end":{"line":147,"column":20}},"loc":{"start":{"line":147,"column":33},"end":{"line":155,"column":1}},"line":147},"13":{"name":"(anonymous_13)","decl":{"start":{"line":148,"column":35},"end":{"line":148,"column":36}},"loc":{"start":{"line":148,"column":58},"end":{"line":154,"column":3}},"line":148},"14":{"name":"(anonymous_14)","decl":{"start":{"line":162,"column":24},"end":{"line":162,"column":25}},"loc":{"start":{"line":162,"column":38},"end":{"line":178,"column":1}},"line":162},"15":{"name":"(anonymous_15)","decl":{"start":{"line":163,"column":35},"end":{"line":163,"column":36}},"loc":{"start":{"line":163,"column":58},"end":{"line":177,"column":3}},"line":163},"16":{"name":"(anonymous_16)","decl":{"start":{"line":167,"column":14},"end":{"line":167,"column":15}},"loc":{"start":{"line":167,"column":24},"end":{"line":169,"column":9}},"line":167},"17":{"name":"(anonymous_17)","decl":{"start":{"line":170,"column":15},"end":{"line":170,"column":16}},"loc":{"start":{"line":170,"column":24},"end":{"line":173,"column":9}},"line":170},"18":{"name":"(anonymous_18)","decl":{"start":{"line":185,"column":24},"end":{"line":185,"column":25}},"loc":{"start":{"line":185,"column":38},"end":{"line":202,"column":1}},"line":185},"19":{"name":"(anonymous_19)","decl":{"start":{"line":186,"column":38},"end":{"line":186,"column":39}},"loc":{"start":{"line":186,"column":61},"end":{"line":192,"column":3}},"line":186},"20":{"name":"(anonymous_20)","decl":{"start":{"line":194,"column":19},"end":{"line":194,"column":20}},"loc":{"start":{"line":194,"column":41},"end":{"line":201,"column":5}},"line":194},"21":{"name":"(anonymous_21)","decl":{"start":{"line":197,"column":23},"end":{"line":197,"column":24}},"loc":{"start":{"line":197,"column":45},"end":{"line":199,"column":9}},"line":197},"22":{"name":"(anonymous_22)","decl":{"start":{"line":209,"column":19},"end":{"line":209,"column":20}},"loc":{"start":{"line":209,"column":33},"end":{"line":226,"column":1}},"line":209},"23":{"name":"(anonymous_23)","decl":{"start":{"line":210,"column":35},"end":{"line":210,"column":36}},"loc":{"start":{"line":210,"column":58},"end":{"line":225,"column":3}},"line":210},"24":{"name":"(anonymous_24)","decl":{"start":{"line":214,"column":23},"end":{"line":214,"column":24}},"loc":{"start":{"line":214,"column":45},"end":{"line":221,"column":9}},"line":214},"25":{"name":"(anonymous_25)","decl":{"start":{"line":217,"column":27},"end":{"line":217,"column":28}},"loc":{"start":{"line":217,"column":50},"end":{"line":220,"column":13}},"line":217},"26":{"name":"(anonymous_26)","decl":{"start":{"line":232,"column":22},"end":{"line":232,"column":23}},"loc":{"start":{"line":232,"column":42},"end":{"line":242,"column":1}},"line":232},"27":{"name":"(anonymous_27)","decl":{"start":{"line":233,"column":100},"end":{"line":233,"column":101}},"loc":{"start":{"line":233,"column":127},"end":{"line":241,"column":3}},"line":233},"28":{"name":"(anonymous_28)","decl":{"start":{"line":237,"column":6},"end":{"line":237,"column":7}},"loc":{"start":{"line":237,"column":28},"end":{"line":240,"column":7}},"line":237},"29":{"name":"(anonymous_29)","decl":{"start":{"line":248,"column":22},"end":{"line":248,"column":23}},"loc":{"start":{"line":248,"column":36},"end":{"line":253,"column":1}},"line":248},"30":{"name":"(anonymous_30)","decl":{"start":{"line":249,"column":35},"end":{"line":249,"column":36}},"loc":{"start":{"line":249,"column":58},"end":{"line":252,"column":3}},"line":249},"31":{"name":"(anonymous_31)","decl":{"start":{"line":260,"column":19},"end":{"line":260,"column":20}},"loc":{"start":{"line":260,"column":33},"end":{"line":272,"column":1}},"line":260},"32":{"name":"(anonymous_32)","decl":{"start":{"line":262,"column":50},"end":{"line":262,"column":51}},"loc":{"start":{"line":262,"column":74},"end":{"line":271,"column":5}},"line":262},"33":{"name":"(anonymous_33)","decl":{"start":{"line":267,"column":8},"end":{"line":267,"column":9}},"loc":{"start":{"line":267,"column":30},"end":{"line":270,"column":9}},"line":267},"34":{"name":"(anonymous_34)","decl":{"start":{"line":278,"column":24},"end":{"line":278,"column":25}},"loc":{"start":{"line":278,"column":44},"end":{"line":291,"column":1}},"line":278},"35":{"name":"(anonymous_35)","decl":{"start":{"line":280,"column":44},"end":{"line":280,"column":45}},"loc":{"start":{"line":280,"column":68},"end":{"line":290,"column":5}},"line":280},"36":{"name":"(anonymous_36)","decl":{"start":{"line":286,"column":8},"end":{"line":286,"column":9}},"loc":{"start":{"line":286,"column":30},"end":{"line":289,"column":9}},"line":286},"37":{"name":"(anonymous_37)","decl":{"start":{"line":297,"column":19},"end":{"line":297,"column":20}},"loc":{"start":{"line":297,"column":33},"end":{"line":303,"column":1}},"line":297},"38":{"name":"(anonymous_38)","decl":{"start":{"line":298,"column":35},"end":{"line":298,"column":36}},"loc":{"start":{"line":298,"column":58},"end":{"line":302,"column":3}},"line":298},"39":{"name":"(anonymous_39)","decl":{"start":{"line":309,"column":30},"end":{"line":309,"column":31}},"loc":{"start":{"line":309,"column":50},"end":{"line":318,"column":1}},"line":309},"40":{"name":"(anonymous_40)","decl":{"start":{"line":310,"column":54},"end":{"line":310,"column":55}},"loc":{"start":{"line":310,"column":77},"end":{"line":313,"column":3}},"line":310},"41":{"name":"(anonymous_41)","decl":{"start":{"line":326,"column":30},"end":{"line":326,"column":31}},"loc":{"start":{"line":326,"column":44},"end":{"line":326,"column":92}},"line":326},"42":{"name":"(anonymous_42)","decl":{"start":{"line":333,"column":33},"end":{"line":333,"column":34}},"loc":{"start":{"line":333,"column":53},"end":{"line":339,"column":1}},"line":333},"43":{"name":"(anonymous_43)","decl":{"start":{"line":335,"column":60},"end":{"line":335,"column":61}},"loc":{"start":{"line":335,"column":82},"end":{"line":338,"column":5}},"line":335},"44":{"name":"arrayUnique","decl":{"start":{"line":346,"column":9},"end":{"line":346,"column":20}},"loc":{"start":{"line":346,"column":28},"end":{"line":354,"column":1}},"line":346},"45":{"name":"findCommonElement","decl":{"start":{"line":355,"column":9},"end":{"line":355,"column":26}},"loc":{"start":{"line":355,"column":43},"end":{"line":365,"column":1}},"line":355},"46":{"name":"(anonymous_46)","decl":{"start":{"line":371,"column":37},"end":{"line":371,"column":38}},"loc":{"start":{"line":371,"column":57},"end":{"line":388,"column":1}},"line":371},"47":{"name":"(anonymous_47)","decl":{"start":{"line":382,"column":4},"end":{"line":382,"column":5}},"loc":{"start":{"line":382,"column":26},"end":{"line":385,"column":5}},"line":382},"48":{"name":"(anonymous_48)","decl":{"start":{"line":393,"column":25},"end":{"line":393,"column":26}},"loc":{"start":{"line":393,"column":39},"end":{"line":396,"column":1}},"line":393},"49":{"name":"(anonymous_49)","decl":{"start":{"line":401,"column":25},"end":{"line":401,"column":26}},"loc":{"start":{"line":401,"column":39},"end":{"line":403,"column":1}},"line":401},"50":{"name":"(anonymous_50)","decl":{"start":{"line":410,"column":29},"end":{"line":410,"column":30}},"loc":{"start":{"line":410,"column":55},"end":{"line":452,"column":1}},"line":410},"51":{"name":"(anonymous_51)","decl":{"start":{"line":437,"column":5},"end":{"line":437,"column":6}},"loc":{"start":{"line":437,"column":24},"end":{"line":450,"column":3}},"line":437},"52":{"name":"(anonymous_52)","decl":{"start":{"line":443,"column":19},"end":{"line":443,"column":20}},"loc":{"start":{"line":443,"column":30},"end":{"line":449,"column":5}},"line":443}},"branchMap":{"0":{"loc":{"start":{"line":38,"column":6},"end":{"line":38,"column":52}},"type":"if","locations":[{"start":{"line":38,"column":6},"end":{"line":38,"column":52}},{"start":{"line":38,"column":6},"end":{"line":38,"column":52}}],"line":38},"1":{"loc":{"start":{"line":39,"column":6},"end":{"line":61,"column":7}},"type":"if","locations":[{"start":{"line":39,"column":6},"end":{"line":61,"column":7}},{"start":{"line":39,"column":6},"end":{"line":61,"column":7}}],"line":39},"2":{"loc":{"start":{"line":40,"column":8},"end":{"line":59,"column":9}},"type":"if","locations":[{"start":{"line":40,"column":8},"end":{"line":59,"column":9}},{"start":{"line":40,"column":8},"end":{"line":59,"column":9}}],"line":40},"3":{"loc":{"start":{"line":44,"column":10},"end":{"line":57,"column":11}},"type":"if","locations":[{"start":{"line":44,"column":10},"end":{"line":57,"column":11}},{"start":{"line":44,"column":10},"end":{"line":57,"column":11}}],"line":44},"4":{"loc":{"start":{"line":51,"column":16},"end":{"line":51,"column":58}},"type":"if","locations":[{"start":{"line":51,"column":16},"end":{"line":51,"column":58}},{"start":{"line":51,"column":16},"end":{"line":51,"column":58}}],"line":51},"5":{"loc":{"start":{"line":52,"column":16},"end":{"line":52,"column":78}},"type":"if","locations":[{"start":{"line":52,"column":16},"end":{"line":52,"column":78}},{"start":{"line":52,"column":16},"end":{"line":52,"column":78}}],"line":52},"6":{"loc":{"start":{"line":89,"column":4},"end":{"line":89,"column":50}},"type":"if","locations":[{"start":{"line":89,"column":4},"end":{"line":89,"column":50}},{"start":{"line":89,"column":4},"end":{"line":89,"column":50}}],"line":89},"7":{"loc":{"start":{"line":90,"column":4},"end":{"line":93,"column":5}},"type":"if","locations":[{"start":{"line":90,"column":4},"end":{"line":93,"column":5}},{"start":{"line":90,"column":4},"end":{"line":93,"column":5}}],"line":90},"8":{"loc":{"start":{"line":96,"column":6},"end":{"line":96,"column":52}},"type":"if","locations":[{"start":{"line":96,"column":6},"end":{"line":96,"column":52}},{"start":{"line":96,"column":6},"end":{"line":96,"column":52}}],"line":96},"9":{"loc":{"start":{"line":113,"column":4},"end":{"line":113,"column":40}},"type":"if","locations":[{"start":{"line":113,"column":4},"end":{"line":113,"column":40}},{"start":{"line":113,"column":4},"end":{"line":113,"column":40}}],"line":113},"10":{"loc":{"start":{"line":114,"column":4},"end":{"line":117,"column":5}},"type":"if","locations":[{"start":{"line":114,"column":4},"end":{"line":117,"column":5}},{"start":{"line":114,"column":4},"end":{"line":117,"column":5}}],"line":114},"11":{"loc":{"start":{"line":132,"column":6},"end":{"line":132,"column":35}},"type":"if","locations":[{"start":{"line":132,"column":6},"end":{"line":132,"column":35}},{"start":{"line":132,"column":6},"end":{"line":132,"column":35}}],"line":132},"12":{"loc":{"start":{"line":134,"column":6},"end":{"line":136,"column":7}},"type":"if","locations":[{"start":{"line":134,"column":6},"end":{"line":136,"column":7}},{"start":{"line":134,"column":6},"end":{"line":136,"column":7}}],"line":134},"13":{"loc":{"start":{"line":149,"column":4},"end":{"line":149,"column":40}},"type":"if","locations":[{"start":{"line":149,"column":4},"end":{"line":149,"column":40}},{"start":{"line":149,"column":4},"end":{"line":149,"column":40}}],"line":149},"14":{"loc":{"start":{"line":150,"column":4},"end":{"line":152,"column":5}},"type":"if","locations":[{"start":{"line":150,"column":4},"end":{"line":152,"column":5}},{"start":{"line":150,"column":4},"end":{"line":152,"column":5}}],"line":150},"15":{"loc":{"start":{"line":164,"column":4},"end":{"line":164,"column":54}},"type":"if","locations":[{"start":{"line":164,"column":4},"end":{"line":164,"column":54}},{"start":{"line":164,"column":4},"end":{"line":164,"column":54}}],"line":164},"16":{"loc":{"start":{"line":165,"column":4},"end":{"line":176,"column":5}},"type":"if","locations":[{"start":{"line":165,"column":4},"end":{"line":176,"column":5}},{"start":{"line":165,"column":4},"end":{"line":176,"column":5}}],"line":165},"17":{"loc":{"start":{"line":187,"column":4},"end":{"line":187,"column":40}},"type":"if","locations":[{"start":{"line":187,"column":4},"end":{"line":187,"column":40}},{"start":{"line":187,"column":4},"end":{"line":187,"column":40}}],"line":187},"18":{"loc":{"start":{"line":189,"column":4},"end":{"line":191,"column":5}},"type":"if","locations":[{"start":{"line":189,"column":4},"end":{"line":191,"column":5}},{"start":{"line":189,"column":4},"end":{"line":191,"column":5}}],"line":189},"19":{"loc":{"start":{"line":195,"column":6},"end":{"line":195,"column":97}},"type":"if","locations":[{"start":{"line":195,"column":6},"end":{"line":195,"column":97}},{"start":{"line":195,"column":6},"end":{"line":195,"column":97}}],"line":195},"20":{"loc":{"start":{"line":198,"column":10},"end":{"line":198,"column":95}},"type":"if","locations":[{"start":{"line":198,"column":10},"end":{"line":198,"column":95}},{"start":{"line":198,"column":10},"end":{"line":198,"column":95}}],"line":198},"21":{"loc":{"start":{"line":211,"column":4},"end":{"line":211,"column":40}},"type":"if","locations":[{"start":{"line":211,"column":4},"end":{"line":211,"column":40}},{"start":{"line":211,"column":4},"end":{"line":211,"column":40}}],"line":211},"22":{"loc":{"start":{"line":212,"column":4},"end":{"line":224,"column":5}},"type":"if","locations":[{"start":{"line":212,"column":4},"end":{"line":224,"column":5}},{"start":{"line":212,"column":4},"end":{"line":224,"column":5}}],"line":212},"23":{"loc":{"start":{"line":215,"column":10},"end":{"line":215,"column":85}},"type":"if","locations":[{"start":{"line":215,"column":10},"end":{"line":215,"column":85}},{"start":{"line":215,"column":10},"end":{"line":215,"column":85}}],"line":215},"24":{"loc":{"start":{"line":218,"column":14},"end":{"line":218,"column":89}},"type":"if","locations":[{"start":{"line":218,"column":14},"end":{"line":218,"column":89}},{"start":{"line":218,"column":14},"end":{"line":218,"column":89}}],"line":218},"25":{"loc":{"start":{"line":234,"column":4},"end":{"line":234,"column":60}},"type":"if","locations":[{"start":{"line":234,"column":4},"end":{"line":234,"column":60}},{"start":{"line":234,"column":4},"end":{"line":234,"column":60}}],"line":234},"26":{"loc":{"start":{"line":238,"column":8},"end":{"line":238,"column":60}},"type":"if","locations":[{"start":{"line":238,"column":8},"end":{"line":238,"column":60}},{"start":{"line":238,"column":8},"end":{"line":238,"column":60}}],"line":238},"27":{"loc":{"start":{"line":250,"column":4},"end":{"line":250,"column":49}},"type":"if","locations":[{"start":{"line":250,"column":4},"end":{"line":250,"column":49}},{"start":{"line":250,"column":4},"end":{"line":250,"column":49}}],"line":250},"28":{"loc":{"start":{"line":263,"column":6},"end":{"line":263,"column":59}},"type":"if","locations":[{"start":{"line":263,"column":6},"end":{"line":263,"column":59}},{"start":{"line":263,"column":6},"end":{"line":263,"column":59}}],"line":263},"29":{"loc":{"start":{"line":268,"column":10},"end":{"line":268,"column":62}},"type":"if","locations":[{"start":{"line":268,"column":10},"end":{"line":268,"column":62}},{"start":{"line":268,"column":10},"end":{"line":268,"column":62}}],"line":268},"30":{"loc":{"start":{"line":281,"column":6},"end":{"line":281,"column":59}},"type":"if","locations":[{"start":{"line":281,"column":6},"end":{"line":281,"column":59}},{"start":{"line":281,"column":6},"end":{"line":281,"column":59}}],"line":281},"31":{"loc":{"start":{"line":287,"column":10},"end":{"line":287,"column":62}},"type":"if","locations":[{"start":{"line":287,"column":10},"end":{"line":287,"column":62}},{"start":{"line":287,"column":10},"end":{"line":287,"column":62}}],"line":287},"32":{"loc":{"start":{"line":299,"column":4},"end":{"line":299,"column":50}},"type":"if","locations":[{"start":{"line":299,"column":4},"end":{"line":299,"column":50}},{"start":{"line":299,"column":4},"end":{"line":299,"column":50}}],"line":299},"33":{"loc":{"start":{"line":300,"column":4},"end":{"line":300,"column":70}},"type":"if","locations":[{"start":{"line":300,"column":4},"end":{"line":300,"column":70}},{"start":{"line":300,"column":4},"end":{"line":300,"column":70}}],"line":300},"34":{"loc":{"start":{"line":311,"column":4},"end":{"line":311,"column":50}},"type":"if","locations":[{"start":{"line":311,"column":4},"end":{"line":311,"column":50}},{"start":{"line":311,"column":4},"end":{"line":311,"column":50}}],"line":311},"35":{"loc":{"start":{"line":312,"column":4},"end":{"line":312,"column":66}},"type":"if","locations":[{"start":{"line":312,"column":4},"end":{"line":312,"column":66}},{"start":{"line":312,"column":4},"end":{"line":312,"column":66}}],"line":312},"36":{"loc":{"start":{"line":336,"column":6},"end":{"line":336,"column":64}},"type":"if","locations":[{"start":{"line":336,"column":6},"end":{"line":336,"column":64}},{"start":{"line":336,"column":6},"end":{"line":336,"column":64}}],"line":336},"37":{"loc":{"start":{"line":350,"column":6},"end":{"line":350,"column":46}},"type":"if","locations":[{"start":{"line":350,"column":6},"end":{"line":350,"column":46}},{"start":{"line":350,"column":6},"end":{"line":350,"column":46}}],"line":350},"38":{"loc":{"start":{"line":359,"column":6},"end":{"line":361,"column":7}},"type":"if","locations":[{"start":{"line":359,"column":6},"end":{"line":361,"column":7}},{"start":{"line":359,"column":6},"end":{"line":361,"column":7}}],"line":359},"39":{"loc":{"start":{"line":383,"column":6},"end":{"line":383,"column":48}},"type":"if","locations":[{"start":{"line":383,"column":6},"end":{"line":383,"column":48}},{"start":{"line":383,"column":6},"end":{"line":383,"column":48}}],"line":383},"40":{"loc":{"start":{"line":384,"column":6},"end":{"line":384,"column":67}},"type":"if","locations":[{"start":{"line":384,"column":6},"end":{"line":384,"column":67}},{"start":{"line":384,"column":6},"end":{"line":384,"column":67}}],"line":384},"41":{"loc":{"start":{"line":438,"column":4},"end":{"line":441,"column":5}},"type":"if","locations":[{"start":{"line":438,"column":4},"end":{"line":441,"column":5}},{"start":{"line":438,"column":4},"end":{"line":441,"column":5}}],"line":438},"42":{"loc":{"start":{"line":444,"column":20},"end":{"line":444,"column":60}},"type":"binary-expr","locations":[{"start":{"line":444,"column":20},"end":{"line":444,"column":40}},{"start":{"line":444,"column":44},"end":{"line":444,"column":60}}],"line":444},"43":{"loc":{"start":{"line":446,"column":6},"end":{"line":448,"column":7}},"type":"if","locations":[{"start":{"line":446,"column":6},"end":{"line":448,"column":7}},{"start":{"line":446,"column":6},"end":{"line":448,"column":7}}],"line":446}},"s":{"0":4,"1":4,"2":4,"3":4,"4":4,"5":4,"6":4,"7":4,"8":4,"9":4,"10":4,"11":4,"12":0,"13":4,"14":0,"15":0,"16":0,"17":0,"18":0,"19":0,"20":0,"21":0,"22":0,"23":0,"24":0,"25":0,"26":0,"27":0,"28":0,"29":0,"30":0,"31":0,"32":0,"33":4,"34":0,"35":4,"36":4,"37":4,"38":4,"39":0,"40":4,"41":0,"42":0,"43":4,"44":4,"45":4,"46":0,"47":0,"48":4,"49":0,"50":0,"51":0,"52":0,"53":0,"54":0,"55":0,"56":4,"57":0,"58":0,"59":0,"60":0,"61":0,"62":0,"63":0,"64":4,"65":0,"66":0,"67":0,"68":0,"69":0,"70":0,"71":4,"72":0,"73":0,"74":0,"75":0,"76":0,"77":0,"78":0,"79":0,"80":0,"81":4,"82":0,"83":0,"84":0,"85":0,"86":0,"87":0,"88":0,"89":0,"90":0,"91":0,"92":0,"93":0,"94":0,"95":4,"96":0,"97":0,"98":0,"99":0,"100":0,"101":0,"102":0,"103":0,"104":0,"105":0,"106":0,"107":0,"108":4,"109":0,"110":0,"111":0,"112":0,"113":0,"114":0,"115":0,"116":0,"117":4,"118":0,"119":0,"120":0,"121":0,"122":4,"123":0,"124":0,"125":0,"126":0,"127":0,"128":0,"129":0,"130":0,"131":4,"132":0,"133":0,"134":0,"135":0,"136":0,"137":0,"138":0,"139":0,"140":0,"141":4,"142":0,"143":0,"144":0,"145":0,"146":0,"147":0,"148":4,"149":0,"150":0,"151":0,"152":0,"153":0,"154":0,"155":0,"156":0,"157":0,"158":4,"159":0,"160":4,"161":0,"162":0,"163":0,"164":0,"165":0,"166":0,"167":0,"168":0,"169":0,"170":0,"171":0,"172":0,"173":0,"174":0,"175":0,"176":0,"177":0,"178":0,"179":0,"180":0,"181":4,"182":0,"183":0,"184":0,"185":0,"186":0,"187":0,"188":0,"189":0,"190":0,"191":0,"192":0,"193":0,"194":4,"195":0,"196":0,"197":4,"198":0,"199":4,"200":0,"201":0,"202":0,"203":0,"204":0,"205":0,"206":0,"207":0,"208":0,"209":0,"210":0,"211":0,"212":0,"213":0,"214":0},"f":{"0":0,"1":0,"2":0,"3":0,"4":0,"5":4,"6":4,"7":4,"8":0,"9":0,"10":0,"11":0,"12":0,"13":0,"14":0,"15":0,"16":0,"17":0,"18":0,"19":0,"20":0,"21":0,"22":0,"23":0,"24":0,"25":0,"26":0,"27":0,"28":0,"29":0,"30":0,"31":0,"32":0,"33":0,"34":0,"35":0,"36":0,"37":0,"38":0,"39":0,"40":0,"41":0,"42":0,"43":0,"44":0,"45":0,"46":0,"47":0,"48":0,"49":0,"50":0,"51":0,"52":0},"b":{"0":[0,0],"1":[0,0],"2":[0,0],"3":[0,0],"4":[0,0],"5":[0,0],"6":[0,4],"7":[0,4],"8":[4,0],"9":[0,0],"10":[0,0],"11":[0,0],"12":[0,0],"13":[0,0],"14":[0,0],"15":[0,0],"16":[0,0],"17":[0,0],"18":[0,0],"19":[0,0],"20":[0,0],"21":[0,0],"22":[0,0],"23":[0,0],"24":[0,0],"25":[0,0],"26":[0,0],"27":[0,0],"28":[0,0],"29":[0,0],"30":[0,0],"31":[0,0],"32":[0,0],"33":[0,0],"34":[0,0],"35":[0,0],"36":[0,0],"37":[0,0],"38":[0,0],"39":[0,0],"40":[0,0],"41":[0,0],"42":[0,0],"43":[0,0]},"_coverageSchema":"43e27e138ebf9cfc5966b082cf9a028302ed4184","hash":"194dff52cd514c5699563a7100992d41422f6300"}
,"C:\\Users\\yanyi\\Documents\\Collections\\CPEN-321\\core\\preference.js": {"path":"C:\\Users\\yanyi\\Documents\\Collections\\CPEN-321\\core\\preference.js","statementMap":{"0":{"start":{"line":1,"column":15},"end":{"line":1,"column":32}},"1":{"start":{"line":2,"column":15},"end":{"line":2,"column":37}},"2":{"start":{"line":3,"column":14},"end":{"line":3,"column":43}},"3":{"start":{"line":4,"column":17},"end":{"line":4,"column":49}},"4":{"start":{"line":5,"column":14},"end":{"line":5,"column":43}},"5":{"start":{"line":12,"column":13},"end":{"line":12,"column":41}},"6":{"start":{"line":17,"column":0},"end":{"line":42,"column":2}},"7":{"start":{"line":19,"column":2},"end":{"line":41,"column":3}},"8":{"start":{"line":20,"column":17},"end":{"line":23,"column":6}},"9":{"start":{"line":21,"column":6},"end":{"line":21,"column":25}},"10":{"start":{"line":21,"column":15},"end":{"line":21,"column":25}},"11":{"start":{"line":22,"column":6},"end":{"line":22,"column":46}},"12":{"start":{"line":22,"column":17},"end":{"line":22,"column":46}},"13":{"start":{"line":24,"column":23},"end":{"line":26,"column":6}},"14":{"start":{"line":25,"column":6},"end":{"line":25,"column":25}},"15":{"start":{"line":25,"column":15},"end":{"line":25,"column":25}},"16":{"start":{"line":27,"column":4},"end":{"line":37,"column":31}},"17":{"start":{"line":28,"column":23},"end":{"line":34,"column":8}},"18":{"start":{"line":35,"column":6},"end":{"line":35,"column":37}},"19":{"start":{"line":36,"column":6},"end":{"line":36,"column":55}},"20":{"start":{"line":37,"column":21},"end":{"line":37,"column":29}},"21":{"start":{"line":39,"column":4},"end":{"line":39,"column":27}},"22":{"start":{"line":40,"column":4},"end":{"line":40,"column":12}},"23":{"start":{"line":46,"column":19},"end":{"line":49,"column":4}},"24":{"start":{"line":50,"column":25},"end":{"line":50,"column":72}},"25":{"start":{"line":51,"column":26},"end":{"line":51,"column":76}},"26":{"start":{"line":52,"column":2},"end":{"line":56,"column":3}},"27":{"start":{"line":52,"column":15},"end":{"line":52,"column":16}},"28":{"start":{"line":53,"column":4},"end":{"line":55,"column":5}},"29":{"start":{"line":54,"column":6},"end":{"line":54,"column":19}},"30":{"start":{"line":57,"column":2},"end":{"line":57,"column":14}},"31":{"start":{"line":61,"column":2},"end":{"line":63,"column":3}},"32":{"start":{"line":62,"column":4},"end":{"line":62,"column":17}},"33":{"start":{"line":64,"column":2},"end":{"line":66,"column":3}},"34":{"start":{"line":65,"column":4},"end":{"line":65,"column":17}},"35":{"start":{"line":68,"column":2},"end":{"line":70,"column":3}},"36":{"start":{"line":69,"column":4},"end":{"line":69,"column":17}},"37":{"start":{"line":71,"column":2},"end":{"line":73,"column":3}},"38":{"start":{"line":72,"column":4},"end":{"line":72,"column":17}},"39":{"start":{"line":74,"column":2},"end":{"line":76,"column":3}},"40":{"start":{"line":75,"column":4},"end":{"line":75,"column":17}},"41":{"start":{"line":78,"column":2},"end":{"line":80,"column":3}},"42":{"start":{"line":79,"column":4},"end":{"line":79,"column":17}},"43":{"start":{"line":86,"column":0},"end":{"line":109,"column":2}},"44":{"start":{"line":87,"column":2},"end":{"line":107,"column":3}},"45":{"start":{"line":88,"column":4},"end":{"line":90,"column":5}},"46":{"start":{"line":89,"column":6},"end":{"line":89,"column":44}},"47":{"start":{"line":91,"column":17},"end":{"line":94,"column":6}},"48":{"start":{"line":92,"column":6},"end":{"line":92,"column":25}},"49":{"start":{"line":92,"column":15},"end":{"line":92,"column":25}},"50":{"start":{"line":93,"column":6},"end":{"line":93,"column":46}},"51":{"start":{"line":93,"column":17},"end":{"line":93,"column":46}},"52":{"start":{"line":95,"column":23},"end":{"line":95,"column":65}},"53":{"start":{"line":96,"column":27},"end":{"line":96,"column":29}},"54":{"start":{"line":97,"column":4},"end":{"line":102,"column":5}},"55":{"start":{"line":97,"column":17},"end":{"line":97,"column":18}},"56":{"start":{"line":98,"column":21},"end":{"line":98,"column":73}},"57":{"start":{"line":99,"column":6},"end":{"line":101,"column":7}},"58":{"start":{"line":100,"column":8},"end":{"line":100,"column":49}},"59":{"start":{"line":103,"column":4},"end":{"line":103,"column":50}},"60":{"start":{"line":103,"column":40},"end":{"line":103,"column":48}},"61":{"start":{"line":105,"column":4},"end":{"line":105,"column":27}},"62":{"start":{"line":106,"column":4},"end":{"line":106,"column":12}}},"fnMap":{"0":{"name":"(anonymous_0)","decl":{"start":{"line":17,"column":32},"end":{"line":17,"column":33}},"loc":{"start":{"line":17,"column":50},"end":{"line":42,"column":1}},"line":17},"1":{"name":"(anonymous_1)","decl":{"start":{"line":20,"column":45},"end":{"line":20,"column":46}},"loc":{"start":{"line":20,"column":60},"end":{"line":23,"column":5}},"line":20},"2":{"name":"(anonymous_2)","decl":{"start":{"line":24,"column":66},"end":{"line":24,"column":67}},"loc":{"start":{"line":24,"column":81},"end":{"line":26,"column":5}},"line":24},"3":{"name":"(anonymous_3)","decl":{"start":{"line":27,"column":29},"end":{"line":27,"column":30}},"loc":{"start":{"line":27,"column":41},"end":{"line":37,"column":5}},"line":27},"4":{"name":"(anonymous_4)","decl":{"start":{"line":37,"column":11},"end":{"line":37,"column":12}},"loc":{"start":{"line":37,"column":21},"end":{"line":37,"column":29}},"line":37},"5":{"name":"notCollided","decl":{"start":{"line":44,"column":15},"end":{"line":44,"column":26}},"loc":{"start":{"line":44,"column":55},"end":{"line":58,"column":1}},"line":44},"6":{"name":"dateValidation","decl":{"start":{"line":60,"column":9},"end":{"line":60,"column":23}},"loc":{"start":{"line":60,"column":44},"end":{"line":81,"column":1}},"line":60},"7":{"name":"(anonymous_7)","decl":{"start":{"line":86,"column":29},"end":{"line":86,"column":30}},"loc":{"start":{"line":86,"column":67},"end":{"line":109,"column":1}},"line":86},"8":{"name":"(anonymous_8)","decl":{"start":{"line":91,"column":45},"end":{"line":91,"column":46}},"loc":{"start":{"line":91,"column":59},"end":{"line":94,"column":5}},"line":91},"9":{"name":"(anonymous_9)","decl":{"start":{"line":103,"column":30},"end":{"line":103,"column":31}},"loc":{"start":{"line":103,"column":40},"end":{"line":103,"column":48}},"line":103}},"branchMap":{"0":{"loc":{"start":{"line":21,"column":6},"end":{"line":21,"column":25}},"type":"if","locations":[{"start":{"line":21,"column":6},"end":{"line":21,"column":25}},{"start":{"line":21,"column":6},"end":{"line":21,"column":25}}],"line":21},"1":{"loc":{"start":{"line":22,"column":6},"end":{"line":22,"column":46}},"type":"if","locations":[{"start":{"line":22,"column":6},"end":{"line":22,"column":46}},{"start":{"line":22,"column":6},"end":{"line":22,"column":46}}],"line":22},"2":{"loc":{"start":{"line":25,"column":6},"end":{"line":25,"column":25}},"type":"if","locations":[{"start":{"line":25,"column":6},"end":{"line":25,"column":25}},{"start":{"line":25,"column":6},"end":{"line":25,"column":25}}],"line":25},"3":{"loc":{"start":{"line":53,"column":4},"end":{"line":55,"column":5}},"type":"if","locations":[{"start":{"line":53,"column":4},"end":{"line":55,"column":5}},{"start":{"line":53,"column":4},"end":{"line":55,"column":5}}],"line":53},"4":{"loc":{"start":{"line":61,"column":2},"end":{"line":63,"column":3}},"type":"if","locations":[{"start":{"line":61,"column":2},"end":{"line":63,"column":3}},{"start":{"line":61,"column":2},"end":{"line":63,"column":3}}],"line":61},"5":{"loc":{"start":{"line":61,"column":8},"end":{"line":61,"column":54}},"type":"binary-expr","locations":[{"start":{"line":61,"column":8},"end":{"line":61,"column":33}},{"start":{"line":61,"column":37},"end":{"line":61,"column":54}}],"line":61},"6":{"loc":{"start":{"line":64,"column":2},"end":{"line":66,"column":3}},"type":"if","locations":[{"start":{"line":64,"column":2},"end":{"line":66,"column":3}},{"start":{"line":64,"column":2},"end":{"line":66,"column":3}}],"line":64},"7":{"loc":{"start":{"line":64,"column":8},"end":{"line":64,"column":50}},"type":"binary-expr","locations":[{"start":{"line":64,"column":8},"end":{"line":64,"column":31}},{"start":{"line":64,"column":35},"end":{"line":64,"column":50}}],"line":64},"8":{"loc":{"start":{"line":68,"column":2},"end":{"line":70,"column":3}},"type":"if","locations":[{"start":{"line":68,"column":2},"end":{"line":70,"column":3}},{"start":{"line":68,"column":2},"end":{"line":70,"column":3}}],"line":68},"9":{"loc":{"start":{"line":71,"column":2},"end":{"line":73,"column":3}},"type":"if","locations":[{"start":{"line":71,"column":2},"end":{"line":73,"column":3}},{"start":{"line":71,"column":2},"end":{"line":73,"column":3}}],"line":71},"10":{"loc":{"start":{"line":74,"column":2},"end":{"line":76,"column":3}},"type":"if","locations":[{"start":{"line":74,"column":2},"end":{"line":76,"column":3}},{"start":{"line":74,"column":2},"end":{"line":76,"column":3}}],"line":74},"11":{"loc":{"start":{"line":78,"column":2},"end":{"line":80,"column":3}},"type":"if","locations":[{"start":{"line":78,"column":2},"end":{"line":80,"column":3}},{"start":{"line":78,"column":2},"end":{"line":80,"column":3}}],"line":78},"12":{"loc":{"start":{"line":88,"column":4},"end":{"line":90,"column":5}},"type":"if","locations":[{"start":{"line":88,"column":4},"end":{"line":90,"column":5}},{"start":{"line":88,"column":4},"end":{"line":90,"column":5}}],"line":88},"13":{"loc":{"start":{"line":92,"column":6},"end":{"line":92,"column":25}},"type":"if","locations":[{"start":{"line":92,"column":6},"end":{"line":92,"column":25}},{"start":{"line":92,"column":6},"end":{"line":92,"column":25}}],"line":92},"14":{"loc":{"start":{"line":93,"column":6},"end":{"line":93,"column":46}},"type":"if","locations":[{"start":{"line":93,"column":6},"end":{"line":93,"column":46}},{"start":{"line":93,"column":6},"end":{"line":93,"column":46}}],"line":93},"15":{"loc":{"start":{"line":99,"column":6},"end":{"line":101,"column":7}},"type":"if","locations":[{"start":{"line":99,"column":6},"end":{"line":101,"column":7}},{"start":{"line":99,"column":6},"end":{"line":101,"column":7}}],"line":99}},"s":{"0":5,"1":5,"2":5,"3":5,"4":5,"5":5,"6":5,"7":5,"8":5,"9":5,"10":1,"11":4,"12":1,"13":4,"14":0,"15":0,"16":3,"17":12,"18":12,"19":12,"20":7,"21":2,"22":2,"23":0,"24":0,"25":0,"26":0,"27":0,"28":0,"29":0,"30":0,"31":0,"32":0,"33":0,"34":0,"35":0,"36":0,"37":0,"38":0,"39":0,"40":0,"41":0,"42":0,"43":5,"44":0,"45":0,"46":0,"47":0,"48":0,"49":0,"50":0,"51":0,"52":0,"53":0,"54":0,"55":0,"56":0,"57":0,"58":0,"59":0,"60":0,"61":0,"62":0},"f":{"0":5,"1":5,"2":0,"3":12,"4":7,"5":0,"6":0,"7":0,"8":0,"9":0},"b":{"0":[1,4],"1":[1,3],"2":[0,0],"3":[0,0],"4":[0,0],"5":[0,0],"6":[0,0],"7":[0,0],"8":[0,0],"9":[0,0],"10":[0,0],"11":[0,0],"12":[0,0],"13":[0,0],"14":[0,0],"15":[0,0]},"_coverageSchema":"43e27e138ebf9cfc5966b082cf9a028302ed4184","hash":"3b168444047a556bb2cfc3d0e491f20bcb667a45"}
,"C:\\Users\\yanyi\\Documents\\Collections\\CPEN-321\\core\\suggestion.js": {"path":"C:\\Users\\yanyi\\Documents\\Collections\\CPEN-321\\core\\suggestion.js","statementMap":{"0":{"start":{"line":1,"column":15},"end":{"line":1,"column":32}},"1":{"start":{"line":2,"column":15},"end":{"line":2,"column":37}},"2":{"start":{"line":3,"column":14},"end":{"line":3,"column":43}},"3":{"start":{"line":4,"column":17},"end":{"line":4,"column":49}},"4":{"start":{"line":5,"column":14},"end":{"line":5,"column":43}},"5":{"start":{"line":12,"column":13},"end":{"line":12,"column":41}},"6":{"start":{"line":17,"column":0},"end":{"line":39,"column":2}},"7":{"start":{"line":19,"column":15},"end":{"line":19,"column":42}},"8":{"start":{"line":20,"column":19},"end":{"line":20,"column":40}},"9":{"start":{"line":21,"column":2},"end":{"line":38,"column":5}},"10":{"start":{"line":23,"column":4},"end":{"line":25,"column":5}},"11":{"start":{"line":24,"column":6},"end":{"line":24,"column":19}},"12":{"start":{"line":26,"column":21},"end":{"line":32,"column":6}},"13":{"start":{"line":33,"column":4},"end":{"line":33,"column":35}},"14":{"start":{"line":34,"column":4},"end":{"line":34,"column":53}},"15":{"start":{"line":36,"column":4},"end":{"line":36,"column":32}},"16":{"start":{"line":37,"column":4},"end":{"line":37,"column":20}}},"fnMap":{"0":{"name":"(anonymous_0)","decl":{"start":{"line":17,"column":28},"end":{"line":17,"column":29}},"loc":{"start":{"line":17,"column":46},"end":{"line":39,"column":1}},"line":17},"1":{"name":"(anonymous_1)","decl":{"start":{"line":21,"column":25},"end":{"line":21,"column":26}},"loc":{"start":{"line":21,"column":35},"end":{"line":35,"column":3}},"line":21},"2":{"name":"(anonymous_2)","decl":{"start":{"line":35,"column":9},"end":{"line":35,"column":10}},"loc":{"start":{"line":35,"column":19},"end":{"line":38,"column":3}},"line":35}},"branchMap":{"0":{"loc":{"start":{"line":23,"column":4},"end":{"line":25,"column":5}},"type":"if","locations":[{"start":{"line":23,"column":4},"end":{"line":25,"column":5}},{"start":{"line":23,"column":4},"end":{"line":25,"column":5}}],"line":23}},"s":{"0":4,"1":4,"2":4,"3":4,"4":4,"5":4,"6":4,"7":0,"8":0,"9":0,"10":0,"11":0,"12":0,"13":0,"14":0,"15":0,"16":0},"f":{"0":0,"1":0,"2":0},"b":{"0":[0,0]},"_coverageSchema":"43e27e138ebf9cfc5966b082cf9a028302ed4184","hash":"4d9df4a061962f3f92d258256e0e34e9d38807a7"}
,"C:\\Users\\yanyi\\Documents\\Collections\\CPEN-321\\db\\models\\calendar.js": {"path":"C:\\Users\\yanyi\\Documents\\Collections\\CPEN-321\\db\\models\\calendar.js","statementMap":{"0":{"start":{"line":6,"column":17},"end":{"line":6,"column":36}},"1":{"start":{"line":7,"column":14},"end":{"line":7,"column":32}},"2":{"start":{"line":9,"column":24},"end":{"line":9,"column":61}},"3":{"start":{"line":12,"column":23},"end":{"line":34,"column":2}},"4":{"start":{"line":41,"column":0},"end":{"line":48,"column":2}},"5":{"start":{"line":42,"column":2},"end":{"line":46,"column":5}},"6":{"start":{"line":43,"column":4},"end":{"line":45,"column":7}},"7":{"start":{"line":44,"column":6},"end":{"line":44,"column":75}},"8":{"start":{"line":44,"column":61},"end":{"line":44,"column":73}},"9":{"start":{"line":47,"column":2},"end":{"line":47,"column":15}},"10":{"start":{"line":53,"column":0},"end":{"line":63,"column":2}},"11":{"start":{"line":54,"column":2},"end":{"line":62,"column":5}},"12":{"start":{"line":55,"column":4},"end":{"line":61,"column":7}},"13":{"start":{"line":56,"column":6},"end":{"line":58,"column":7}},"14":{"start":{"line":57,"column":8},"end":{"line":57,"column":27}},"15":{"start":{"line":60,"column":6},"end":{"line":60,"column":21}},"16":{"start":{"line":66,"column":0},"end":{"line":89,"column":2}},"17":{"start":{"line":67,"column":2},"end":{"line":88,"column":5}},"18":{"start":{"line":68,"column":4},"end":{"line":87,"column":9}},"19":{"start":{"line":72,"column":8},"end":{"line":75,"column":9}},"20":{"start":{"line":73,"column":10},"end":{"line":73,"column":27}},"21":{"start":{"line":74,"column":10},"end":{"line":74,"column":29}},"22":{"start":{"line":76,"column":8},"end":{"line":76,"column":28}},"23":{"start":{"line":77,"column":8},"end":{"line":86,"column":13}},"24":{"start":{"line":81,"column":12},"end":{"line":84,"column":13}},"25":{"start":{"line":82,"column":14},"end":{"line":82,"column":31}},"26":{"start":{"line":83,"column":14},"end":{"line":83,"column":33}},"27":{"start":{"line":85,"column":12},"end":{"line":85,"column":34}},"28":{"start":{"line":94,"column":0},"end":{"line":99,"column":1}},"29":{"start":{"line":96,"column":2},"end":{"line":98,"column":4}},"30":{"start":{"line":105,"column":0},"end":{"line":132,"column":2}},"31":{"start":{"line":106,"column":2},"end":{"line":131,"column":5}},"32":{"start":{"line":107,"column":4},"end":{"line":130,"column":9}},"33":{"start":{"line":109,"column":8},"end":{"line":112,"column":9}},"34":{"start":{"line":110,"column":10},"end":{"line":110,"column":27}},"35":{"start":{"line":111,"column":10},"end":{"line":111,"column":29}},"36":{"start":{"line":113,"column":8},"end":{"line":115,"column":9}},"37":{"start":{"line":114,"column":10},"end":{"line":114,"column":29}},"38":{"start":{"line":116,"column":8},"end":{"line":116,"column":28}},"39":{"start":{"line":117,"column":8},"end":{"line":129,"column":13}},"40":{"start":{"line":121,"column":12},"end":{"line":124,"column":13}},"41":{"start":{"line":122,"column":14},"end":{"line":122,"column":31}},"42":{"start":{"line":123,"column":14},"end":{"line":123,"column":33}},"43":{"start":{"line":125,"column":12},"end":{"line":127,"column":13}},"44":{"start":{"line":126,"column":14},"end":{"line":126,"column":33}},"45":{"start":{"line":128,"column":12},"end":{"line":128,"column":34}},"46":{"start":{"line":135,"column":0},"end":{"line":135,"column":39}},"47":{"start":{"line":136,"column":0},"end":{"line":136,"column":67}},"48":{"start":{"line":138,"column":17},"end":{"line":138,"column":72}},"49":{"start":{"line":139,"column":0},"end":{"line":139,"column":26}}},"fnMap":{"0":{"name":"(anonymous_0)","decl":{"start":{"line":41,"column":51},"end":{"line":41,"column":52}},"loc":{"start":{"line":41,"column":77},"end":{"line":48,"column":1}},"line":41},"1":{"name":"(anonymous_1)","decl":{"start":{"line":42,"column":25},"end":{"line":42,"column":26}},"loc":{"start":{"line":42,"column":38},"end":{"line":46,"column":3}},"line":42},"2":{"name":"(anonymous_2)","decl":{"start":{"line":43,"column":28},"end":{"line":43,"column":29}},"loc":{"start":{"line":43,"column":44},"end":{"line":45,"column":5}},"line":43},"3":{"name":"(anonymous_3)","decl":{"start":{"line":53,"column":35},"end":{"line":53,"column":36}},"loc":{"start":{"line":53,"column":58},"end":{"line":63,"column":1}},"line":53},"4":{"name":"(anonymous_4)","decl":{"start":{"line":54,"column":21},"end":{"line":54,"column":22}},"loc":{"start":{"line":54,"column":42},"end":{"line":62,"column":3}},"line":54},"5":{"name":"(anonymous_5)","decl":{"start":{"line":55,"column":37},"end":{"line":55,"column":38}},"loc":{"start":{"line":55,"column":53},"end":{"line":61,"column":5}},"line":55},"6":{"name":"(anonymous_6)","decl":{"start":{"line":66,"column":44},"end":{"line":66,"column":45}},"loc":{"start":{"line":66,"column":71},"end":{"line":89,"column":1}},"line":66},"7":{"name":"(anonymous_7)","decl":{"start":{"line":67,"column":21},"end":{"line":67,"column":22}},"loc":{"start":{"line":67,"column":42},"end":{"line":88,"column":3}},"line":67},"8":{"name":"(anonymous_8)","decl":{"start":{"line":71,"column":6},"end":{"line":71,"column":7}},"loc":{"start":{"line":71,"column":33},"end":{"line":87,"column":7}},"line":71},"9":{"name":"(anonymous_9)","decl":{"start":{"line":80,"column":10},"end":{"line":80,"column":11}},"loc":{"start":{"line":80,"column":39},"end":{"line":86,"column":11}},"line":80},"10":{"name":"(anonymous_10)","decl":{"start":{"line":94,"column":40},"end":{"line":94,"column":41}},"loc":{"start":{"line":96,"column":2},"end":{"line":98,"column":4}},"line":96},"11":{"name":"(anonymous_11)","decl":{"start":{"line":96,"column":14},"end":{"line":96,"column":15}},"loc":{"start":{"line":96,"column":35},"end":{"line":98,"column":3}},"line":96},"12":{"name":"(anonymous_12)","decl":{"start":{"line":105,"column":53},"end":{"line":105,"column":54}},"loc":{"start":{"line":105,"column":89},"end":{"line":132,"column":1}},"line":105},"13":{"name":"(anonymous_13)","decl":{"start":{"line":106,"column":21},"end":{"line":106,"column":22}},"loc":{"start":{"line":106,"column":42},"end":{"line":131,"column":3}},"line":106},"14":{"name":"(anonymous_14)","decl":{"start":{"line":108,"column":6},"end":{"line":108,"column":7}},"loc":{"start":{"line":108,"column":33},"end":{"line":130,"column":7}},"line":108},"15":{"name":"(anonymous_15)","decl":{"start":{"line":120,"column":10},"end":{"line":120,"column":11}},"loc":{"start":{"line":120,"column":39},"end":{"line":129,"column":11}},"line":120}},"branchMap":{"0":{"loc":{"start":{"line":44,"column":6},"end":{"line":44,"column":75}},"type":"if","locations":[{"start":{"line":44,"column":6},"end":{"line":44,"column":75}},{"start":{"line":44,"column":6},"end":{"line":44,"column":75}}],"line":44},"1":{"loc":{"start":{"line":56,"column":6},"end":{"line":58,"column":7}},"type":"if","locations":[{"start":{"line":56,"column":6},"end":{"line":58,"column":7}},{"start":{"line":56,"column":6},"end":{"line":58,"column":7}}],"line":56},"2":{"loc":{"start":{"line":72,"column":8},"end":{"line":75,"column":9}},"type":"if","locations":[{"start":{"line":72,"column":8},"end":{"line":75,"column":9}},{"start":{"line":72,"column":8},"end":{"line":75,"column":9}}],"line":72},"3":{"loc":{"start":{"line":81,"column":12},"end":{"line":84,"column":13}},"type":"if","locations":[{"start":{"line":81,"column":12},"end":{"line":84,"column":13}},{"start":{"line":81,"column":12},"end":{"line":84,"column":13}}],"line":81},"4":{"loc":{"start":{"line":109,"column":8},"end":{"line":112,"column":9}},"type":"if","locations":[{"start":{"line":109,"column":8},"end":{"line":112,"column":9}},{"start":{"line":109,"column":8},"end":{"line":112,"column":9}}],"line":109},"5":{"loc":{"start":{"line":113,"column":8},"end":{"line":115,"column":9}},"type":"if","locations":[{"start":{"line":113,"column":8},"end":{"line":115,"column":9}},{"start":{"line":113,"column":8},"end":{"line":115,"column":9}}],"line":113},"6":{"loc":{"start":{"line":121,"column":12},"end":{"line":124,"column":13}},"type":"if","locations":[{"start":{"line":121,"column":12},"end":{"line":124,"column":13}},{"start":{"line":121,"column":12},"end":{"line":124,"column":13}}],"line":121},"7":{"loc":{"start":{"line":125,"column":12},"end":{"line":127,"column":13}},"type":"if","locations":[{"start":{"line":125,"column":12},"end":{"line":127,"column":13}},{"start":{"line":125,"column":12},"end":{"line":127,"column":13}}],"line":125}},"s":{"0":6,"1":6,"2":6,"3":6,"4":6,"5":0,"6":0,"7":0,"8":0,"9":0,"10":6,"11":0,"12":0,"13":0,"14":0,"15":0,"16":6,"17":110,"18":110,"19":110,"20":0,"21":0,"22":110,"23":110,"24":110,"25":0,"26":0,"27":110,"28":6,"29":0,"30":6,"31":20,"32":20,"33":20,"34":0,"35":0,"36":20,"37":0,"38":20,"39":20,"40":20,"41":0,"42":0,"43":20,"44":0,"45":20,"46":6,"47":6,"48":6,"49":6},"f":{"0":0,"1":0,"2":0,"3":0,"4":0,"5":0,"6":110,"7":110,"8":110,"9":110,"10":0,"11":0,"12":20,"13":20,"14":20,"15":20},"b":{"0":[0,0],"1":[0,0],"2":[0,110],"3":[0,110],"4":[0,20],"5":[0,20],"6":[0,20],"7":[0,20]},"_coverageSchema":"43e27e138ebf9cfc5966b082cf9a028302ed4184","hash":"13b586369cb1bedae874c64916cd1b35976a6b49"}
,"C:\\Users\\yanyi\\Documents\\Collections\\CPEN-321\\db\\models\\event.js": {"path":"C:\\Users\\yanyi\\Documents\\Collections\\CPEN-321\\db\\models\\event.js","statementMap":{"0":{"start":{"line":7,"column":17},"end":{"line":7,"column":36}},"1":{"start":{"line":9,"column":24},"end":{"line":9,"column":61}},"2":{"start":{"line":11,"column":20},"end":{"line":57,"column":2}},"3":{"start":{"line":64,"column":0},"end":{"line":73,"column":2}},"4":{"start":{"line":65,"column":2},"end":{"line":72,"column":5}},"5":{"start":{"line":66,"column":4},"end":{"line":71,"column":7}},"6":{"start":{"line":67,"column":6},"end":{"line":69,"column":7}},"7":{"start":{"line":68,"column":8},"end":{"line":68,"column":27}},"8":{"start":{"line":70,"column":6},"end":{"line":70,"column":21}},"9":{"start":{"line":78,"column":0},"end":{"line":88,"column":2}},"10":{"start":{"line":79,"column":2},"end":{"line":87,"column":5}},"11":{"start":{"line":80,"column":4},"end":{"line":86,"column":7}},"12":{"start":{"line":81,"column":6},"end":{"line":84,"column":7}},"13":{"start":{"line":82,"column":8},"end":{"line":82,"column":27}},"14":{"start":{"line":83,"column":8},"end":{"line":83,"column":27}},"15":{"start":{"line":85,"column":6},"end":{"line":85,"column":20}},"16":{"start":{"line":93,"column":0},"end":{"line":98,"column":2}},"17":{"start":{"line":94,"column":2},"end":{"line":96,"column":3}},"18":{"start":{"line":95,"column":4},"end":{"line":95,"column":17}},"19":{"start":{"line":97,"column":2},"end":{"line":97,"column":66}},"20":{"start":{"line":104,"column":0},"end":{"line":118,"column":2}},"21":{"start":{"line":105,"column":2},"end":{"line":107,"column":3}},"22":{"start":{"line":106,"column":4},"end":{"line":106,"column":45}},"23":{"start":{"line":108,"column":21},"end":{"line":108,"column":57}},"24":{"start":{"line":109,"column":19},"end":{"line":109,"column":53}},"25":{"start":{"line":110,"column":20},"end":{"line":110,"column":51}},"26":{"start":{"line":111,"column":18},"end":{"line":111,"column":47}},"27":{"start":{"line":114,"column":29},"end":{"line":114,"column":129}},"28":{"start":{"line":115,"column":28},"end":{"line":115,"column":126}},"29":{"start":{"line":116,"column":31},"end":{"line":116,"column":135}},"30":{"start":{"line":117,"column":2},"end":{"line":117,"column":73}},"31":{"start":{"line":120,"column":0},"end":{"line":120,"column":36}},"32":{"start":{"line":121,"column":14},"end":{"line":121,"column":50}},"33":{"start":{"line":122,"column":0},"end":{"line":122,"column":23}}},"fnMap":{"0":{"name":"(anonymous_0)","decl":{"start":{"line":64,"column":32},"end":{"line":64,"column":33}},"loc":{"start":{"line":64,"column":53},"end":{"line":73,"column":1}},"line":64},"1":{"name":"(anonymous_1)","decl":{"start":{"line":65,"column":21},"end":{"line":65,"column":22}},"loc":{"start":{"line":65,"column":42},"end":{"line":72,"column":3}},"line":65},"2":{"name":"(anonymous_2)","decl":{"start":{"line":66,"column":34},"end":{"line":66,"column":35}},"loc":{"start":{"line":66,"column":50},"end":{"line":71,"column":5}},"line":66},"3":{"name":"(anonymous_3)","decl":{"start":{"line":78,"column":32},"end":{"line":78,"column":33}},"loc":{"start":{"line":78,"column":44},"end":{"line":88,"column":1}},"line":78},"4":{"name":"(anonymous_4)","decl":{"start":{"line":79,"column":21},"end":{"line":79,"column":22}},"loc":{"start":{"line":79,"column":42},"end":{"line":87,"column":3}},"line":79},"5":{"name":"(anonymous_5)","decl":{"start":{"line":80,"column":14},"end":{"line":80,"column":15}},"loc":{"start":{"line":80,"column":29},"end":{"line":86,"column":5}},"line":80},"6":{"name":"(anonymous_6)","decl":{"start":{"line":93,"column":39},"end":{"line":93,"column":40}},"loc":{"start":{"line":93,"column":69},"end":{"line":98,"column":1}},"line":93},"7":{"name":"(anonymous_7)","decl":{"start":{"line":104,"column":41},"end":{"line":104,"column":42}},"loc":{"start":{"line":104,"column":76},"end":{"line":118,"column":1}},"line":104}},"branchMap":{"0":{"loc":{"start":{"line":67,"column":6},"end":{"line":69,"column":7}},"type":"if","locations":[{"start":{"line":67,"column":6},"end":{"line":69,"column":7}},{"start":{"line":67,"column":6},"end":{"line":69,"column":7}}],"line":67},"1":{"loc":{"start":{"line":81,"column":6},"end":{"line":84,"column":7}},"type":"if","locations":[{"start":{"line":81,"column":6},"end":{"line":84,"column":7}},{"start":{"line":81,"column":6},"end":{"line":84,"column":7}}],"line":81},"2":{"loc":{"start":{"line":94,"column":2},"end":{"line":96,"column":3}},"type":"if","locations":[{"start":{"line":94,"column":2},"end":{"line":96,"column":3}},{"start":{"line":94,"column":2},"end":{"line":96,"column":3}}],"line":94},"3":{"loc":{"start":{"line":94,"column":6},"end":{"line":94,"column":80}},"type":"binary-expr","locations":[{"start":{"line":94,"column":6},"end":{"line":94,"column":42}},{"start":{"line":94,"column":46},"end":{"line":94,"column":80}}],"line":94},"4":{"loc":{"start":{"line":97,"column":9},"end":{"line":97,"column":65}},"type":"binary-expr","locations":[{"start":{"line":97,"column":10},"end":{"line":97,"column":36}},{"start":{"line":97,"column":42},"end":{"line":97,"column":64}}],"line":97},"5":{"loc":{"start":{"line":105,"column":2},"end":{"line":107,"column":3}},"type":"if","locations":[{"start":{"line":105,"column":2},"end":{"line":107,"column":3}},{"start":{"line":105,"column":2},"end":{"line":107,"column":3}}],"line":105},"6":{"loc":{"start":{"line":105,"column":8},"end":{"line":105,"column":61}},"type":"binary-expr","locations":[{"start":{"line":105,"column":8},"end":{"line":105,"column":35}},{"start":{"line":105,"column":39},"end":{"line":105,"column":61}}],"line":105},"7":{"loc":{"start":{"line":114,"column":29},"end":{"line":114,"column":129}},"type":"binary-expr","locations":[{"start":{"line":114,"column":29},"end":{"line":114,"column":81}},{"start":{"line":114,"column":86},"end":{"line":114,"column":128}}],"line":114},"8":{"loc":{"start":{"line":115,"column":35},"end":{"line":115,"column":125}},"type":"binary-expr","locations":[{"start":{"line":115,"column":36},"end":{"line":115,"column":78}},{"start":{"line":115,"column":84},"end":{"line":115,"column":124}}],"line":115},"9":{"loc":{"start":{"line":116,"column":38},"end":{"line":116,"column":134}},"type":"binary-expr","locations":[{"start":{"line":116,"column":39},"end":{"line":116,"column":85}},{"start":{"line":116,"column":91},"end":{"line":116,"column":133}}],"line":116},"10":{"loc":{"start":{"line":117,"column":9},"end":{"line":117,"column":72}},"type":"binary-expr","locations":[{"start":{"line":117,"column":9},"end":{"line":117,"column":27}},{"start":{"line":117,"column":31},"end":{"line":117,"column":48}},{"start":{"line":117,"column":52},"end":{"line":117,"column":72}}],"line":117}},"s":{"0":6,"1":6,"2":6,"3":6,"4":0,"5":0,"6":0,"7":0,"8":0,"9":6,"10":0,"11":0,"12":0,"13":0,"14":0,"15":0,"16":6,"17":0,"18":0,"19":0,"20":6,"21":0,"22":0,"23":0,"24":0,"25":0,"26":0,"27":0,"28":0,"29":0,"30":0,"31":6,"32":6,"33":6},"f":{"0":0,"1":0,"2":0,"3":0,"4":0,"5":0,"6":0,"7":0},"b":{"0":[0,0],"1":[0,0],"2":[0,0],"3":[0,0],"4":[0,0],"5":[0,0],"6":[0,0],"7":[0,0],"8":[0,0],"9":[0,0],"10":[0,0,0]},"_coverageSchema":"43e27e138ebf9cfc5966b082cf9a028302ed4184","hash":"13af2f33804e394538fa5d6728fd2234456e0ff0"}
,"C:\\Users\\yanyi\\Documents\\Collections\\CPEN-321\\db\\models\\group.js": {"path":"C:\\Users\\yanyi\\Documents\\Collections\\CPEN-321\\db\\models\\group.js","statementMap":{"0":{"start":{"line":1,"column":17},"end":{"line":1,"column":36}},"1":{"start":{"line":2,"column":17},"end":{"line":2,"column":38}},"2":{"start":{"line":3,"column":13},"end":{"line":3,"column":30}},"3":{"start":{"line":4,"column":24},"end":{"line":4,"column":61}},"4":{"start":{"line":7,"column":20},"end":{"line":32,"column":2}},"5":{"start":{"line":34,"column":0},"end":{"line":57,"column":2}},"6":{"start":{"line":35,"column":2},"end":{"line":56,"column":5}},"7":{"start":{"line":36,"column":4},"end":{"line":55,"column":9}},"8":{"start":{"line":40,"column":8},"end":{"line":43,"column":9}},"9":{"start":{"line":41,"column":10},"end":{"line":41,"column":27}},"10":{"start":{"line":42,"column":10},"end":{"line":42,"column":29}},"11":{"start":{"line":44,"column":8},"end":{"line":44,"column":30}},"12":{"start":{"line":45,"column":8},"end":{"line":54,"column":13}},"13":{"start":{"line":49,"column":12},"end":{"line":52,"column":13}},"14":{"start":{"line":50,"column":14},"end":{"line":50,"column":31}},"15":{"start":{"line":51,"column":14},"end":{"line":51,"column":33}},"16":{"start":{"line":53,"column":12},"end":{"line":53,"column":32}},"17":{"start":{"line":63,"column":0},"end":{"line":72,"column":2}},"18":{"start":{"line":64,"column":2},"end":{"line":71,"column":5}},"19":{"start":{"line":65,"column":4},"end":{"line":70,"column":7}},"20":{"start":{"line":66,"column":6},"end":{"line":68,"column":7}},"21":{"start":{"line":67,"column":8},"end":{"line":67,"column":27}},"22":{"start":{"line":69,"column":6},"end":{"line":69,"column":22}},"23":{"start":{"line":77,"column":0},"end":{"line":87,"column":2}},"24":{"start":{"line":78,"column":2},"end":{"line":86,"column":5}},"25":{"start":{"line":79,"column":4},"end":{"line":85,"column":7}},"26":{"start":{"line":80,"column":6},"end":{"line":82,"column":7}},"27":{"start":{"line":81,"column":8},"end":{"line":81,"column":27}},"28":{"start":{"line":83,"column":19},"end":{"line":83,"column":67}},"29":{"start":{"line":84,"column":6},"end":{"line":84,"column":20}},"30":{"start":{"line":90,"column":0},"end":{"line":90,"column":36}},"31":{"start":{"line":91,"column":0},"end":{"line":91,"column":64}},"32":{"start":{"line":93,"column":14},"end":{"line":93,"column":60}},"33":{"start":{"line":94,"column":0},"end":{"line":94,"column":23}}},"fnMap":{"0":{"name":"(anonymous_0)","decl":{"start":{"line":34,"column":41},"end":{"line":34,"column":42}},"loc":{"start":{"line":34,"column":68},"end":{"line":57,"column":1}},"line":34},"1":{"name":"(anonymous_1)","decl":{"start":{"line":35,"column":21},"end":{"line":35,"column":22}},"loc":{"start":{"line":35,"column":42},"end":{"line":56,"column":3}},"line":35},"2":{"name":"(anonymous_2)","decl":{"start":{"line":39,"column":6},"end":{"line":39,"column":7}},"loc":{"start":{"line":39,"column":35},"end":{"line":55,"column":7}},"line":39},"3":{"name":"(anonymous_3)","decl":{"start":{"line":48,"column":10},"end":{"line":48,"column":11}},"loc":{"start":{"line":48,"column":37},"end":{"line":54,"column":11}},"line":48},"4":{"name":"(anonymous_4)","decl":{"start":{"line":63,"column":36},"end":{"line":63,"column":37}},"loc":{"start":{"line":63,"column":56},"end":{"line":72,"column":1}},"line":63},"5":{"name":"(anonymous_5)","decl":{"start":{"line":64,"column":21},"end":{"line":64,"column":22}},"loc":{"start":{"line":64,"column":42},"end":{"line":71,"column":3}},"line":64},"6":{"name":"(anonymous_6)","decl":{"start":{"line":65,"column":33},"end":{"line":65,"column":34}},"loc":{"start":{"line":65,"column":50},"end":{"line":70,"column":5}},"line":65},"7":{"name":"(anonymous_7)","decl":{"start":{"line":77,"column":40},"end":{"line":77,"column":41}},"loc":{"start":{"line":77,"column":60},"end":{"line":87,"column":1}},"line":77},"8":{"name":"(anonymous_8)","decl":{"start":{"line":78,"column":21},"end":{"line":78,"column":22}},"loc":{"start":{"line":78,"column":42},"end":{"line":86,"column":3}},"line":78},"9":{"name":"(anonymous_9)","decl":{"start":{"line":79,"column":33},"end":{"line":79,"column":34}},"loc":{"start":{"line":79,"column":50},"end":{"line":85,"column":5}},"line":79}},"branchMap":{"0":{"loc":{"start":{"line":40,"column":8},"end":{"line":43,"column":9}},"type":"if","locations":[{"start":{"line":40,"column":8},"end":{"line":43,"column":9}},{"start":{"line":40,"column":8},"end":{"line":43,"column":9}}],"line":40},"1":{"loc":{"start":{"line":49,"column":12},"end":{"line":52,"column":13}},"type":"if","locations":[{"start":{"line":49,"column":12},"end":{"line":52,"column":13}},{"start":{"line":49,"column":12},"end":{"line":52,"column":13}}],"line":49},"2":{"loc":{"start":{"line":66,"column":6},"end":{"line":68,"column":7}},"type":"if","locations":[{"start":{"line":66,"column":6},"end":{"line":68,"column":7}},{"start":{"line":66,"column":6},"end":{"line":68,"column":7}}],"line":66},"3":{"loc":{"start":{"line":80,"column":6},"end":{"line":82,"column":7}},"type":"if","locations":[{"start":{"line":80,"column":6},"end":{"line":82,"column":7}},{"start":{"line":80,"column":6},"end":{"line":82,"column":7}}],"line":80}},"s":{"0":6,"1":6,"2":6,"3":6,"4":6,"5":6,"6":10,"7":10,"8":10,"9":0,"10":0,"11":10,"12":10,"13":10,"14":0,"15":0,"16":10,"17":6,"18":0,"19":0,"20":0,"21":0,"22":0,"23":6,"24":0,"25":0,"26":0,"27":0,"28":0,"29":0,"30":6,"31":6,"32":6,"33":6},"f":{"0":10,"1":10,"2":10,"3":10,"4":0,"5":0,"6":0,"7":0,"8":0,"9":0},"b":{"0":[0,10],"1":[0,10],"2":[0,0],"3":[0,0]},"_coverageSchema":"43e27e138ebf9cfc5966b082cf9a028302ed4184","hash":"3dccff2794bebbd9c50a5e884927cf16a17c5902"}
,"C:\\Users\\yanyi\\Documents\\Collections\\CPEN-321\\db\\models\\user.js": {"path":"C:\\Users\\yanyi\\Documents\\Collections\\CPEN-321\\db\\models\\user.js","statementMap":{"0":{"start":{"line":7,"column":17},"end":{"line":7,"column":36}},"1":{"start":{"line":8,"column":18},"end":{"line":8,"column":38}},"2":{"start":{"line":9,"column":15},"end":{"line":9,"column":34}},"3":{"start":{"line":11,"column":24},"end":{"line":11,"column":61}},"4":{"start":{"line":12,"column":17},"end":{"line":12,"column":38}},"5":{"start":{"line":13,"column":14},"end":{"line":13,"column":32}},"6":{"start":{"line":14,"column":14},"end":{"line":14,"column":32}},"7":{"start":{"line":16,"column":19},"end":{"line":111,"column":2}},"8":{"start":{"line":20,"column":25},"end":{"line":20,"column":49}},"9":{"start":{"line":63,"column":27},"end":{"line":69,"column":8}},"10":{"start":{"line":64,"column":8},"end":{"line":64,"column":30}},"11":{"start":{"line":64,"column":17},"end":{"line":64,"column":30}},"12":{"start":{"line":65,"column":8},"end":{"line":67,"column":9}},"13":{"start":{"line":66,"column":10},"end":{"line":66,"column":22}},"14":{"start":{"line":68,"column":8},"end":{"line":68,"column":21}},"15":{"start":{"line":102,"column":27},"end":{"line":108,"column":8}},"16":{"start":{"line":103,"column":8},"end":{"line":103,"column":30}},"17":{"start":{"line":103,"column":17},"end":{"line":103,"column":30}},"18":{"start":{"line":104,"column":8},"end":{"line":106,"column":9}},"19":{"start":{"line":105,"column":10},"end":{"line":105,"column":22}},"20":{"start":{"line":107,"column":8},"end":{"line":107,"column":21}},"21":{"start":{"line":116,"column":0},"end":{"line":127,"column":3}},"22":{"start":{"line":117,"column":2},"end":{"line":126,"column":3}},"23":{"start":{"line":119,"column":17},"end":{"line":119,"column":41}},"24":{"start":{"line":120,"column":25},"end":{"line":120,"column":63}},"25":{"start":{"line":123,"column":4},"end":{"line":123,"column":11}},"26":{"start":{"line":125,"column":4},"end":{"line":125,"column":16}},"27":{"start":{"line":132,"column":0},"end":{"line":139,"column":2}},"28":{"start":{"line":133,"column":2},"end":{"line":138,"column":3}},"29":{"start":{"line":134,"column":4},"end":{"line":134,"column":44}},"30":{"start":{"line":135,"column":4},"end":{"line":135,"column":60}},"31":{"start":{"line":137,"column":4},"end":{"line":137,"column":23}},"32":{"start":{"line":145,"column":0},"end":{"line":147,"column":2}},"33":{"start":{"line":146,"column":2},"end":{"line":146,"column":48}},"34":{"start":{"line":152,"column":0},"end":{"line":162,"column":2}},"35":{"start":{"line":153,"column":2},"end":{"line":161,"column":5}},"36":{"start":{"line":154,"column":4},"end":{"line":160,"column":7}},"37":{"start":{"line":155,"column":6},"end":{"line":158,"column":7}},"38":{"start":{"line":156,"column":8},"end":{"line":156,"column":27}},"39":{"start":{"line":157,"column":8},"end":{"line":157,"column":27}},"40":{"start":{"line":159,"column":6},"end":{"line":159,"column":20}},"41":{"start":{"line":167,"column":0},"end":{"line":176,"column":2}},"42":{"start":{"line":168,"column":2},"end":{"line":175,"column":5}},"43":{"start":{"line":169,"column":4},"end":{"line":174,"column":7}},"44":{"start":{"line":170,"column":6},"end":{"line":172,"column":7}},"45":{"start":{"line":171,"column":8},"end":{"line":171,"column":27}},"46":{"start":{"line":173,"column":6},"end":{"line":173,"column":22}},"47":{"start":{"line":178,"column":0},"end":{"line":204,"column":2}},"48":{"start":{"line":179,"column":2},"end":{"line":203,"column":5}},"49":{"start":{"line":180,"column":4},"end":{"line":202,"column":9}},"50":{"start":{"line":184,"column":8},"end":{"line":187,"column":9}},"51":{"start":{"line":185,"column":10},"end":{"line":185,"column":27}},"52":{"start":{"line":186,"column":10},"end":{"line":186,"column":29}},"53":{"start":{"line":188,"column":8},"end":{"line":188,"column":29}},"54":{"start":{"line":189,"column":8},"end":{"line":201,"column":13}},"55":{"start":{"line":196,"column":12},"end":{"line":199,"column":13}},"56":{"start":{"line":197,"column":14},"end":{"line":197,"column":31}},"57":{"start":{"line":198,"column":14},"end":{"line":198,"column":33}},"58":{"start":{"line":200,"column":12},"end":{"line":200,"column":34}},"59":{"start":{"line":206,"column":0},"end":{"line":229,"column":2}},"60":{"start":{"line":207,"column":2},"end":{"line":228,"column":5}},"61":{"start":{"line":208,"column":4},"end":{"line":227,"column":9}},"62":{"start":{"line":212,"column":8},"end":{"line":215,"column":9}},"63":{"start":{"line":213,"column":10},"end":{"line":213,"column":27}},"64":{"start":{"line":214,"column":10},"end":{"line":214,"column":29}},"65":{"start":{"line":216,"column":8},"end":{"line":216,"column":29}},"66":{"start":{"line":217,"column":8},"end":{"line":226,"column":13}},"67":{"start":{"line":221,"column":12},"end":{"line":224,"column":13}},"68":{"start":{"line":222,"column":14},"end":{"line":222,"column":31}},"69":{"start":{"line":223,"column":14},"end":{"line":223,"column":33}},"70":{"start":{"line":225,"column":12},"end":{"line":225,"column":32}},"71":{"start":{"line":231,"column":0},"end":{"line":254,"column":2}},"72":{"start":{"line":232,"column":2},"end":{"line":253,"column":5}},"73":{"start":{"line":233,"column":4},"end":{"line":252,"column":9}},"74":{"start":{"line":237,"column":8},"end":{"line":240,"column":9}},"75":{"start":{"line":238,"column":10},"end":{"line":238,"column":27}},"76":{"start":{"line":239,"column":10},"end":{"line":239,"column":29}},"77":{"start":{"line":241,"column":8},"end":{"line":241,"column":29}},"78":{"start":{"line":242,"column":8},"end":{"line":251,"column":13}},"79":{"start":{"line":246,"column":12},"end":{"line":249,"column":13}},"80":{"start":{"line":247,"column":14},"end":{"line":247,"column":31}},"81":{"start":{"line":248,"column":14},"end":{"line":248,"column":33}},"82":{"start":{"lin
[...]
"column":22}},"loc":{"start":{"line":207,"column":42},"end":{"line":228,"column":3}},"line":207},"20":{"name":"(anonymous_20)","decl":{"start":{"line":211,"column":6},"end":{"line":211,"column":7}},"loc":{"start":{"line":211,"column":34},"end":{"line":227,"column":7}},"line":211},"21":{"name":"(anonymous_21)","decl":{"start":{"line":220,"column":10},"end":{"line":220,"column":11}},"loc":{"start":{"line":220,"column":37},"end":{"line":226,"column":11}},"line":220},"22":{"name":"(anonymous_22)","decl":{"start":{"line":231,"column":36},"end":{"line":231,"column":37}},"loc":{"start":{"line":231,"column":59},"end":{"line":254,"column":1}},"line":231},"23":{"name":"(anonymous_23)","decl":{"start":{"line":232,"column":21},"end":{"line":232,"column":22}},"loc":{"start":{"line":232,"column":42},"end":{"line":253,"column":3}},"line":232},"24":{"name":"(anonymous_24)","decl":{"start":{"line":236,"column":6},"end":{"line":236,"column":7}},"loc":{"start":{"line":236,"column":34},"end":{"line":252,"column":7}},"line":236},"25":{"name":"(anonymous_25)","decl":{"start":{"line":245,"column":10},"end":{"line":245,"column":11}},"loc":{"start":{"line":245,"column":39},"end":{"line":251,"column":11}},"line":245},"26":{"name":"(anonymous_26)","decl":{"start":{"line":256,"column":37},"end":{"line":256,"column":38}},"loc":{"start":{"line":256,"column":61},"end":{"line":279,"column":1}},"line":256},"27":{"name":"(anonymous_27)","decl":{"start":{"line":257,"column":21},"end":{"line":257,"column":22}},"loc":{"start":{"line":257,"column":42},"end":{"line":278,"column":3}},"line":257},"28":{"name":"(anonymous_28)","decl":{"start":{"line":261,"column":6},"end":{"line":261,"column":7}},"loc":{"start":{"line":261,"column":34},"end":{"line":277,"column":7}},"line":261},"29":{"name":"(anonymous_29)","decl":{"start":{"line":270,"column":10},"end":{"line":270,"column":11}},"loc":{"start":{"line":270,"column":40},"end":{"line":276,"column":11}},"line":270}},"branchMap":{"0":{"loc":{"start":{"line":64,"column":8},"end":{"line":64,"column":30}},"type":"if","locations":[{"start":{"line":64,"column":8},"end":{"line":64,"column":30}},{"start":{"line":64,"column":8},"end":{"line":64,"column":30}}],"line":64},"1":{"loc":{"start":{"line":65,"column":8},"end":{"line":67,"column":9}},"type":"if","locations":[{"start":{"line":65,"column":8},"end":{"line":67,"column":9}},{"start":{"line":65,"column":8},"end":{"line":67,"column":9}}],"line":65},"2":{"loc":{"start":{"line":103,"column":8},"end":{"line":103,"column":30}},"type":"if","locations":[{"start":{"line":103,"column":8},"end":{"line":103,"column":30}},{"start":{"line":103,"column":8},"end":{"line":103,"column":30}}],"line":103},"3":{"loc":{"start":{"line":104,"column":8},"end":{"line":106,"column":9}},"type":"if","locations":[{"start":{"line":104,"column":8},"end":{"line":106,"column":9}},{"start":{"line":104,"column":8},"end":{"line":106,"column":9}}],"line":104},"4":{"loc":{"start":{"line":155,"column":6},"end":{"line":158,"column":7}},"type":"if","locations":[{"start":{"line":155,"column":6},"end":{"line":158,"column":7}},{"start":{"line":155,"column":6},"end":{"line":158,"column":7}}],"line":155},"5":{"loc":{"start":{"line":170,"column":6},"end":{"line":172,"column":7}},"type":"if","locations":[{"start":{"line":170,"column":6},"end":{"line":172,"column":7}},{"start":{"line":170,"column":6},"end":{"line":172,"column":7}}],"line":170},"6":{"loc":{"start":{"line":184,"column":8},"end":{"line":187,"column":9}},"type":"if","locations":[{"start":{"line":184,"column":8},"end":{"line":187,"column":9}},{"start":{"line":184,"column":8},"end":{"line":187,"column":9}}],"line":184},"7":{"loc":{"start":{"line":196,"column":12},"end":{"line":199,"column":13}},"type":"if","locations":[{"start":{"line":196,"column":12},"end":{"line":199,"column":13}},{"start":{"line":196,"column":12},"end":{"line":199,"column":13}}],"line":196},"8":{"loc":{"start":{"line":212,"column":8},"end":{"line":215,"column":9}},"type":"if","locations":[{"start":{"line":212,"column":8},"end":{"line":215,"column":9}},{"start":{"line":212,"column":8},"end":{"line":215,"column":9}}],"line":212},"9":{"loc":{"start":{"line":221,"column":12},"end":{"line":224,"column":13}},"type":"if","locations":[{"start":{"line":221,"column":12},"end":{"line":224,"column":13}},{"start":{"line":221,"column":12},"end":{"line":224,"column":13}}],"line":221},"10":{"loc":{"start":{"line":237,"column":8},"end":{"line":240,"column":9}},"type":"if","locations":[{"start":{"line":237,"column":8},"end":{"line":240,"column":9}},{"start":{"line":237,"column":8},"end":{"line":240,"column":9}}],"line":237},"11":{"loc":{"start":{"line":246,"column":12},"end":{"line":249,"column":13}},"type":"if","locations":[{"start":{"line":246,"column":12},"end":{"line":249,"column":13}},{"start":{"line":246,"column":12},"end":{"line":249,"column":13}}],"line":246},"12":{"loc":{"start":{"line":262,"column":8},"end":{"line":265,"column":9}},"type":"if","locations":[{"start":{"line":262,"column":8},"end":{"line":265,"column":9}},{"start":{"line":262,"column":8},"end":{"line":265,"column":9}}],"line":262},"13":{"loc":{"start":{"line":271,"column":12},"end":{"line":274,"column":13}},"type":"if","locations":[{"start":{"line":271,"column":12},"end":{"line":274,"column":13}},{"start":{"line":271,"column":12},"end":{"line":274,"column":13}}],"line":271}},"s":{"0":6,"1":6,"2":6,"3":6,"4":6,"5":6,"6":6,"7":6,"8":65,"9":0,"10":0,"11":0,"12":0,"13":0,"14":0,"15":0,"16":0,"17":0,"18":0,"19":0,"20":0,"21":6,"22":0,"23":0,"24":0,"25":0,"26":0,"27":6,"28":0,"29":0,"30":0,"31":0,"32":6,"33":0,"34":6,"35":0,"36":0,"37":0,"38":0,"39":0,"40":0,"41":6,"42":3,"43":3,"44":3,"45":0,"46":3,"47":6,"48":25,"49":25,"50":25,"51":0,"52":0,"53":25,"54":25,"55":25,"56":0,"57":0,"58":25,"59":6,"60":25,"61":25,"62":25,"63":0,"64":0,"65":25,"66":25,"67":25,"68":0,"69":0,"70":25,"71":6,"72":20,"73":20,"74":20,"75":0,"76":0,"77":20,"78":20,"79":20,"80":0,"81":0,"82":20,"83":6,"84":20,"85":20,"86":20,"87":0,"88":0,"89":20,"90":20,"91":20,"92":0,"93":0,"94":20,"95":6,"96":6,"97":6,"98":6},"f":{"0":65,"1":0,"2":0,"3":0,"4":0,"5":0,"6":0,"7":0,"8":0,"9":0,"10":0,"11":3,"12":3,"13":3,"14":25,"15":25,"16":25,"17":25,"18":25,"19":25,"20":25,"21":25,"22":20,"23":20,"24":20,"25":20,"26":20,"27":20,"28":20,"29":20},"b":{"0":[0,0],"1":[0,0],"2":[0,0],"3":[0,0],"4":[0,0],"5":[0,3],"6":[0,25],"7":[0,25],"8":[0,25],"9":[0,25],"10":[0,20],"11":[0,20],"12":[0,20],"13":[0,20]},"_coverageSchema":"43e27e138ebf9cfc5966b082cf9a028302ed4184","hash":"095080d2774130d076dbb7de8cbc98c4c3b8d67f"}
,"C:\\Users\\yanyi\\Documents\\Collections\\CPEN-321\\db\\plugins\\timeStampUpdate.js": {"path":"C:\\Users\\yanyi\\Documents\\Collections\\CPEN-321\\db\\plugins\\timeStampUpdate.js","statementMap":{"0":{"start":{"line":1,"column":0},"end":{"line":20,"column":2}},"1":{"start":{"line":3,"column":2},"end":{"line":6,"column":5}},"2":{"start":{"line":9,"column":2},"end":{"line":19,"column":5}},"3":{"start":{"line":10,"column":16},"end":{"line":10,"column":26}},"4":{"start":{"line":12,"column":4},"end":{"line":12,"column":25}},"5":{"start":{"line":14,"column":4},"end":{"line":16,"column":5}},"6":{"start":{"line":15,"column":6},"end":{"line":15,"column":27}},"7":{"start":{"line":18,"column":4},"end":{"line":18,"column":11}}},"fnMap":{"0":{"name":"timestamp","decl":{"start":{"line":1,"column":26},"end":{"line":1,"column":35}},"loc":{"start":{"line":1,"column":44},"end":{"line":20,"column":1}},"line":1},"1":{"name":"(anonymous_1)","decl":{"start":{"line":9,"column":21},"end":{"line":9,"column":22}},"loc":{"start":{"line":9,"column":37},"end":{"line":19,"column":3}},"line":9}},"branchMap":{"0":{"loc":{"start":{"line":14,"column":4},"end":{"line":16,"column":5}},"type":"if","locations":[{"start":{"line":14,"column":4},"end":{"line":16,"column":5}},{"start":{"line":14,"column":4},"end":{"line":16,"column":5}}],"line":14}},"s":{"0":6,"1":24,"2":24,"3":0,"4":0,"5":0,"6":0,"7":0},"f":{"0":24,"1":0},"b":{"0":[0,0]},"_coverageSchema":"43e27e138ebf9cfc5966b082cf9a028302ed4184","hash":"65de60a6b3cec33cb72122cc1d2fa135da5979c0"}
,"C:\\Users\\yanyi\\Documents\\Collections\\CPEN-321\\test\\db_handler.js": {"path":"C:\\Users\\yanyi\\Documents\\Collections\\CPEN-321\\test\\db_handler.js","statementMap":{"0":{"start":{"line":3,"column":17},"end":{"line":3,"column":36}},"1":{"start":{"line":4,"column":30},"end":{"line":4,"column":62}},"2":{"start":{"line":6,"column":15},"end":{"line":6,"column":38}},"3":{"start":{"line":7,"column":13},"end":{"line":7,"column":39}},"4":{"start":{"line":11,"column":0},"end":{"line":23,"column":2}},"5":{"start":{"line":12,"column":14},"end":{"line":12,"column":48}},"6":{"start":{"line":14,"column":23},"end":{"line":19,"column":3}},"7":{"start":{"line":21,"column":2},"end":{"line":21,"column":44}},"8":{"start":{"line":22,"column":2},"end":{"line":22,"column":24}},"9":{"start":{"line":28,"column":0},"end":{"line":32,"column":2}},"10":{"start":{"line":29,"column":2},"end":{"line":29,"column":43}},"11":{"start":{"line":30,"column":2},"end":{"line":30,"column":36}},"12":{"start":{"line":31,"column":2},"end":{"line":31,"column":22}},"13":{"start":{"line":37,"column":0},"end":{"line":44,"column":2}},"14":{"start":{"line":38,"column":26},"end":{"line":38,"column":45}},"15":{"start":{"line":40,"column":2},"end":{"line":43,"column":3}},"16":{"start":{"line":41,"column":23},"end":{"line":41,"column":39}},"17":{"start":{"line":42,"column":4},"end":{"line":42,"column":34}}},"fnMap":{"0":{"name":"(anonymous_0)","decl":{"start":{"line":11,"column":25},"end":{"line":11,"column":26}},"loc":{"start":{"line":11,"column":37},"end":{"line":23,"column":1}},"line":11},"1":{"name":"(anonymous_1)","decl":{"start":{"line":28,"column":31},"end":{"line":28,"column":32}},"loc":{"start":{"line":28,"column":43},"end":{"line":32,"column":1}},"line":28},"2":{"name":"(anonymous_2)","decl":{"start":{"line":37,"column":31},"end":{"line":37,"column":32}},"loc":{"start":{"line":37,"column":43},"end":{"line":44,"column":1}},"line":37}},"branchMap":{},"s":{"0":5,"1":5,"2":5,"3":5,"4":5,"5":5,"6":5,"7":5,"8":5,"9":5,"10":5,"11":5,"12":5,"13":5,"14":0,"15":0,"16":0,"17":0},"f":{"0":5,"1":5,"2":0},"b":{},"_coverageSchema":"43e27e138ebf9cfc5966b082cf9a028302ed4184","hash":"1758f9f3228398c68027dde3e0de0235b71d4169"}
,"C:\\Users\\yanyi\\Documents\\Collections\\CPEN-321\\test\\init_database.js": {"path":"C:\\Users\\yanyi\\Documents\\Collections\\CPEN-321\\test\\init_database.js","statementMap":{"0":{"start":{"line":12,"column":11},"end":{"line":12,"column":24}},"1":{"start":{"line":13,"column":13},"end":{"line":13,"column":28}},"2":{"start":{"line":14,"column":17},"end":{"line":14,"column":36}},"3":{"start":{"line":15,"column":14},"end":{"line":15,"column":30}},"4":{"start":{"line":16,"column":15},"end":{"line":16,"column":32}},"5":{"start":{"line":18,"column":13},"end":{"line":18,"column":41}},"6":{"start":{"line":19,"column":14},"end":{"line":19,"column":43}},"7":{"start":{"line":20,"column":14},"end":{"line":20,"column":43}},"8":{"start":{"line":21,"column":17},"end":{"line":21,"column":49}},"9":{"start":{"line":23,"column":0},"end":{"line":35,"column":2}},"10":{"start":{"line":24,"column":2},"end":{"line":24,"column":42}},"11":{"start":{"line":25,"column":2},"end":{"line":25,"column":71}},"12":{"start":{"line":27,"column":2},"end":{"line":31,"column":5}},"13":{"start":{"line":28,"column":4},"end":{"line":28,"column":23}},"14":{"start":{"line":29,"column":4},"end":{"line":29,"column":112}},"15":{"start":{"line":30,"column":4},"end":{"line":30,"column":19}},"16":{"start":{"line":33,"column":2},"end":{"line":33,"column":109}},"17":{"start":{"line":37,"column":0},"end":{"line":204,"column":2}},"18":{"start":{"line":38,"column":2},"end":{"line":203,"column":3}},"19":{"start":{"line":39,"column":18},"end":{"line":39,"column":105}},"20":{"start":{"line":41,"column":18},"end":{"line":41,"column":106}},"21":{"start":{"line":43,"column":21},"end":{"line":43,"column":113}},"22":{"start":{"line":45,"column":25},"end":{"line":45,"column":121}},"23":{"start":{"line":47,"column":21},"end":{"line":47,"column":112}},"24":{"start":{"line":49,"column":4},"end":{"line":49,"column":33}},"25":{"start":{"line":50,"column":4},"end":{"line":50,"column":54}},"26":{"start":{"line":51,"column":4},"end":{"line":51,"column":40}},"27":{"start":{"line":52,"column":4},"end":{"line":52,"column":58}},"28":{"start":{"line":53,"column":4},"end":{"line":53,"column":34}},"29":{"start":{"line":54,"column":4},"end":{"line":54,"column":55}},"30":{"start":{"line":55,"column":4},"end":{"line":55,"column":37}},"31":{"start":{"line":56,"column":4},"end":{"line":56,"column":64}},"32":{"start":{"line":57,"column":4},"end":{"line":57,"column":41}},"33":{"start":{"line":58,"column":4},"end":{"line":58,"column":63}},"34":{"start":{"line":64,"column":22},"end":{"line":64,"column":76}},"35":{"start":{"line":65,"column":24},"end":{"line":65,"column":71}},"36":{"start":{"line":66,"column":22},"end":{"line":66,"column":69}},"37":{"start":{"line":67,"column":22},"end":{"line":67,"column":69}},"38":{"start":{"line":68,"column":21},"end":{"line":68,"column":67}},"39":{"start":{"line":70,"column":29},"end":{"line":70,"column":79}},"40":{"start":{"line":71,"column":27},"end":{"line":71,"column":86}},"41":{"start":{"line":73,"column":20},"end":{"line":73,"column":81}},"42":{"start":{"line":74,"column":20},"end":{"line":74,"column":81}},"43":{"start":{"line":75,"column":22},"end":{"line":75,"column":83}},"44":{"start":{"line":76,"column":21},"end":{"line":76,"column":82}},"45":{"start":{"line":77,"column":21},"end":{"line":77,"column":82}},"46":{"start":{"line":78,"column":24},"end":{"line":78,"column":84}},"47":{"start":{"line":79,"column":24},"end":{"line":79,"column":84}},"48":{"start":{"line":81,"column":20},"end":{"line":81,"column":68}},"49":{"start":{"line":82,"column":20},"end":{"line":82,"column":68}},"50":{"start":{"line":83,"column":20},"end":{"line":83,"column":68}},"51":{"start":{"line":84,"column":21},"end":{"line":84,"column":70}},"52":{"start":{"line":85,"column":21},"end":{"line":85,"column":70}},"53":{"start":{"line":86,"column":21},"end":{"line":86,"column":70}},"54":{"start":{"line":87,"column":21},"end":{"line":87,"column":69}},"55":{"start":{"line":88,"column":21},"end":{"line":88,"column":69}},"56":{"start":{"line":89,"column":21},"end":{"line":89,"column":69}},"57":{"start":{"line":90,"column":21},"end":{"line":90,"column":69}},"58":{"start":{"line":91,"column":21},"end":{"line":91,"column":69}},"59":{"start":{"line":92,"column":21},"end":{"line":92,"column":69}},"60":{"start":{"line":93,"column":21},"end":{"line":93,"column":69}},"61":{"start":{"line":94,"column":21},"end":{"line":94,"column":69}},"62":{"start":{"line":95,"column":21},"end":{"line":95,"column":69}},"63":{"start":{"line":96,"column":21},"end":{"line":96,"column":70}},"64":{"start":{"line":97,"column":21},"end":{"line":97,"column":70}},"65":{"start":{"line":99,"column":20},"end":{"line":99,"column":65}},"66":{"start":{"line":100,"column":20},"end":{"line":100,"column":65}},"67":{"start":{"line":104,"column":4},"end":{"line":104,"column":61}},"68":{"start":{"line":105,"column":4},"end":{"line":105,"column":63}},"69":{"start":{"line":106,"column":4},"end":{"line":106,"column":61}},"70":{"start":{"line":107,"column":4},"end":{"line":107,"column":59}},"71":{"start":{"line":108,"column":4},"end":{"line":108,"column":58}},"72":{"start":{"line":113,"column":4},"end":{"line":113,"column":53}},"73":{"start":{"line":114,"column":4},"end":{"line":114,"column":55}},"74":{"start":{"line":115,"column":4},"end":{"line":115,"column":55}},"75":{"start":{"line":116,"column":4},"end":{"line":116,"column":54}},"76":{"start":{"line":117,"column":4},"end":{"line":117,"column":53}},"77":{"start":{"line":122,"column":4},"end":{"line":122,"column":50}},"78":{"start":{"line":123,"column":4},"end":{"line":123,"column":52}},"79":{"start":{"line":124,"column":4},"end":{"line":124,"column":50}},"80":{"start":{"line":125,"column":4},"end":{"line":125,"column":50}},"81":{"start":{"line":133,"column":4},"end":{"line":133,"column":57}},"82":{"start":{"line":134,"column":4},"end":{"line":134,"column":57}},"83":{"start":{"line":139,"column":4},"end":{"line":139,"column":56}},"84":{"start":{"line":140,"column":4},"end":{"line":140,"column":57}},"85":{"start":{"line":141,"column":4},"end":{"line":141,"column":57}},"86":{"start":{"line":146,"column":4},"end":{"line":146,"column":58}},"87":{"start":{"line":147,"column":4},"end":{"line":147,"column":59}},"88":{"start":{"line":148,"column":4},"end":{"line":148,"column":59}},"89":{"start":{"line":149,"column":4},"end":{"line":149,"column":59}},"90":{"start":{"line":150,"column":4},"end":{"line":150,"column":59}},"91":{"start":{"line":155,"column":4},"end":{"line":155,"column":57}},"92":{"start":{"line":156,"column":4},"end":{"line":156,"column":57}},"93":{"start":{"line":157,"column":4},"end":{"line":157,"column":58}},"94":{"start":{"line":158,"column":4},"end":{"line":158,"column":58}},"95":{"start":{"line":159,"column":4},"end":{"line":159,"column":58}},"96":{"start":{"line":160,"column":4},"end":{"line":160,"column":58}},"97":{"start":{"line":161,"column":4},"end":{"line":161,"column":58}},"98":{"start":{"line":166,"column":4},"end":{"line":166,"column":57}},"99":{"start":{"line":167,"column":4},"end":{"line":167,"column":58}},"100":{"start":{"line":168,"column":4},"end":{"line":168,"column":58}},"101":{"start":{"line":169,"column":4},"end":{"line":169,"column":58}},"102":{"start":{"line":170,"column":4},"end":{"line":170,"column":58}},"103":{"start":{"line":176,"column":4},"end":{"line":176,"column":69}},"104":{"start":{"line":177,"column":4},"end":{"line":177,"column":69}},"105":{"start":{"line":179,"column":4},"end":{"line":179,"column":71}},"106":{"start":{"line":180,"column":4},"end":{"line":180,"column":70}},"107":{"start":{"line":185,"column":4},"end":{"line":185,"column":57}},"108":{"start":{"line":186,"column":4},"end":{"line":186,"column":57}},"109":{"start":{"line":192,"column":4},"end":{"line":192,"column":55}},"110":{"start":{"line":193,"column":4},"end":{"line":193,"column":53}},"111":{"start":{"line":194,"column":4},"end":{"line":194,"column":53}},"112":{"start":{"line":195,"column":4},"end":{"line":195,"column":52}},"113":{"start":{"line":198,"column":4},"end":{"line":198,"column":31}},"114":{"start":{"line":201,"column":4},"end":{"line":201,"column":19}}},"fnMap":{"0":{"name":"(anonymous_0)","decl":{"start":{"line":23,"column":18},"end":{"line":23,"column":19}},"loc":{"start":{"line":23,"column":24},"end":{"line":35,"column":1}},"line":23},"1":{"name":"(anonymous_1)","decl":{"start":{"line":27,"column":34},"end":{"line":27,"column":35}},"loc":{"start":{"line":27,"column":43},"end":{"line":31,"column":3}},"line":27},"2":{"name":"(anonymous_2)","decl":{"start":{"line":37,"column":19},"end":{"line":37,"column":20}},"loc":{"start":{"line":37,"column":31},"end":{"line":204,"column":1}},"line":37}},"branchMap":{},"s":{"0":5,"1":5,"2":5,"3":5,"4":5,"5":5,"6":5,"7":5,"8":5,"9":5,"10":0,"11":0,"12":0,"13":0,"14":0,"15":0,"16":0,"17":5,"18":5,"19":5,"20":5,"21":5,"22":5,"23":5,"24":5,"25":5,"26":5,"27":5,"28":5,"29":5,"30":5,"31":5,"32":5,"33":5,"34":5,"35":5,"36":5,"37":5,"38":5,"39":5,"40":5,"41":5,"42":5,"43":5,"44":5,"45":5,"46":5,"47":5,"48":5,"49":5,"50":5,"51":5,"52":5,"53":5,"54":5,"55":5,"56":5,"57":5,"58":5,"59":5,"60":5,"61":5,"62":5,"63":5,"64":5,"65":5,"66":5,"67":5,"68":5,"69":5,"70":5,"71":5,"72":5,"73":5,"74":5,"75":5,"76":5,"77":5,"78":5,"79":5,"80":5,"81":5,"82":5,"83":5,"84":5,"85":5,"86":5,"87":5,"88":5,"89":5,"90":5,"91":5,"92":5,"93":5,"94":5,"95":5,"96":5,"97":5,"98":5,"99":5,"100":5,"101":5,"102":5,"103":5,"104":5,"105":5,"106":5,"107":5,"108":5,"109":5,"110":5,"111":5,"112":5,"113":5,"114":0},"f":{"0":0,"1":0,"2":5},"b":{},"_coverageSchema":"43e27e138ebf9cfc5966b082cf9a028302ed4184","hash":"7cf9ae1c11d6a2861be65e8d119b2e0470f90e10"}
}
