TN:
SF:C:\Users\yanyi\Documents\Collections\CPEN-321\config\index.js
FNF:0
FNH:0
DA:1,4
LF:1
LH:1
BRF:0
BRH:0
end_of_record
TN:
SF:C:\Users\yanyi\Documents\Collections\CPEN-321\controllers\helper.js
FN:9,(anonymous_0)
FN:17,(anonymous_1)
FN:32,(anonymous_2)
FNF:3
FNH:2
FNDA:8,(anonymous_0)
FNDA:53,(anonymous_1)
FNDA:0,(anonymous_2)
DA:1,4
DA:2,4
DA:4,4
DA:9,4
DA:10,8
DA:14,8
DA:17,4
DA:18,53
DA:19,105
DA:20,19
DA:23,34
DA:32,4
DA:33,0
DA:34,0
DA:35,0
DA:36,0
DA:37,0
DA:41,0
LF:18
LH:12
BRDA:19,0,0,19
BRDA:19,0,1,86
BRDA:36,1,0,0
BRDA:36,1,1,0
BRF:4
BRH:2
end_of_record
TN:
SF:C:\Users\yanyi\Documents\Collections\CPEN-321\controllers\calendar\calendar_helper.js
FN:11,updateEventToDate
FN:29,(anonymous_1)
FN:41,checkSameWeek
FN:55,checkSameMonth
FN:68,(anonymous_4)
FN:97,(anonymous_5)
FN:99,(anonymous_6)
FN:99,(anonymous_7)
FN:102,(anonymous_8)
FNF:9
FNH:0
FNDA:0,updateEventToDate
FNDA:0,(anonymous_1)
FNDA:0,checkSameWeek
FNDA:0,checkSameMonth
FNDA:0,(anonymous_4)
FNDA:0,(anonymous_5)
FNDA:0,(anonymous_6)
FNDA:0,(anonymous_7)
FNDA:0,(anonymous_8)
DA:1,4
DA:2,4
DA:4,4
DA:12,0
DA:13,0
DA:16,0
DA:17,0
DA:18,0
DA:21,0
DA:22,0
DA:23,0
DA:26,0
DA:30,0
DA:31,0
DA:42,0
DA:43,0
DA:44,0
DA:45,0
DA:47,0
DA:57,0
DA:58,0
DA:59,0
DA:60,0
DA:68,4
DA:69,0
DA:70,0
DA:72,0
DA:73,0
DA:75,0
DA:76,0
DA:77,0
DA:79,0
DA:81,0
DA:82,0
DA:83,0
DA:85,0
DA:87,0
DA:89,0
DA:97,4
DA:98,0
DA:99,0
DA:100,0
DA:102,0
DA:103,0
DA:105,0
DA:107,0
DA:109,0
DA:110,0
LF:48
LH:5
BRDA:30,0,0,0
BRDA:30,0,1,0
BRDA:31,1,0,0
BRDA:31,1,1,0
BRDA:44,2,0,0
BRDA:44,2,1,0
BRDA:60,3,0,0
BRDA:60,3,1,0
BRDA:70,4,0,0
BRDA:70,4,1,0
BRDA:70,4,2,0
BRDA:70,4,3,0
BRDA:76,5,0,0
BRDA:76,5,1,0
BRDA:82,6,0,0
BRDA:82,6,1,0
BRF:16
BRH:0
end_of_record
TN:
SF:C:\Users\yanyi\Documents\Collections\CPEN-321\controllers\user\user.js
FN:28,(anonymous_0)
FN:52,(anonymous_1)
FN:116,(anonymous_2)
FN:138,(anonymous_3)
FN:153,(anonymous_4)
FN:175,(anonymous_5)
FN:204,(anonymous_6)
FN:226,(anonymous_7)
FN:249,(anonymous_8)
FN:272,(anonymous_9)
FN:294,(anonymous_10)
FN:316,(anonymous_11)
FN:336,(anonymous_12)
FN:368,(anonymous_13)
FN:418,(anonymous_14)
FN:419,(anonymous_15)
FN:435,(anonymous_16)
FN:455,(anonymous_17)
FN:482,(anonymous_18)
FN:488,(anonymous_19)
FNF:20
FNH:11
FNDA:7,(anonymous_0)
FNDA:9,(anonymous_1)
FNDA:4,(anonymous_2)
FNDA:1,(anonymous_3)
FNDA:3,(anonymous_4)
FNDA:7,(anonymous_5)
FNDA:3,(anonymous_6)
FNDA:5,(anonymous_7)
FNDA:5,(anonymous_8)
FNDA:5,(anonymous_9)
FNDA:5,(anonymous_10)
FNDA:0,(anonymous_11)
FNDA:0,(anonymous_12)
FNDA:0,(anonymous_13)
FNDA:0,(anonymous_14)
FNDA:0,(anonymous_15)
FNDA:0,(anonymous_16)
FNDA:0,(anonymous_17)
FNDA:0,(anonymous_18)
FNDA:0,(anonymous_19)
DA:5,4
DA:6,4
DA:7,4
DA:8,4
DA:9,4
DA:10,4
DA:11,4
DA:12,4
DA:13,4
DA:14,4
DA:15,4
DA:17,4
DA:18,4
DA:20,4
DA:28,4
DA:29,7
DA:30,2
DA:33,5
DA:34,5
DA:36,2
DA:37,2
DA:39,3
DA:40,2
DA:42,1
DA:43,1
DA:52,4
DA:53,9
DA:55,3
DA:57,6
DA:58,6
DA:71,6
DA:74,6
DA:75,3
DA:76,3
DA:80,3
DA:81,3
DA:83,0
DA:84,0
DA:87,3
DA:88,2
DA:89,2
DA:93,1
DA:94,1
DA:96,0
DA:97,0
DA:101,1
DA:102,1
DA:103,1
DA:104,1
DA:106,0
DA:107,0
DA:116,4
DA:117,4
DA:118,1
DA:122,3
DA:123,3
DA:126,1
DA:128,2
DA:129,2
DA:138,4
DA:139,1
DA:140,1
DA:141,1
DA:143,0
DA:144,0
DA:153,4
DA:154,3
DA:155,1
DA:158,2
DA:159,2
DA:160,1
DA:161,1
DA:163,1
DA:164,1
DA:175,4
DA:176,7
DA:177,3
DA:180,4
DA:181,1
DA:183,3
DA:184,1
DA:188,2
DA:189,2
DA:192,1
DA:194,1
DA:195,1
DA:204,4
DA:205,3
DA:206,1
DA:209,2
DA:210,2
DA:212,1
DA:213,1
DA:215,1
DA:216,1
DA:217,1
DA:226,4
DA:227,5
DA:228,2
DA:230,3
DA:232,3
DA:233,2
DA:234,1
DA:235,1
DA:237,2
DA:238,2
DA:249,4
DA:250,5
DA:251,2
DA:253,3
DA:255,3
DA:256,2
DA:257,1
DA:258,1
DA:260,2
DA:261,2
DA:272,4
DA:273,5
DA:274,2
DA:276,3
DA:277,3
DA:278,2
DA:279,1
DA:280,1
DA:282,2
DA:283,2
DA:294,4
DA:295,5
DA:296,2
DA:298,3
DA:299,3
DA:300,2
DA:301,1
DA:302,1
DA:304,2
DA:305,2
DA:316,4
DA:317,0
DA:318,0
DA:319,0
DA:320,0
DA:321,0
DA:323,0
DA:324,0
DA:336,4
DA:337,0
DA:338,0
DA:339,0
DA:343,0
DA:344,0
DA:345,0
DA:347,0
DA:348,0
DA:350,0
DA:351,0
DA:352,0
DA:354,0
DA:355,0
DA:356,0
DA:357,0
DA:359,0
DA:360,0
DA:368,4
DA:369,0
DA:370,0
DA:373,0
DA:376,0
DA:377,0
DA:378,0
DA:381,0
DA:387,0
DA:388,0
DA:390,0
DA:391,0
DA:395,0
DA:396,0
DA:398,0
DA:399,0
DA:403,0
DA:404,0
DA:405,0
DA:406,0
DA:407,0
DA:409,0
DA:410,0
DA:418,4
DA:419,0
DA:420,0
DA:421,0
DA:423,0
DA:425,0
DA:426,0
DA:427,0
DA:428,0
DA:435,4
DA:437,0
DA:438,0
DA:442,0
DA:443,0
DA:445,0
DA:446,0
DA:447,0
DA:448,0
DA:455,4
DA:456,0
DA:465,0
DA:467,0
DA:473,0
DA:474,0
DA:477,0
DA:483,0
DA:484,0
DA:485,0
DA:487,0
DA:488,0
DA:489,0
DA:491,0
DA:492,0
DA:496,0
LF:219
LH:134
BRDA:29,0,0,2
BRDA:29,0,1,5
BRDA:39,1,0,2
BRDA:39,1,1,1
BRDA:53,2,0,3
BRDA:53,2,1,6
BRDA:74,3,0,3
BRDA:74,3,1,3
BRDA:87,4,0,2
BRDA:87,4,1,1
BRDA:101,5,0,1
BRDA:101,5,1,0
BRDA:117,6,0,1
BRDA:117,6,1,3
BRDA:154,7,0,1
BRDA:154,7,1,2
BRDA:176,8,0,3
BRDA:176,8,1,4
BRDA:180,9,0,1
BRDA:180,9,1,3
BRDA:180,10,0,4
BRDA:180,10,1,4
BRDA:183,11,0,1
BRDA:183,11,1,2
BRDA:183,12,0,3
BRDA:183,12,1,2
BRDA:205,13,0,1
BRDA:205,13,1,2
BRDA:227,14,0,2
BRDA:227,14,1,3
BRDA:250,15,0,2
BRDA:250,15,1,3
BRDA:273,16,0,2
BRDA:273,16,1,3
BRDA:295,17,0,2
BRDA:295,17,1,3
BRDA:337,18,0,0
BRDA:337,18,1,0
BRDA:350,19,0,0
BRDA:350,19,1,0
BRDA:369,20,0,0
BRDA:369,20,1,0
BRDA:376,21,0,0
BRDA:376,21,1,0
BRDA:376,22,0,0
BRDA:376,22,1,0
BRDA:420,23,0,0
BRDA:420,23,1,0
BRDA:421,24,0,0
BRDA:421,24,1,0
BRDA:483,25,0,0
BRDA:483,25,1,0
BRDA:489,26,0,0
BRDA:489,26,1,0
BRDA:491,27,0,0
BRDA:491,27,1,0
BRF:56
BRH:35
end_of_record
TN:
SF:C:\Users\yanyi\Documents\Collections\CPEN-321\core\preference.js
FN:17,(anonymous_0)
FN:20,(anonymous_1)
FN:24,(anonymous_2)
FN:27,(anonymous_3)
FN:37,(anonymous_4)
FN:44,notCollided
FN:60,dateValidation
FN:91,(anonymous_7)
FN:97,(anonymous_8)
FN:109,(anonymous_9)
FNF:10
FNH:0
FNDA:0,(anonymous_0)
FNDA:0,(anonymous_1)
FNDA:0,(anonymous_2)
FNDA:0,(anonymous_3)
FNDA:0,(anonymous_4)
FNDA:0,notCollided
FNDA:0,dateValidation
FNDA:0,(anonymous_7)
FNDA:0,(anonymous_8)
FNDA:0,(anonymous_9)
DA:1,4
DA:2,4
DA:3,4
DA:4,4
DA:5,4
DA:12,4
DA:17,4
DA:19,0
DA:20,0
DA:21,0
DA:22,0
DA:24,0
DA:25,0
DA:27,0
DA:28,0
DA:35,0
DA:36,0
DA:37,0
DA:39,0
DA:40,0
DA:46,0
DA:50,0
DA:51,0
DA:52,0
DA:53,0
DA:54,0
DA:57,0
DA:61,0
DA:62,0
DA:63,0
DA:65,0
DA:66,0
DA:67,0
DA:70,0
DA:71,0
DA:72,0
DA:74,0
DA:75,0
DA:76,0
DA:78,0
DA:79,0
DA:82,0
DA:83,0
DA:84,0
DA:91,4
DA:92,0
DA:93,0
DA:94,0
DA:95,0
DA:97,0
DA:98,0
DA:99,0
DA:101,0
DA:102,0
DA:103,0
DA:104,0
DA:105,0
DA:106,0
DA:109,0
DA:111,0
DA:112,0
LF:61
LH:8
BRDA:21,0,0,0
BRDA:21,0,1,0
BRDA:22,1,0,0
BRDA:22,1,1,0
BRDA:25,2,0,0
BRDA:25,2,1,0
BRDA:53,3,0,0
BRDA:53,3,1,0
BRDA:61,4,0,0
BRDA:61,4,1,0
BRDA:61,5,0,0
BRDA:61,5,1,0
BRDA:65,6,0,0
BRDA:65,6,1,0
BRDA:65,7,0,0
BRDA:65,7,1,0
BRDA:70,8,0,0
BRDA:70,8,1,0
BRDA:74,9,0,0
BRDA:74,9,1,0
BRDA:78,10,0,0
BRDA:78,10,1,0
BRDA:82,11,0,0
BRDA:82,11,1,0
BRDA:94,12,0,0
BRDA:94,12,1,0
BRDA:98,13,0,0
BRDA:98,13,1,0
BRDA:99,14,0,0
BRDA:99,14,1,0
BRDA:105,15,0,0
BRDA:105,15,1,0
BRF:32
BRH:0
end_of_record
TN:
SF:C:\Users\yanyi\Documents\Collections\CPEN-321\core\suggestion.js
FN:17,(anonymous_0)
FN:21,(anonymous_1)
FN:34,(anonymous_2)
FNF:3
FNH:0
FNDA:0,(anonymous_0)
FNDA:0,(anonymous_1)
FNDA:0,(anonymous_2)
DA:1,4
DA:2,4
DA:3,4
DA:4,4
DA:5,4
DA:12,4
DA:17,4
DA:19,0
DA:20,0
DA:21,0
DA:23,0
DA:24,0
DA:26,0
DA:33,0
DA:34,0
LF:15
LH:7
BRDA:23,0,0,0
BRDA:23,0,1,0
BRF:2
BRH:0
end_of_record
TN:
SF:C:\Users\yanyi\Documents\Collections\CPEN-321\db\models\calendar.js
FN:41,(anonymous_0)
FN:42,(anonymous_1)
FN:43,(anonymous_2)
FN:53,(anonymous_3)
FN:54,(anonymous_4)
FN:55,(anonymous_5)
FN:65,(anonymous_6)
FN:66,(anonymous_7)
FN:70,(anonymous_8)
FN:79,(anonymous_9)
FN:94,(anonymous_10)
FN:95,(anonymous_11)
FN:97,(anonymous_12)
FN:109,(anonymous_13)
FNF:14
FNH:0
FNDA:0,(anonymous_0)
FNDA:0,(anonymous_1)
FNDA:0,(anonymous_2)
FNDA:0,(anonymous_3)
FNDA:0,(anonymous_4)
FNDA:0,(anonymous_5)
FNDA:0,(anonymous_6)
FNDA:0,(anonymous_7)
FNDA:0,(anonymous_8)
FNDA:0,(anonymous_9)
FNDA:0,(anonymous_10)
FNDA:0,(anonymous_11)
FNDA:0,(anonymous_12)
FNDA:0,(anonymous_13)
DA:6,5
DA:7,5
DA:9,5
DA:12,5
DA:41,5
DA:42,0
DA:43,0
DA:44,0
DA:47,0
DA:53,5
DA:54,0
DA:55,0
DA:56,0
DA:57,0
DA:59,0
DA:65,5
DA:66,0
DA:67,0
DA:71,0
DA:72,0
DA:73,0
DA:75,0
DA:76,0
DA:80,0
DA:81,0
DA:82,0
DA:84,0
DA:94,5
DA:95,0
DA:96,0
DA:98,0
DA:99,0
DA:100,0
DA:102,0
DA:103,0
DA:105,0
DA:106,0
DA:110,0
DA:111,0
DA:112,0
DA:114,0
DA:115,0
DA:117,0
DA:124,5
DA:126,5
DA:127,5
LF:46
LH:11
BRDA:44,0,0,0
BRDA:44,0,1,0
BRDA:56,1,0,0
BRDA:56,1,1,0
BRDA:71,2,0,0
BRDA:71,2,1,0
BRDA:80,3,0,0
BRDA:80,3,1,0
BRDA:98,4,0,0
BRDA:98,4,1,0
BRDA:102,5,0,0
BRDA:102,5,1,0
BRDA:110,6,0,0
BRDA:110,6,1,0
BRDA:114,7,0,0
BRDA:114,7,1,0
BRF:16
BRH:0
end_of_record
TN:
SF:C:\Users\yanyi\Documents\Collections\CPEN-321\db\models\event.js
FN:64,(anonymous_0)
FN:65,(anonymous_1)
FN:66,(anonymous_2)
FN:79,(anonymous_3)
FN:80,(anonymous_4)
FN:81,(anonymous_5)
FN:94,(anonymous_6)
FN:105,(anonymous_7)
FNF:8
FNH:0
FNDA:0,(anonymous_0)
FNDA:0,(anonymous_1)
FNDA:0,(anonymous_2)
FNDA:0,(anonymous_3)
FNDA:0,(anonymous_4)
FNDA:0,(anonymous_5)
FNDA:0,(anonymous_6)
FNDA:0,(anonymous_7)
DA:7,5
DA:9,5
DA:11,5
DA:64,5
DA:65,0
DA:66,0
DA:67,0
DA:68,0
DA:70,0
DA:79,5
DA:80,0
DA:81,0
DA:82,0
DA:83,0
DA:84,0
DA:86,0
DA:94,5
DA:95,0
DA:96,0
DA:98,0
DA:105,5
DA:106,0
DA:107,0
DA:109,0
DA:110,0
DA:111,0
DA:112,0
DA:115,0
DA:116,0
DA:117,0
DA:118,0
DA:122,5
DA:123,5
DA:124,5
LF:34
LH:10
BRDA:67,0,0,0
BRDA:67,0,1,0
BRDA:82,1,0,0
BRDA:82,1,1,0
BRDA:95,2,0,0
BRDA:95,2,1,0
BRDA:95,3,0,0
BRDA:95,3,1,0
BRDA:98,4,0,0
BRDA:98,4,1,0
BRDA:106,5,0,0
BRDA:106,5,1,0
BRDA:106,6,0,0
BRDA:106,6,1,0
BRDA:115,7,0,0
BRDA:115,7,1,0
BRDA:116,8,0,0
BRDA:116,8,1,0
BRDA:117,9,0,0
BRDA:117,9,1,0
BRDA:118,10,0,0
BRDA:118,10,1,0
BRDA:118,10,2,0
BRF:23
BRH:0
end_of_record
TN:
SF:C:\Users\yanyi\Documents\Collections\CPEN-321\db\models\group.js
FN:31,(anonymous_0)
FN:32,(anonymous_1)
FN:39,(anonymous_2)
FN:53,(anonymous_3)
FN:54,(anonymous_4)
FN:55,(anonymous_5)
FNF:6
FNH:0
FNDA:0,(anonymous_0)
FNDA:0,(anonymous_1)
FNDA:0,(anonymous_2)
FNDA:0,(anonymous_3)
FNDA:0,(anonymous_4)
FNDA:0,(anonymous_5)
DA:1,5
DA:2,5
DA:3,5
DA:4,5
DA:7,5
DA:31,5
DA:32,0
DA:33,0
DA:40,0
DA:41,0
DA:42,0
DA:44,0
DA:53,5
DA:54,0
DA:55,0
DA:56,0
DA:57,0
DA:59,0
DA:60,0
DA:66,5
DA:68,5
DA:69,5
LF:22
LH:10
BRDA:40,0,0,0
BRDA:40,0,1,0
BRDA:56,1,0,0
BRDA:56,1,1,0
BRF:4
BRH:0
end_of_record
TN:
SF:C:\Users\yanyi\Documents\Collections\CPEN-321\db\models\user.js
FN:22,(anonymous_0)
FN:29,(anonymous_1)
FN:39,(anonymous_2)
FN:46,(anonymous_3)
FN:77,(anonymous_4)
FN:77,(anonymous_5)
FN:116,(anonymous_6)
FN:116,(anonymous_7)
FN:130,(anonymous_8)
FN:146,(anonymous_9)
FN:159,(anonymous_10)
FN:166,(anonymous_11)
FN:167,(anonymous_12)
FN:168,(anonymous_13)
FN:181,(anonymous_14)
FN:182,(anonymous_15)
FN:183,(anonymous_16)
FN:192,(anonymous_17)
FN:193,(anonymous_18)
FN:197,(anonymous_19)
FN:209,(anonymous_20)
FN:223,(anonymous_21)
FN:235,(anonymous_22)
FN:236,(anonymous_23)
FN:240,(anonymous_24)
FN:249,(anonymous_25)
FN:260,(anonymous_26)
FN:261,(anonymous_27)
FN:265,(anonymous_28)
FN:274,(anonymous_29)
FN:285,(anonymous_30)
FN:286,(anonymous_31)
FN:290,(anonymous_32)
FN:299,(anonymous_33)
FN:310,(anonymous_34)
FN:311,(anonymous_35)
FN:315,(anonymous_36)
FN:324,(anonymous_37)
FN:335,(anonymous_38)
FN:336,(anonymous_39)
FN:340,(anonymous_40)
FN:349,(anonymous_41)
FNF:42
FNH:27
FNDA:182,(anonymous_0)
FNDA:182,(anonymous_1)
FNDA:182,(anonymous_2)
FNDA:182,(anonymous_3)
FNDA:0,(anonymous_4)
FNDA:0,(anonymous_5)
FNDA:0,(anonymous_6)
FNDA:0,(anonymous_7)
FNDA:176,(anonymous_8)
FNDA:0,(anonymous_9)
FNDA:0,(anonymous_10)
FNDA:1,(anonymous_11)
FNDA:1,(anonymous_12)
FNDA:1,(anonymous_13)
FNDA:1,(anonymous_14)
FNDA:1,(anonymous_15)
FNDA:1,(anonymous_16)
FNDA:0,(anonymous_17)
FNDA:0,(anonymous_18)
FNDA:0,(anonymous_19)
FNDA:0,(anonymous_20)
FNDA:0,(anonymous_21)
FNDA:0,(anonymous_22)
FNDA:0,(anonymous_23)
FNDA:0,(anonymous_24)
FNDA:0,(anonymous_25)
FNDA:21,(anonymous_26)
FNDA:21,(anonymous_27)
FNDA:21,(anonymous_28)
FNDA:21,(anonymous_29)
FNDA:1,(anonymous_30)
FNDA:1,(anonymous_31)
FNDA:1,(anonymous_32)
FNDA:1,(anonymous_33)
FNDA:14,(anonymous_34)
FNDA:14,(anonymous_35)
FNDA:14,(anonymous_36)
FNDA:14,(anonymous_37)
FNDA:1,(anonymous_38)
FNDA:1,(anonymous_39)
FNDA:1,(anonymous_40)
FNDA:1,(anonymous_41)
DA:7,5
DA:8,5
DA:9,5
DA:11,5
DA:12,5
DA:13,5
DA:14,5
DA:16,5
DA:22,182
DA:29,182
DA:39,182
DA:46,182
DA:77,0
DA:78,0
DA:79,0
DA:80,0
DA:82,0
DA:116,0
DA:117,0
DA:118,0
DA:119,0
DA:121,0
DA:130,5
DA:131,176
DA:133,176
DA:134,176
DA:137,176
DA:139,0
DA:146,5
DA:147,0
DA:148,0
DA:149,0
DA:151,0
DA:159,5
DA:160,0
DA:166,5
DA:167,1
DA:168,1
DA:169,1
DA:170,0
DA:171,0
DA:173,1
DA:181,5
DA:182,1
DA:183,1
DA:184,1
DA:185,0
DA:187,1
DA:192,5
DA:193,0
DA:194,0
DA:198,0
DA:199,0
DA:200,0
DA:202,0
DA:203,0
DA:204,0
DA:210,0
DA:211,0
DA:212,0
DA:214,0
DA:217,0
DA:224,0
DA:225,0
DA:226,0
DA:228,0
DA:235,5
DA:236,0
DA:237,0
DA:241,0
DA:242,0
DA:243,0
DA:245,0
DA:246,0
DA:250,0
DA:251,0
DA:252,0
DA:254,0
DA:260,5
DA:261,21
DA:262,21
DA:266,21
DA:267,0
DA:268,0
DA:270,21
DA:271,21
DA:275,21
DA:276,0
DA:277,0
DA:279,21
DA:285,5
DA:286,1
DA:287,1
DA:291,1
DA:292,0
DA:293,0
DA:295,1
DA:296,1
DA:300,1
DA:301,0
DA:302,0
DA:304,1
DA:310,5
DA:311,14
DA:312,14
DA:316,14
DA:317,0
DA:318,0
DA:320,14
DA:321,14
DA:325,14
DA:326,0
DA:327,0
DA:329,14
DA:335,5
DA:336,1
DA:337,1
DA:341,1
DA:342,0
DA:343,0
DA:345,1
DA:346,1
DA:350,1
DA:351,0
DA:352,0
DA:354,1
DA:360,5
DA:362,5
DA:364,5
LF:129
LH:66
BRDA:78,0,0,0
BRDA:78,0,1,0
BRDA:79,1,0,0
BRDA:79,1,1,0
BRDA:117,2,0,0
BRDA:117,2,1,0
BRDA:118,3,0,0
BRDA:118,3,1,0
BRDA:169,4,0,0
BRDA:169,4,1,1
BRDA:184,5,0,0
BRDA:184,5,1,1
BRDA:198,6,0,0
BRDA:198,6,1,0
BRDA:203,7,0,0
BRDA:203,7,1,0
BRDA:210,8,0,0
BRDA:210,8,1,0
BRDA:224,9,0,0
BRDA:224,9,1,0
BRDA:241,10,0,0
BRDA:241,10,1,0
BRDA:250,11,0,0
BRDA:250,11,1,0
BRDA:266,12,0,0
BRDA:266,12,1,21
BRDA:275,13,0,0
BRDA:275,13,1,21
BRDA:291,14,0,0
BRDA:291,14,1,1
BRDA:300,15,0,0
BRDA:300,15,1,1
BRDA:316,16,0,0
BRDA:316,16,1,14
BRDA:325,17,0,0
BRDA:325,17,1,14
BRDA:341,18,0,0
BRDA:341,18,1,1
BRDA:350,19,0,0
BRDA:350,19,1,1
BRF:40
BRH:10
end_of_record
TN:
SF:C:\Users\yanyi\Documents\Collections\CPEN-321\db\plugins\timeStampUpdate.js
FN:1,timestamp
FN:9,(anonymous_1)
FNF:2
FNH:2
FNDA:20,timestamp
FNDA:196,(anonymous_1)
DA:1,5
DA:3,20
DA:9,20
DA:10,196
DA:12,196
DA:14,196
DA:15,196
DA:18,196
LF:8
LH:8
BRDA:14,0,0,196
BRDA:14,0,1,0
BRF:2
BRH:1
end_of_record
TN:
SF:C:\Users\yanyi\Documents\Collections\CPEN-321\test\unit_test\db_handler.js
FN:11,(anonymous_0)
FN:29,(anonymous_1)
FN:38,(anonymous_2)
FNF:3
FNH:3
FNDA:4,(anonymous_0)
FNDA:4,(anonymous_1)
FNDA:8,(anonymous_2)
DA:3,4
DA:4,4
DA:6,4
DA:11,4
DA:12,4
DA:13,4
DA:15,4
DA:22,4
DA:29,4
DA:30,4
DA:31,4
DA:32,4
DA:38,4
DA:39,8
DA:41,8
DA:42,32
DA:43,32
LF:17
LH:17
BRF:0
BRH:0
end_of_record
