TN:
SF:/home/yiyi/Documents/CPEN-321/db/models/calendar.js
FN:46,(anonymous_0)
FN:47,(anonymous_1)
FN:48,(anonymous_2)
FN:58,(anonymous_3)
FN:59,(anonymous_4)
FN:60,(anonymous_5)
FNF:6
FNH:0
FNDA:0,(anonymous_0)
FNDA:0,(anonymous_1)
FNDA:0,(anonymous_2)
FNDA:0,(anonymous_3)
FNDA:0,(anonymous_4)
FNDA:0,(anonymous_5)
DA:6,1
DA:7,1
DA:9,1
DA:12,1
DA:46,1
DA:47,0
DA:48,0
DA:49,0
DA:52,0
DA:58,1
DA:59,0
DA:60,0
DA:61,0
DA:62,0
DA:65,0
DA:70,1
DA:71,1
DA:73,1
DA:74,1
LF:19
LH:10
BRDA:49,0,0,0
BRDA:49,0,1,0
BRDA:61,1,0,0
BRDA:61,1,1,0
BRF:4
BRH:0
end_of_record
TN:
SF:/home/yiyi/Documents/CPEN-321/db/models/event.js
FN:74,(anonymous_0)
FN:75,(anonymous_1)
FN:76,(anonymous_2)
FN:88,(anonymous_3)
FN:89,(anonymous_4)
FN:90,(anonymous_5)
FN:103,(anonymous_6)
FN:114,(anonymous_7)
FNF:8
FNH:0
FNDA:0,(anonymous_0)
FNDA:0,(anonymous_1)
FNDA:0,(anonymous_2)
FNDA:0,(anonymous_3)
FNDA:0,(anonymous_4)
FNDA:0,(anonymous_5)
FNDA:0,(anonymous_6)
FNDA:0,(anonymous_7)
DA:7,1
DA:9,1
DA:11,1
DA:74,1
DA:75,0
DA:76,0
DA:77,0
DA:78,0
DA:80,0
DA:88,1
DA:89,0
DA:90,0
DA:91,0
DA:92,0
DA:93,0
DA:95,0
DA:103,1
DA:104,0
DA:105,0
DA:107,0
DA:114,1
DA:115,0
DA:116,0
DA:119,0
DA:123,1
DA:124,1
DA:125,1
LF:27
LH:10
BRDA:77,0,0,0
BRDA:77,0,1,0
BRDA:91,1,0,0
BRDA:91,1,1,0
BRDA:104,2,0,0
BRDA:104,2,1,0
BRDA:104,3,0,0
BRDA:104,3,1,0
BRDA:107,4,0,0
BRDA:107,4,1,0
BRDA:115,5,0,0
BRDA:115,5,1,0
BRDA:119,6,0,0
BRDA:119,6,1,0
BRDA:119,6,2,0
BRDA:119,6,3,0
BRF:16
BRH:0
end_of_record
TN:
SF:/home/yiyi/Documents/CPEN-321/db/models/user.js
FN:19,(anonymous_0)
FN:61,(anonymous_1)
FN:61,(anonymous_2)
FN:100,(anonymous_3)
FN:100,(anonymous_4)
FN:115,(anonymous_5)
FN:122,(anonymous_6)
FN:123,(anonymous_7)
FN:124,(anonymous_8)
FN:137,(anonymous_9)
FN:138,(anonymous_10)
FN:139,(anonymous_11)
FNF:12
FNH:0
FNDA:0,(anonymous_0)
FNDA:0,(anonymous_1)
FNDA:0,(anonymous_2)
FNDA:0,(anonymous_3)
FNDA:0,(anonymous_4)
FNDA:0,(anonymous_5)
FNDA:0,(anonymous_6)
FNDA:0,(anonymous_7)
FNDA:0,(anonymous_8)
FNDA:0,(anonymous_9)
FNDA:0,(anonymous_10)
FNDA:0,(anonymous_11)
DA:7,1
DA:8,1
DA:9,1
DA:11,1
DA:12,1
DA:13,1
DA:15,1
DA:19,0
DA:61,0
DA:62,0
DA:63,0
DA:64,0
DA:66,0
DA:100,0
DA:101,0
DA:102,0
DA:103,0
DA:105,0
DA:115,1
DA:116,0
DA:122,1
DA:123,0
DA:124,0
DA:125,0
DA:126,0
DA:127,0
DA:129,0
DA:137,1
DA:138,0
DA:139,0
DA:140,0
DA:141,0
DA:143,0
DA:148,1
DA:149,1
DA:151,1
DA:153,1
LF:37
LH:14
BRDA:62,0,0,0
BRDA:62,0,1,0
BRDA:63,1,0,0
BRDA:63,1,1,0
BRDA:101,2,0,0
BRDA:101,2,1,0
BRDA:102,3,0,0
BRDA:102,3,1,0
BRDA:125,4,0,0
BRDA:125,4,1,0
BRDA:140,5,0,0
BRDA:140,5,1,0
BRF:12
BRH:0
end_of_record
TN:
SF:/home/yiyi/Documents/CPEN-321/db/plugins/timeStampUpdate.js
FN:1,timestamp
FN:9,(anonymous_1)
FNF:2
FNH:1
FNDA:3,timestamp
FNDA:0,(anonymous_1)
DA:1,1
DA:3,3
DA:9,3
DA:10,0
DA:12,0
DA:14,0
DA:15,0
DA:18,0
LF:8
LH:3
BRDA:14,0,0,0
BRDA:14,0,1,0
BRF:2
BRH:0
end_of_record
